[0.846s] DEBUG:colcon:Command line arguments: ['/usr/bin/colcon', 'build']
[0.846s] DEBUG:colcon:Parsed command line arguments: Namespace(log_base=None, log_level=None, verb_name='build', build_base='build', install_base='install', merge_install=False, symlink_install=False, test_result_base=None, continue_on_error=False, executor='parallel', parallel_workers=8, event_handlers=None, ignore_user_meta=False, metas=['./colcon.meta'], base_paths=['.'], packages_ignore=None, packages_ignore_regex=None, paths=None, packages_up_to=None, packages_up_to_regex=None, packages_above=None, packages_above_and_dependencies=None, packages_above_depth=None, packages_select_by_dep=None, packages_skip_by_dep=None, packages_skip_up_to=None, packages_select_build_failed=False, packages_skip_build_finished=False, packages_select_test_failures=False, packages_skip_test_passed=False, packages_select=None, packages_skip=None, packages_select_regex=None, packages_skip_regex=None, packages_start=None, packages_end=None, allow_overriding=[], cmake_args=None, cmake_target=None, cmake_target_skip_unavailable=False, cmake_clean_cache=False, cmake_clean_first=False, cmake_force_configure=False, ament_cmake_args=None, catkin_cmake_args=None, catkin_skip_building_tests=False, verb_parser=<colcon_defaults.argument_parser.defaults.DefaultArgumentsDecorator object at 0x7f2b1989e0b0>, verb_extension=<colcon_core.verb.build.BuildVerb object at 0x7f2b19890940>, main=<bound method BuildVerb.main of <colcon_core.verb.build.BuildVerb object at 0x7f2b19890940>>)
[0.887s] Level 1:colcon.colcon_core.package_discovery:discover_packages(colcon_meta) check parameters
[0.887s] Level 1:colcon.colcon_core.package_discovery:discover_packages(recursive) check parameters
[0.887s] Level 1:colcon.colcon_core.package_discovery:discover_packages(ignore) check parameters
[0.887s] Level 1:colcon.colcon_core.package_discovery:discover_packages(path) check parameters
[0.887s] Level 1:colcon.colcon_core.package_discovery:discover_packages(colcon_meta) discover
[0.887s] Level 1:colcon.colcon_core.package_discovery:discover_packages(recursive) discover
[0.887s] INFO:colcon.colcon_core.package_discovery:Crawling recursively for packages in '/home/lhy/ws00_helloworld/src'
[0.887s] Level 1:colcon.colcon_core.package_identification:_identify(.) by extensions ['ignore', 'ignore_ament_install']
[0.887s] Level 1:colcon.colcon_core.package_identification:_identify(.) by extension 'ignore'
[0.887s] Level 1:colcon.colcon_core.package_identification:_identify(.) by extension 'ignore_ament_install'
[0.887s] Level 1:colcon.colcon_core.package_identification:_identify(.) by extensions ['colcon_pkg']
[0.887s] Level 1:colcon.colcon_core.package_identification:_identify(.) by extension 'colcon_pkg'
[0.887s] Level 1:colcon.colcon_core.package_identification:_identify(.) by extensions ['colcon_meta']
[0.887s] Level 1:colcon.colcon_core.package_identification:_identify(.) by extension 'colcon_meta'
[0.887s] Level 1:colcon.colcon_core.package_identification:_identify(.) by extensions ['ros']
[0.887s] Level 1:colcon.colcon_core.package_identification:_identify(.) by extension 'ros'
[0.897s] Level 1:colcon.colcon_core.package_identification:_identify(.) by extensions ['cmake', 'python']
[0.897s] Level 1:colcon.colcon_core.package_identification:_identify(.) by extension 'cmake'
[0.897s] Level 1:colcon.colcon_core.package_identification:_identify(.) by extension 'python'
[0.897s] Level 1:colcon.colcon_core.package_identification:_identify(.) by extensions ['python_setup_py']
[0.897s] Level 1:colcon.colcon_core.package_identification:_identify(.) by extension 'python_setup_py'
[0.897s] Level 1:colcon.colcon_core.package_identification:_identify(build) by extensions ['ignore', 'ignore_ament_install']
[0.897s] Level 1:colcon.colcon_core.package_identification:_identify(build) by extension 'ignore'
[0.897s] Level 1:colcon.colcon_core.package_identification:_identify(build) ignored
[0.897s] Level 1:colcon.colcon_core.package_identification:_identify(install) by extensions ['ignore', 'ignore_ament_install']
[0.897s] Level 1:colcon.colcon_core.package_identification:_identify(install) by extension 'ignore'
[0.898s] Level 1:colcon.colcon_core.package_identification:_identify(install) ignored
[0.898s] Level 1:colcon.colcon_core.package_identification:_identify(log) by extensions ['ignore', 'ignore_ament_install']
[0.898s] Level 1:colcon.colcon_core.package_identification:_identify(log) by extension 'ignore'
[0.898s] Level 1:colcon.colcon_core.package_identification:_identify(log) ignored
[0.898s] Level 1:colcon.colcon_core.package_identification:_identify(pkg01_helloworld_cpp) by extensions ['ignore', 'ignore_ament_install']
[0.898s] Level 1:colcon.colcon_core.package_identification:_identify(pkg01_helloworld_cpp) by extension 'ignore'
[0.898s] Level 1:colcon.colcon_core.package_identification:_identify(pkg01_helloworld_cpp) by extension 'ignore_ament_install'
[0.898s] Level 1:colcon.colcon_core.package_identification:_identify(pkg01_helloworld_cpp) by extensions ['colcon_pkg']
[0.898s] Level 1:colcon.colcon_core.package_identification:_identify(pkg01_helloworld_cpp) by extension 'colcon_pkg'
[0.898s] Level 1:colcon.colcon_core.package_identification:_identify(pkg01_helloworld_cpp) by extensions ['colcon_meta']
[0.898s] Level 1:colcon.colcon_core.package_identification:_identify(pkg01_helloworld_cpp) by extension 'colcon_meta'
[0.898s] Level 1:colcon.colcon_core.package_identification:_identify(pkg01_helloworld_cpp) by extensions ['ros']
[0.898s] Level 1:colcon.colcon_core.package_identification:_identify(pkg01_helloworld_cpp) by extension 'ros'
[0.901s] DEBUG:colcon.colcon_core.package_identification:Package 'pkg01_helloworld_cpp' with type 'ros.ament_cmake' and name 'pkg01_helloworld_cpp'
[0.901s] Level 1:colcon.colcon_core.package_identification:_identify(pkg02_helloworld_py) by extensions ['ignore', 'ignore_ament_install']
[0.901s] Level 1:colcon.colcon_core.package_identification:_identify(pkg02_helloworld_py) by extension 'ignore'
[0.901s] Level 1:colcon.colcon_core.package_identification:_identify(pkg02_helloworld_py) by extension 'ignore_ament_install'
[0.901s] Level 1:colcon.colcon_core.package_identification:_identify(pkg02_helloworld_py) by extensions ['colcon_pkg']
[0.901s] Level 1:colcon.colcon_core.package_identification:_identify(pkg02_helloworld_py) by extension 'colcon_pkg'
[0.901s] Level 1:colcon.colcon_core.package_identification:_identify(pkg02_helloworld_py) by extensions ['colcon_meta']
[0.901s] Level 1:colcon.colcon_core.package_identification:_identify(pkg02_helloworld_py) by extension 'colcon_meta'
[0.901s] Level 1:colcon.colcon_core.package_identification:_identify(pkg02_helloworld_py) by extensions ['ros']
[0.901s] Level 1:colcon.colcon_core.package_identification:_identify(pkg02_helloworld_py) by extension 'ros'
[0.902s] DEBUG:colcon.colcon_core.package_identification:Package 'pkg02_helloworld_py' with type 'ros.ament_python' and name 'pkg02_helloworld_py'
[0.902s] Level 1:colcon.colcon_core.package_discovery:discover_packages(recursive) using defaults
[0.902s] Level 1:colcon.colcon_core.package_discovery:discover_packages(ignore) discover
[0.902s] Level 1:colcon.colcon_core.package_discovery:discover_packages(ignore) using defaults
[0.902s] Level 1:colcon.colcon_core.package_discovery:discover_packages(path) discover
[0.902s] Level 1:colcon.colcon_core.package_discovery:discover_packages(path) using defaults
[0.981s] Level 1:colcon.colcon_core.package_discovery:discover_packages(prefix_path) check parameters
[0.981s] Level 1:colcon.colcon_core.package_discovery:discover_packages(prefix_path) discover
[1.006s] DEBUG:colcon.colcon_installed_package_information.package_discovery:Found 1 installed packages in /home/lhy/ws00_helloworld/install
[1.019s] DEBUG:colcon.colcon_installed_package_information.package_discovery:Found 274 installed packages in /opt/ros/humble
[1.020s] Level 1:colcon.colcon_core.package_discovery:discover_packages(prefix_path) using defaults
[1.105s] Level 5:colcon.colcon_core.verb:set package 'pkg01_helloworld_cpp' build argument 'cmake_args' from command line to 'None'
[1.105s] Level 5:colcon.colcon_core.verb:set package 'pkg01_helloworld_cpp' build argument 'cmake_target' from command line to 'None'
[1.105s] Level 5:colcon.colcon_core.verb:set package 'pkg01_helloworld_cpp' build argument 'cmake_target_skip_unavailable' from command line to 'False'
[1.105s] Level 5:colcon.colcon_core.verb:set package 'pkg01_helloworld_cpp' build argument 'cmake_clean_cache' from command line to 'False'
[1.105s] Level 5:colcon.colcon_core.verb:set package 'pkg01_helloworld_cpp' build argument 'cmake_clean_first' from command line to 'False'
[1.105s] Level 5:colcon.colcon_core.verb:set package 'pkg01_helloworld_cpp' build argument 'cmake_force_configure' from command line to 'False'
[1.105s] Level 5:colcon.colcon_core.verb:set package 'pkg01_helloworld_cpp' build argument 'ament_cmake_args' from command line to 'None'
[1.105s] Level 5:colcon.colcon_core.verb:set package 'pkg01_helloworld_cpp' build argument 'catkin_cmake_args' from command line to 'None'
[1.105s] Level 5:colcon.colcon_core.verb:set package 'pkg01_helloworld_cpp' build argument 'catkin_skip_building_tests' from command line to 'False'
[1.105s] DEBUG:colcon.colcon_core.verb:Building package 'pkg01_helloworld_cpp' with the following arguments: {'ament_cmake_args': None, 'build_base': '/home/lhy/ws00_helloworld/src/build/pkg01_helloworld_cpp', 'catkin_cmake_args': None, 'catkin_skip_building_tests': False, 'cmake_args': None, 'cmake_clean_cache': False, 'cmake_clean_first': False, 'cmake_force_configure': False, 'cmake_target': None, 'cmake_target_skip_unavailable': False, 'install_base': '/home/lhy/ws00_helloworld/src/install/pkg01_helloworld_cpp', 'merge_install': False, 'path': '/home/lhy/ws00_helloworld/src/pkg01_helloworld_cpp', 'symlink_install': False, 'test_result_base': None}
[1.117s] Level 5:colcon.colcon_core.verb:set package 'pkg02_helloworld_py' build argument 'cmake_args' from command line to 'None'
[1.118s] Level 5:colcon.colcon_core.verb:set package 'pkg02_helloworld_py' build argument 'cmake_target' from command line to 'None'
[1.118s] Level 5:colcon.colcon_core.verb:set package 'pkg02_helloworld_py' build argument 'cmake_target_skip_unavailable' from command line to 'False'
[1.118s] Level 5:colcon.colcon_core.verb:set package 'pkg02_helloworld_py' build argument 'cmake_clean_cache' from command line to 'False'
[1.118s] Level 5:colcon.colcon_core.verb:set package 'pkg02_helloworld_py' build argument 'cmake_clean_first' from command line to 'False'
[1.118s] Level 5:colcon.colcon_core.verb:set package 'pkg02_helloworld_py' build argument 'cmake_force_configure' from command line to 'False'
[1.118s] Level 5:colcon.colcon_core.verb:set package 'pkg02_helloworld_py' build argument 'ament_cmake_args' from command line to 'None'
[1.118s] Level 5:colcon.colcon_core.verb:set package 'pkg02_helloworld_py' build argument 'catkin_cmake_args' from command line to 'None'
[1.118s] Level 5:colcon.colcon_core.verb:set package 'pkg02_helloworld_py' build argument 'catkin_skip_building_tests' from command line to 'False'
[1.118s] DEBUG:colcon.colcon_core.verb:Building package 'pkg02_helloworld_py' with the following arguments: {'ament_cmake_args': None, 'build_base': '/home/lhy/ws00_helloworld/src/build/pkg02_helloworld_py', 'catkin_cmake_args': None, 'catkin_skip_building_tests': False, 'cmake_args': None, 'cmake_clean_cache': False, 'cmake_clean_first': False, 'cmake_force_configure': False, 'cmake_target': None, 'cmake_target_skip_unavailable': False, 'install_base': '/home/lhy/ws00_helloworld/src/install/pkg02_helloworld_py', 'merge_install': False, 'path': '/home/lhy/ws00_helloworld/src/pkg02_helloworld_py', 'symlink_install': False, 'test_result_base': None}
[1.130s] INFO:colcon.colcon_core.executor:Executing jobs using 'parallel' executor
[1.143s] DEBUG:colcon.colcon_parallel_executor.executor.parallel:run_until_complete
[1.143s] INFO:colcon.colcon_ros.task.ament_cmake.build:Building ROS package in '/home/lhy/ws00_helloworld/src/pkg01_helloworld_cpp' with build type 'ament_cmake'
[1.143s] INFO:colcon.colcon_cmake.task.cmake.build:Building CMake package in '/home/lhy/ws00_helloworld/src/pkg01_helloworld_cpp'
[1.158s] INFO:colcon.colcon_core.plugin_system:Skipping extension 'colcon_core.shell.bat': Not used on non-Windows systems
[1.158s] INFO:colcon.colcon_core.shell:Skip shell extension 'powershell' for command environment: Not usable outside of PowerShell
[1.159s] DEBUG:colcon.colcon_core.shell:Skip shell extension 'dsv' for command environment
[1.200s] INFO:colcon.colcon_ros.task.ament_python.build:Building ROS package in '/home/lhy/ws00_helloworld/src/pkg02_helloworld_py' with build type 'ament_python'
[1.200s] Level 1:colcon.colcon_core.shell:create_environment_hook('pkg02_helloworld_py', 'ament_prefix_path')
[1.218s] INFO:colcon.colcon_core.shell:Creating environment hook '/home/lhy/ws00_helloworld/src/install/pkg02_helloworld_py/share/pkg02_helloworld_py/hook/ament_prefix_path.ps1'
[1.219s] INFO:colcon.colcon_core.shell:Creating environment descriptor '/home/lhy/ws00_helloworld/src/install/pkg02_helloworld_py/share/pkg02_helloworld_py/hook/ament_prefix_path.dsv'
[1.219s] INFO:colcon.colcon_core.shell:Creating environment hook '/home/lhy/ws00_helloworld/src/install/pkg02_helloworld_py/share/pkg02_helloworld_py/hook/ament_prefix_path.sh'
[1.232s] INFO:colcon.colcon_core.shell:Skip shell extension 'powershell' for command environment: Not usable outside of PowerShell
[1.232s] DEBUG:colcon.colcon_core.shell:Skip shell extension 'dsv' for command environment
[1.277s] DEBUG:colcon.colcon_core.event_handler.log_command:Invoking command in '/home/lhy/ws00_helloworld/src/build/pkg01_helloworld_cpp': CMAKE_PREFIX_PATH=${CMAKE_PREFIX_PATH}:/opt/ros/humble /usr/bin/cmake --build /home/lhy/ws00_helloworld/src/build/pkg01_helloworld_cpp -- -j8 -l8
[1.548s] INFO:colcon.colcon_core.task.python.build:Building Python package in '/home/lhy/ws00_helloworld/src/pkg02_helloworld_py'
[1.569s] INFO:colcon.colcon_core.shell:Skip shell extension 'powershell' for command environment: Not usable outside of PowerShell
[1.569s] DEBUG:colcon.colcon_core.shell:Skip shell extension 'dsv' for command environment
[1.616s] DEBUG:colcon.colcon_core.event_handler.log_command:Invoked command in '/home/lhy/ws00_helloworld/src/build/pkg01_helloworld_cpp' returned '0': CMAKE_PREFIX_PATH=${CMAKE_PREFIX_PATH}:/opt/ros/humble /usr/bin/cmake --build /home/lhy/ws00_helloworld/src/build/pkg01_helloworld_cpp -- -j8 -l8
[1.647s] DEBUG:colcon.colcon_core.event_handler.log_command:Invoking command in '/home/lhy/ws00_helloworld/src/build/pkg01_helloworld_cpp': CMAKE_PREFIX_PATH=${CMAKE_PREFIX_PATH}:/opt/ros/humble /usr/bin/cmake --install /home/lhy/ws00_helloworld/src/build/pkg01_helloworld_cpp
[1.656s] Level 1:colcon.colcon_core.environment:create_environment_scripts_only(pkg01_helloworld_cpp)
[1.657s] DEBUG:colcon.colcon_core.event_handler.log_command:Invoked command in '/home/lhy/ws00_helloworld/src/build/pkg01_helloworld_cpp' returned '0': CMAKE_PREFIX_PATH=${CMAKE_PREFIX_PATH}:/opt/ros/humble /usr/bin/cmake --install /home/lhy/ws00_helloworld/src/build/pkg01_helloworld_cpp
[1.681s] Level 1:colcon.colcon_core.environment:checking '/home/lhy/ws00_helloworld/src/install/pkg01_helloworld_cpp' for CMake module files
[1.682s] Level 1:colcon.colcon_core.environment:checking '/home/lhy/ws00_helloworld/src/install/pkg01_helloworld_cpp' for CMake config files
[1.682s] Level 1:colcon.colcon_core.shell:create_environment_hook('pkg01_helloworld_cpp', 'cmake_prefix_path')
[1.694s] INFO:colcon.colcon_core.shell:Creating environment hook '/home/lhy/ws00_helloworld/src/install/pkg01_helloworld_cpp/share/pkg01_helloworld_cpp/hook/cmake_prefix_path.ps1'
[1.695s] INFO:colcon.colcon_core.shell:Creating environment descriptor '/home/lhy/ws00_helloworld/src/install/pkg01_helloworld_cpp/share/pkg01_helloworld_cpp/hook/cmake_prefix_path.dsv'
[1.695s] INFO:colcon.colcon_core.shell:Creating environment hook '/home/lhy/ws00_helloworld/src/install/pkg01_helloworld_cpp/share/pkg01_helloworld_cpp/hook/cmake_prefix_path.sh'
[1.696s] Level 1:colcon.colcon_core.environment:checking '/home/lhy/ws00_helloworld/src/install/pkg01_helloworld_cpp/lib'
[1.696s] Level 1:colcon.colcon_core.environment:checking '/home/lhy/ws00_helloworld/src/install/pkg01_helloworld_cpp/bin'
[1.696s] Level 1:colcon.colcon_core.environment:checking '/home/lhy/ws00_helloworld/src/install/pkg01_helloworld_cpp/lib/pkgconfig/pkg01_helloworld_cpp.pc'
[1.696s] Level 1:colcon.colcon_core.environment:checking '/home/lhy/ws00_helloworld/src/install/pkg01_helloworld_cpp/lib/python3.10/site-packages'
[1.696s] Level 1:colcon.colcon_core.environment:checking '/home/lhy/ws00_helloworld/src/install/pkg01_helloworld_cpp/bin'
[1.709s] INFO:colcon.colcon_core.shell:Creating package script '/home/lhy/ws00_helloworld/src/install/pkg01_helloworld_cpp/share/pkg01_helloworld_cpp/package.ps1'
[1.710s] INFO:colcon.colcon_core.shell:Creating package descriptor '/home/lhy/ws00_helloworld/src/install/pkg01_helloworld_cpp/share/pkg01_helloworld_cpp/package.dsv'
[1.711s] INFO:colcon.colcon_core.shell:Creating package script '/home/lhy/ws00_helloworld/src/install/pkg01_helloworld_cpp/share/pkg01_helloworld_cpp/package.sh'
[1.711s] INFO:colcon.colcon_core.shell:Creating package script '/home/lhy/ws00_helloworld/src/install/pkg01_helloworld_cpp/share/pkg01_helloworld_cpp/package.bash'
[1.712s] INFO:colcon.colcon_core.shell:Creating package script '/home/lhy/ws00_helloworld/src/install/pkg01_helloworld_cpp/share/pkg01_helloworld_cpp/package.zsh'
[1.712s] Level 1:colcon.colcon_core.environment:create_file_with_runtime_dependencies(/home/lhy/ws00_helloworld/src/install/pkg01_helloworld_cpp/share/colcon-core/packages/pkg01_helloworld_cpp)
[1.760s] Level 1:colcon.colcon_core.environment:create_environment_scripts_only(pkg01_helloworld_cpp)
[1.776s] Level 1:colcon.colcon_core.environment:checking '/home/lhy/ws00_helloworld/src/install/pkg01_helloworld_cpp' for CMake module files
[1.776s] Level 1:colcon.colcon_core.environment:checking '/home/lhy/ws00_helloworld/src/install/pkg01_helloworld_cpp' for CMake config files
[1.776s] Level 1:colcon.colcon_core.shell:create_environment_hook('pkg01_helloworld_cpp', 'cmake_prefix_path')
[1.792s] INFO:colcon.colcon_core.shell:Creating environment hook '/home/lhy/ws00_helloworld/src/install/pkg01_helloworld_cpp/share/pkg01_helloworld_cpp/hook/cmake_prefix_path.ps1'
[1.793s] INFO:colcon.colcon_core.shell:Creating environment descriptor '/home/lhy/ws00_helloworld/src/install/pkg01_helloworld_cpp/share/pkg01_helloworld_cpp/hook/cmake_prefix_path.dsv'
[1.793s] INFO:colcon.colcon_core.shell:Creating environment hook '/home/lhy/ws00_helloworld/src/install/pkg01_helloworld_cpp/share/pkg01_helloworld_cpp/hook/cmake_prefix_path.sh'
[1.793s] Level 1:colcon.colcon_core.environment:checking '/home/lhy/ws00_helloworld/src/install/pkg01_helloworld_cpp/lib'
[1.794s] Level 1:colcon.colcon_core.environment:checking '/home/lhy/ws00_helloworld/src/install/pkg01_helloworld_cpp/bin'
[1.794s] Level 1:colcon.colcon_core.environment:checking '/home/lhy/ws00_helloworld/src/install/pkg01_helloworld_cpp/lib/pkgconfig/pkg01_helloworld_cpp.pc'
[1.794s] Level 1:colcon.colcon_core.environment:checking '/home/lhy/ws00_helloworld/src/install/pkg01_helloworld_cpp/lib/python3.10/site-packages'
[1.794s] Level 1:colcon.colcon_core.environment:checking '/home/lhy/ws00_helloworld/src/install/pkg01_helloworld_cpp/bin'
[1.807s] INFO:colcon.colcon_core.shell:Creating package script '/home/lhy/ws00_helloworld/src/install/pkg01_helloworld_cpp/share/pkg01_helloworld_cpp/package.ps1'
[1.808s] INFO:colcon.colcon_core.shell:Creating package descriptor '/home/lhy/ws00_helloworld/src/install/pkg01_helloworld_cpp/share/pkg01_helloworld_cpp/package.dsv'
[1.808s] INFO:colcon.colcon_core.shell:Creating package script '/home/lhy/ws00_helloworld/src/install/pkg01_helloworld_cpp/share/pkg01_helloworld_cpp/package.sh'
[1.809s] INFO:colcon.colcon_core.shell:Creating package script '/home/lhy/ws00_helloworld/src/install/pkg01_helloworld_cpp/share/pkg01_helloworld_cpp/package.bash'
[1.809s] INFO:colcon.colcon_core.shell:Creating package script '/home/lhy/ws00_helloworld/src/install/pkg01_helloworld_cpp/share/pkg01_helloworld_cpp/package.zsh'
[1.809s] Level 1:colcon.colcon_core.environment:create_file_with_runtime_dependencies(/home/lhy/ws00_helloworld/src/install/pkg01_helloworld_cpp/share/colcon-core/packages/pkg01_helloworld_cpp)
[1.920s] DEBUG:colcon.colcon_core.event_handler.log_command:Invoking command in '/home/lhy/ws00_helloworld/src/pkg02_helloworld_py': PYTHONPATH=/home/lhy/ws00_helloworld/src/build/pkg02_helloworld_py/prefix_override:/home/lhy/ws00_helloworld/src/install/pkg02_helloworld_py/lib/python3.10/site-packages:${PYTHONPATH} /usr/bin/python3 setup.py egg_info --egg-base ../build/pkg02_helloworld_py build --build-base /home/lhy/ws00_helloworld/src/build/pkg02_helloworld_py/build install --record /home/lhy/ws00_helloworld/src/build/pkg02_helloworld_py/install.log --single-version-externally-managed
[2.184s] DEBUG:colcon.colcon_core.event_handler.log_command:Invoked command in '/home/lhy/ws00_helloworld/src/pkg02_helloworld_py' returned '0': PYTHONPATH=/home/lhy/ws00_helloworld/src/build/pkg02_helloworld_py/prefix_override:/home/lhy/ws00_helloworld/src/install/pkg02_helloworld_py/lib/python3.10/site-packages:${PYTHONPATH} /usr/bin/python3 setup.py egg_info --egg-base ../build/pkg02_helloworld_py build --build-base /home/lhy/ws00_helloworld/src/build/pkg02_helloworld_py/build install --record /home/lhy/ws00_helloworld/src/build/pkg02_helloworld_py/install.log --single-version-externally-managed
[2.198s] Level 1:colcon.colcon_core.environment:checking '/home/lhy/ws00_helloworld/src/install/pkg02_helloworld_py' for CMake module files
[2.199s] Level 1:colcon.colcon_core.environment:checking '/home/lhy/ws00_helloworld/src/install/pkg02_helloworld_py' for CMake config files
[2.199s] Level 1:colcon.colcon_core.environment:checking '/home/lhy/ws00_helloworld/src/install/pkg02_helloworld_py/lib'
[2.199s] Level 1:colcon.colcon_core.environment:checking '/home/lhy/ws00_helloworld/src/install/pkg02_helloworld_py/bin'
[2.199s] Level 1:colcon.colcon_core.environment:checking '/home/lhy/ws00_helloworld/src/install/pkg02_helloworld_py/lib/pkgconfig/pkg02_helloworld_py.pc'
[2.200s] Level 1:colcon.colcon_core.environment:checking '/home/lhy/ws00_helloworld/src/install/pkg02_helloworld_py/lib/python3.10/site-packages'
[2.200s] Level 1:colcon.colcon_core.shell:create_environment_hook('pkg02_helloworld_py', 'pythonpath')
[2.213s] INFO:colcon.colcon_core.shell:Creating environment hook '/home/lhy/ws00_helloworld/src/install/pkg02_helloworld_py/share/pkg02_helloworld_py/hook/pythonpath.ps1'
[2.213s] INFO:colcon.colcon_core.shell:Creating environment descriptor '/home/lhy/ws00_helloworld/src/install/pkg02_helloworld_py/share/pkg02_helloworld_py/hook/pythonpath.dsv'
[2.214s] INFO:colcon.colcon_core.shell:Creating environment hook '/home/lhy/ws00_helloworld/src/install/pkg02_helloworld_py/share/pkg02_helloworld_py/hook/pythonpath.sh'
[2.214s] Level 1:colcon.colcon_core.environment:checking '/home/lhy/ws00_helloworld/src/install/pkg02_helloworld_py/bin'
[2.214s] Level 1:colcon.colcon_core.environment:create_environment_scripts_only(pkg02_helloworld_py)
[2.227s] INFO:colcon.colcon_core.shell:Creating package script '/home/lhy/ws00_helloworld/src/install/pkg02_helloworld_py/share/pkg02_helloworld_py/package.ps1'
[2.228s] INFO:colcon.colcon_core.shell:Creating package descriptor '/home/lhy/ws00_helloworld/src/install/pkg02_helloworld_py/share/pkg02_helloworld_py/package.dsv'
[2.228s] INFO:colcon.colcon_core.shell:Creating package script '/home/lhy/ws00_helloworld/src/install/pkg02_helloworld_py/share/pkg02_helloworld_py/package.sh'
[2.229s] INFO:colcon.colcon_core.shell:Creating package script '/home/lhy/ws00_helloworld/src/install/pkg02_helloworld_py/share/pkg02_helloworld_py/package.bash'
[2.229s] INFO:colcon.colcon_core.shell:Creating package script '/home/lhy/ws00_helloworld/src/install/pkg02_helloworld_py/share/pkg02_helloworld_py/package.zsh'
[2.229s] Level 1:colcon.colcon_core.environment:create_file_with_runtime_dependencies(/home/lhy/ws00_helloworld/src/install/pkg02_helloworld_py/share/colcon-core/packages/pkg02_helloworld_py)
[2.230s] DEBUG:colcon.colcon_parallel_executor.executor.parallel:closing loop
[2.230s] DEBUG:colcon.colcon_parallel_executor.executor.parallel:loop closed
[2.230s] DEBUG:colcon.colcon_parallel_executor.executor.parallel:run_until_complete finished with '0'
[2.230s] DEBUG:colcon.colcon_core.event_reactor:joining thread
[2.250s] INFO:colcon.colcon_core.plugin_system:Skipping extension 'colcon_notification.desktop_notification.terminal_notifier': Not used on non-Darwin systems
[2.250s] INFO:colcon.colcon_core.plugin_system:Skipping extension 'colcon_notification.desktop_notification.win32': Not used on non-Windows systems
[2.250s] INFO:colcon.colcon_notification.desktop_notification:Sending desktop notification using 'notify2'
[2.262s] DEBUG:colcon.colcon_core.event_reactor:joined thread
[2.278s] INFO:colcon.colcon_core.shell:Creating prefix script '/home/lhy/ws00_helloworld/src/install/local_setup.ps1'
[2.279s] INFO:colcon.colcon_core.shell:Creating prefix util module '/home/lhy/ws00_helloworld/src/install/_local_setup_util_ps1.py'
[2.280s] INFO:colcon.colcon_core.shell:Creating prefix chain script '/home/lhy/ws00_helloworld/src/install/setup.ps1'
[2.295s] INFO:colcon.colcon_core.shell:Creating prefix script '/home/lhy/ws00_helloworld/src/install/local_setup.sh'
[2.295s] INFO:colcon.colcon_core.shell:Creating prefix util module '/home/lhy/ws00_helloworld/src/install/_local_setup_util_sh.py'
[2.296s] INFO:colcon.colcon_core.shell:Creating prefix chain script '/home/lhy/ws00_helloworld/src/install/setup.sh'
[2.310s] INFO:colcon.colcon_core.shell:Creating prefix script '/home/lhy/ws00_helloworld/src/install/local_setup.bash'
[2.310s] INFO:colcon.colcon_core.shell:Creating prefix chain script '/home/lhy/ws00_helloworld/src/install/setup.bash'
[2.324s] INFO:colcon.colcon_core.shell:Creating prefix script '/home/lhy/ws00_helloworld/src/install/local_setup.zsh'
[2.324s] INFO:colcon.colcon_core.shell:Creating prefix chain script '/home/lhy/ws00_helloworld/src/install/setup.zsh'
