[1.265s] DEBUG:colcon:Command line arguments: ['/usr/bin/colcon', 'build']
[1.265s] DEBUG:colcon:Parsed command line arguments: Namespace(log_base=None, log_level=None, verb_name='build', build_base='build', install_base='install', merge_install=False, symlink_install=False, test_result_base=None, continue_on_error=False, executor='parallel', parallel_workers=8, event_handlers=None, ignore_user_meta=False, metas=['./colcon.meta'], base_paths=['.'], packages_ignore=None, packages_ignore_regex=None, paths=None, packages_up_to=None, packages_up_to_regex=None, packages_above=None, packages_above_and_dependencies=None, packages_above_depth=None, packages_select_by_dep=None, packages_skip_by_dep=None, packages_skip_up_to=None, packages_select_build_failed=False, packages_skip_build_finished=False, packages_select_test_failures=False, packages_skip_test_passed=False, packages_select=None, packages_skip=None, packages_select_regex=None, packages_skip_regex=None, packages_start=None, packages_end=None, allow_overriding=[], cmake_args=None, cmake_target=None, cmake_target_skip_unavailable=False, cmake_clean_cache=False, cmake_clean_first=False, cmake_force_configure=False, ament_cmake_args=None, catkin_cmake_args=None, catkin_skip_building_tests=False, verb_parser=<colcon_defaults.argument_parser.defaults.DefaultArgumentsDecorator object at 0x7f166ce9fd90>, verb_extension=<colcon_core.verb.build.BuildVerb object at 0x7f166ce90220>, main=<bound method BuildVerb.main of <colcon_core.verb.build.BuildVerb object at 0x7f166ce90220>>)
[1.325s] Level 1:colcon.colcon_core.package_discovery:discover_packages(colcon_meta) check parameters
[1.326s] Level 1:colcon.colcon_core.package_discovery:discover_packages(recursive) check parameters
[1.326s] Level 1:colcon.colcon_core.package_discovery:discover_packages(ignore) check parameters
[1.326s] Level 1:colcon.colcon_core.package_discovery:discover_packages(path) check parameters
[1.326s] Level 1:colcon.colcon_core.package_discovery:discover_packages(colcon_meta) discover
[1.326s] Level 1:colcon.colcon_core.package_discovery:discover_packages(recursive) discover
[1.326s] INFO:colcon.colcon_core.package_discovery:Crawling recursively for packages in '/home/lhy/ws00_helloworld/src'
[1.326s] Level 1:colcon.colcon_core.package_identification:_identify(.) by extensions ['ignore', 'ignore_ament_install']
[1.326s] Level 1:colcon.colcon_core.package_identification:_identify(.) by extension 'ignore'
[1.326s] Level 1:colcon.colcon_core.package_identification:_identify(.) by extension 'ignore_ament_install'
[1.326s] Level 1:colcon.colcon_core.package_identification:_identify(.) by extensions ['colcon_pkg']
[1.326s] Level 1:colcon.colcon_core.package_identification:_identify(.) by extension 'colcon_pkg'
[1.326s] Level 1:colcon.colcon_core.package_identification:_identify(.) by extensions ['colcon_meta']
[1.326s] Level 1:colcon.colcon_core.package_identification:_identify(.) by extension 'colcon_meta'
[1.326s] Level 1:colcon.colcon_core.package_identification:_identify(.) by extensions ['ros']
[1.326s] Level 1:colcon.colcon_core.package_identification:_identify(.) by extension 'ros'
[1.340s] Level 1:colcon.colcon_core.package_identification:_identify(.) by extensions ['cmake', 'python']
[1.340s] Level 1:colcon.colcon_core.package_identification:_identify(.) by extension 'cmake'
[1.340s] Level 1:colcon.colcon_core.package_identification:_identify(.) by extension 'python'
[1.340s] Level 1:colcon.colcon_core.package_identification:_identify(.) by extensions ['python_setup_py']
[1.340s] Level 1:colcon.colcon_core.package_identification:_identify(.) by extension 'python_setup_py'
[1.341s] Level 1:colcon.colcon_core.package_identification:_identify(build) by extensions ['ignore', 'ignore_ament_install']
[1.341s] Level 1:colcon.colcon_core.package_identification:_identify(build) by extension 'ignore'
[1.341s] Level 1:colcon.colcon_core.package_identification:_identify(build) ignored
[1.341s] Level 1:colcon.colcon_core.package_identification:_identify(install) by extensions ['ignore', 'ignore_ament_install']
[1.341s] Level 1:colcon.colcon_core.package_identification:_identify(install) by extension 'ignore'
[1.341s] Level 1:colcon.colcon_core.package_identification:_identify(install) ignored
[1.341s] Level 1:colcon.colcon_core.package_identification:_identify(log) by extensions ['ignore', 'ignore_ament_install']
[1.342s] Level 1:colcon.colcon_core.package_identification:_identify(log) by extension 'ignore'
[1.342s] Level 1:colcon.colcon_core.package_identification:_identify(log) ignored
[1.342s] Level 1:colcon.colcon_core.package_identification:_identify(pkg01_helloworld_cpp) by extensions ['ignore', 'ignore_ament_install']
[1.342s] Level 1:colcon.colcon_core.package_identification:_identify(pkg01_helloworld_cpp) by extension 'ignore'
[1.342s] Level 1:colcon.colcon_core.package_identification:_identify(pkg01_helloworld_cpp) by extension 'ignore_ament_install'
[1.342s] Level 1:colcon.colcon_core.package_identification:_identify(pkg01_helloworld_cpp) by extensions ['colcon_pkg']
[1.342s] Level 1:colcon.colcon_core.package_identification:_identify(pkg01_helloworld_cpp) by extension 'colcon_pkg'
[1.342s] Level 1:colcon.colcon_core.package_identification:_identify(pkg01_helloworld_cpp) by extensions ['colcon_meta']
[1.342s] Level 1:colcon.colcon_core.package_identification:_identify(pkg01_helloworld_cpp) by extension 'colcon_meta'
[1.342s] Level 1:colcon.colcon_core.package_identification:_identify(pkg01_helloworld_cpp) by extensions ['ros']
[1.342s] Level 1:colcon.colcon_core.package_identification:_identify(pkg01_helloworld_cpp) by extension 'ros'
[1.348s] DEBUG:colcon.colcon_core.package_identification:Package 'pkg01_helloworld_cpp' with type 'ros.ament_cmake' and name 'pkg01_helloworld_cpp'
[1.348s] Level 1:colcon.colcon_core.package_identification:_identify(pkg02_helloworld_py) by extensions ['ignore', 'ignore_ament_install']
[1.348s] Level 1:colcon.colcon_core.package_identification:_identify(pkg02_helloworld_py) by extension 'ignore'
[1.348s] Level 1:colcon.colcon_core.package_identification:_identify(pkg02_helloworld_py) by extension 'ignore_ament_install'
[1.349s] Level 1:colcon.colcon_core.package_identification:_identify(pkg02_helloworld_py) by extensions ['colcon_pkg']
[1.349s] Level 1:colcon.colcon_core.package_identification:_identify(pkg02_helloworld_py) by extension 'colcon_pkg'
[1.349s] Level 1:colcon.colcon_core.package_identification:_identify(pkg02_helloworld_py) by extensions ['colcon_meta']
[1.349s] Level 1:colcon.colcon_core.package_identification:_identify(pkg02_helloworld_py) by extension 'colcon_meta'
[1.349s] Level 1:colcon.colcon_core.package_identification:_identify(pkg02_helloworld_py) by extensions ['ros']
[1.349s] Level 1:colcon.colcon_core.package_identification:_identify(pkg02_helloworld_py) by extension 'ros'
[1.350s] DEBUG:colcon.colcon_core.package_identification:Package 'pkg02_helloworld_py' with type 'ros.ament_python' and name 'pkg02_helloworld_py'
[1.350s] Level 1:colcon.colcon_core.package_discovery:discover_packages(recursive) using defaults
[1.350s] Level 1:colcon.colcon_core.package_discovery:discover_packages(ignore) discover
[1.350s] Level 1:colcon.colcon_core.package_discovery:discover_packages(ignore) using defaults
[1.350s] Level 1:colcon.colcon_core.package_discovery:discover_packages(path) discover
[1.350s] Level 1:colcon.colcon_core.package_discovery:discover_packages(path) using defaults
[1.465s] Level 1:colcon.colcon_core.package_discovery:discover_packages(prefix_path) check parameters
[1.465s] Level 1:colcon.colcon_core.package_discovery:discover_packages(prefix_path) discover
[1.502s] DEBUG:colcon.colcon_installed_package_information.package_discovery:Found 1 installed packages in /home/lhy/ws00_helloworld/install
[1.521s] DEBUG:colcon.colcon_installed_package_information.package_discovery:Found 274 installed packages in /opt/ros/humble
[1.522s] Level 1:colcon.colcon_core.package_discovery:discover_packages(prefix_path) using defaults
[1.641s] Level 5:colcon.colcon_core.verb:set package 'pkg01_helloworld_cpp' build argument 'cmake_args' from command line to 'None'
[1.641s] Level 5:colcon.colcon_core.verb:set package 'pkg01_helloworld_cpp' build argument 'cmake_target' from command line to 'None'
[1.641s] Level 5:colcon.colcon_core.verb:set package 'pkg01_helloworld_cpp' build argument 'cmake_target_skip_unavailable' from command line to 'False'
[1.642s] Level 5:colcon.colcon_core.verb:set package 'pkg01_helloworld_cpp' build argument 'cmake_clean_cache' from command line to 'False'
[1.642s] Level 5:colcon.colcon_core.verb:set package 'pkg01_helloworld_cpp' build argument 'cmake_clean_first' from command line to 'False'
[1.642s] Level 5:colcon.colcon_core.verb:set package 'pkg01_helloworld_cpp' build argument 'cmake_force_configure' from command line to 'False'
[1.642s] Level 5:colcon.colcon_core.verb:set package 'pkg01_helloworld_cpp' build argument 'ament_cmake_args' from command line to 'None'
[1.642s] Level 5:colcon.colcon_core.verb:set package 'pkg01_helloworld_cpp' build argument 'catkin_cmake_args' from command line to 'None'
[1.642s] Level 5:colcon.colcon_core.verb:set package 'pkg01_helloworld_cpp' build argument 'catkin_skip_building_tests' from command line to 'False'
[1.642s] DEBUG:colcon.colcon_core.verb:Building package 'pkg01_helloworld_cpp' with the following arguments: {'ament_cmake_args': None, 'build_base': '/home/lhy/ws00_helloworld/src/build/pkg01_helloworld_cpp', 'catkin_cmake_args': None, 'catkin_skip_building_tests': False, 'cmake_args': None, 'cmake_clean_cache': False, 'cmake_clean_first': False, 'cmake_force_configure': False, 'cmake_target': None, 'cmake_target_skip_unavailable': False, 'install_base': '/home/lhy/ws00_helloworld/src/install/pkg01_helloworld_cpp', 'merge_install': False, 'path': '/home/lhy/ws00_helloworld/src/pkg01_helloworld_cpp', 'symlink_install': False, 'test_result_base': None}
[1.661s] Level 5:colcon.colcon_core.verb:set package 'pkg02_helloworld_py' build argument 'cmake_args' from command line to 'None'
[1.661s] Level 5:colcon.colcon_core.verb:set package 'pkg02_helloworld_py' build argument 'cmake_target' from command line to 'None'
[1.661s] Level 5:colcon.colcon_core.verb:set package 'pkg02_helloworld_py' build argument 'cmake_target_skip_unavailable' from command line to 'False'
[1.661s] Level 5:colcon.colcon_core.verb:set package 'pkg02_helloworld_py' build argument 'cmake_clean_cache' from command line to 'False'
[1.661s] Level 5:colcon.colcon_core.verb:set package 'pkg02_helloworld_py' build argument 'cmake_clean_first' from command line to 'False'
[1.661s] Level 5:colcon.colcon_core.verb:set package 'pkg02_helloworld_py' build argument 'cmake_force_configure' from command line to 'False'
[1.661s] Level 5:colcon.colcon_core.verb:set package 'pkg02_helloworld_py' build argument 'ament_cmake_args' from command line to 'None'
[1.661s] Level 5:colcon.colcon_core.verb:set package 'pkg02_helloworld_py' build argument 'catkin_cmake_args' from command line to 'None'
[1.661s] Level 5:colcon.colcon_core.verb:set package 'pkg02_helloworld_py' build argument 'catkin_skip_building_tests' from command line to 'False'
[1.661s] DEBUG:colcon.colcon_core.verb:Building package 'pkg02_helloworld_py' with the following arguments: {'ament_cmake_args': None, 'build_base': '/home/lhy/ws00_helloworld/src/build/pkg02_helloworld_py', 'catkin_cmake_args': None, 'catkin_skip_building_tests': False, 'cmake_args': None, 'cmake_clean_cache': False, 'cmake_clean_first': False, 'cmake_force_configure': False, 'cmake_target': None, 'cmake_target_skip_unavailable': False, 'install_base': '/home/lhy/ws00_helloworld/src/install/pkg02_helloworld_py', 'merge_install': False, 'path': '/home/lhy/ws00_helloworld/src/pkg02_helloworld_py', 'symlink_install': False, 'test_result_base': None}
[1.680s] INFO:colcon.colcon_core.executor:Executing jobs using 'parallel' executor
[1.698s] DEBUG:colcon.colcon_parallel_executor.executor.parallel:run_until_complete
[1.698s] INFO:colcon.colcon_ros.task.ament_cmake.build:Building ROS package in '/home/lhy/ws00_helloworld/src/pkg01_helloworld_cpp' with build type 'ament_cmake'
[1.698s] INFO:colcon.colcon_cmake.task.cmake.build:Building CMake package in '/home/lhy/ws00_helloworld/src/pkg01_helloworld_cpp'
[1.719s] INFO:colcon.colcon_core.plugin_system:Skipping extension 'colcon_core.shell.bat': Not used on non-Windows systems
[1.719s] INFO:colcon.colcon_core.shell:Skip shell extension 'powershell' for command environment: Not usable outside of PowerShell
[1.719s] DEBUG:colcon.colcon_core.shell:Skip shell extension 'dsv' for command environment
[1.777s] INFO:colcon.colcon_ros.task.ament_python.build:Building ROS package in '/home/lhy/ws00_helloworld/src/pkg02_helloworld_py' with build type 'ament_python'
[1.777s] Level 1:colcon.colcon_core.shell:create_environment_hook('pkg02_helloworld_py', 'ament_prefix_path')
[1.796s] INFO:colcon.colcon_core.shell:Creating environment hook '/home/lhy/ws00_helloworld/src/install/pkg02_helloworld_py/share/pkg02_helloworld_py/hook/ament_prefix_path.ps1'
[1.797s] INFO:colcon.colcon_core.shell:Creating environment descriptor '/home/lhy/ws00_helloworld/src/install/pkg02_helloworld_py/share/pkg02_helloworld_py/hook/ament_prefix_path.dsv'
[1.797s] INFO:colcon.colcon_core.shell:Creating environment hook '/home/lhy/ws00_helloworld/src/install/pkg02_helloworld_py/share/pkg02_helloworld_py/hook/ament_prefix_path.sh'
[1.816s] INFO:colcon.colcon_core.shell:Skip shell extension 'powershell' for command environment: Not usable outside of PowerShell
[1.817s] DEBUG:colcon.colcon_core.shell:Skip shell extension 'dsv' for command environment
[1.893s] DEBUG:colcon.colcon_core.event_handler.log_command:Invoking command in '/home/lhy/ws00_helloworld/src/build/pkg01_helloworld_cpp': CMAKE_PREFIX_PATH=${CMAKE_PREFIX_PATH}:/opt/ros/humble /usr/bin/cmake /home/lhy/ws00_helloworld/src/pkg01_helloworld_cpp -DCMAKE_INSTALL_PREFIX=/home/lhy/ws00_helloworld/src/install/pkg01_helloworld_cpp
[2.263s] INFO:colcon.colcon_core.task.python.build:Building Python package in '/home/lhy/ws00_helloworld/src/pkg02_helloworld_py'
[2.285s] INFO:colcon.colcon_core.shell:Skip shell extension 'powershell' for command environment: Not usable outside of PowerShell
[2.285s] DEBUG:colcon.colcon_core.shell:Skip shell extension 'dsv' for command environment
[2.805s] DEBUG:colcon.colcon_core.event_handler.log_command:Invoking command in '/home/lhy/ws00_helloworld/src/pkg02_helloworld_py': PYTHONPATH=/home/lhy/ws00_helloworld/src/build/pkg02_helloworld_py/prefix_override:/home/lhy/ws00_helloworld/src/install/pkg02_helloworld_py/lib/python3.10/site-packages:${PYTHONPATH} /usr/bin/python3 setup.py egg_info --egg-base ../build/pkg02_helloworld_py build --build-base /home/lhy/ws00_helloworld/src/build/pkg02_helloworld_py/build install --record /home/lhy/ws00_helloworld/src/build/pkg02_helloworld_py/install.log --single-version-externally-managed
[3.150s] DEBUG:colcon.colcon_core.event_handler.log_command:Invoked command in '/home/lhy/ws00_helloworld/src/pkg02_helloworld_py' returned '0': PYTHONPATH=/home/lhy/ws00_helloworld/src/build/pkg02_helloworld_py/prefix_override:/home/lhy/ws00_helloworld/src/install/pkg02_helloworld_py/lib/python3.10/site-packages:${PYTHONPATH} /usr/bin/python3 setup.py egg_info --egg-base ../build/pkg02_helloworld_py build --build-base /home/lhy/ws00_helloworld/src/build/pkg02_helloworld_py/build install --record /home/lhy/ws00_helloworld/src/build/pkg02_helloworld_py/install.log --single-version-externally-managed
[3.181s] Level 1:colcon.colcon_core.environment:checking '/home/lhy/ws00_helloworld/src/install/pkg02_helloworld_py' for CMake module files
[3.182s] Level 1:colcon.colcon_core.environment:checking '/home/lhy/ws00_helloworld/src/install/pkg02_helloworld_py' for CMake config files
[3.183s] Level 1:colcon.colcon_core.environment:checking '/home/lhy/ws00_helloworld/src/install/pkg02_helloworld_py/lib'
[3.183s] Level 1:colcon.colcon_core.environment:checking '/home/lhy/ws00_helloworld/src/install/pkg02_helloworld_py/bin'
[3.184s] Level 1:colcon.colcon_core.environment:checking '/home/lhy/ws00_helloworld/src/install/pkg02_helloworld_py/lib/pkgconfig/pkg02_helloworld_py.pc'
[3.184s] Level 1:colcon.colcon_core.environment:checking '/home/lhy/ws00_helloworld/src/install/pkg02_helloworld_py/lib/python3.10/site-packages'
[3.184s] Level 1:colcon.colcon_core.shell:create_environment_hook('pkg02_helloworld_py', 'pythonpath')
[3.215s] INFO:colcon.colcon_core.shell:Creating environment hook '/home/lhy/ws00_helloworld/src/install/pkg02_helloworld_py/share/pkg02_helloworld_py/hook/pythonpath.ps1'
[3.215s] INFO:colcon.colcon_core.shell:Creating environment descriptor '/home/lhy/ws00_helloworld/src/install/pkg02_helloworld_py/share/pkg02_helloworld_py/hook/pythonpath.dsv'
[3.215s] INFO:colcon.colcon_core.shell:Creating environment hook '/home/lhy/ws00_helloworld/src/install/pkg02_helloworld_py/share/pkg02_helloworld_py/hook/pythonpath.sh'
[3.216s] Level 1:colcon.colcon_core.environment:checking '/home/lhy/ws00_helloworld/src/install/pkg02_helloworld_py/bin'
[3.216s] Level 1:colcon.colcon_core.environment:create_environment_scripts_only(pkg02_helloworld_py)
[3.237s] INFO:colcon.colcon_core.shell:Creating package script '/home/lhy/ws00_helloworld/src/install/pkg02_helloworld_py/share/pkg02_helloworld_py/package.ps1'
[3.238s] INFO:colcon.colcon_core.shell:Creating package descriptor '/home/lhy/ws00_helloworld/src/install/pkg02_helloworld_py/share/pkg02_helloworld_py/package.dsv'
[3.238s] INFO:colcon.colcon_core.shell:Creating package script '/home/lhy/ws00_helloworld/src/install/pkg02_helloworld_py/share/pkg02_helloworld_py/package.sh'
[3.240s] INFO:colcon.colcon_core.shell:Creating package script '/home/lhy/ws00_helloworld/src/install/pkg02_helloworld_py/share/pkg02_helloworld_py/package.bash'
[3.241s] INFO:colcon.colcon_core.shell:Creating package script '/home/lhy/ws00_helloworld/src/install/pkg02_helloworld_py/share/pkg02_helloworld_py/package.zsh'
[3.242s] Level 1:colcon.colcon_core.environment:create_file_with_runtime_dependencies(/home/lhy/ws00_helloworld/src/install/pkg02_helloworld_py/share/colcon-core/packages/pkg02_helloworld_py)
[3.644s] DEBUG:colcon.colcon_core.event_handler.log_command:Invoked command in '/home/lhy/ws00_helloworld/src/build/pkg01_helloworld_cpp' returned '0': CMAKE_PREFIX_PATH=${CMAKE_PREFIX_PATH}:/opt/ros/humble /usr/bin/cmake /home/lhy/ws00_helloworld/src/pkg01_helloworld_cpp -DCMAKE_INSTALL_PREFIX=/home/lhy/ws00_helloworld/src/install/pkg01_helloworld_cpp
[3.647s] DEBUG:colcon.colcon_core.event_handler.log_command:Invoking command in '/home/lhy/ws00_helloworld/src/build/pkg01_helloworld_cpp': CMAKE_PREFIX_PATH=${CMAKE_PREFIX_PATH}:/opt/ros/humble /usr/bin/cmake --build /home/lhy/ws00_helloworld/src/build/pkg01_helloworld_cpp -- -j8 -l8
[7.805s] DEBUG:colcon.colcon_core.event_handler.log_command:Invoked command in '/home/lhy/ws00_helloworld/src/build/pkg01_helloworld_cpp' returned '0': CMAKE_PREFIX_PATH=${CMAKE_PREFIX_PATH}:/opt/ros/humble /usr/bin/cmake --build /home/lhy/ws00_helloworld/src/build/pkg01_helloworld_cpp -- -j8 -l8
[7.850s] DEBUG:colcon.colcon_core.event_handler.log_command:Invoking command in '/home/lhy/ws00_helloworld/src/build/pkg01_helloworld_cpp': CMAKE_PREFIX_PATH=${CMAKE_PREFIX_PATH}:/opt/ros/humble /usr/bin/cmake --install /home/lhy/ws00_helloworld/src/build/pkg01_helloworld_cpp
[7.867s] Level 1:colcon.colcon_core.environment:create_environment_scripts_only(pkg01_helloworld_cpp)
[7.868s] DEBUG:colcon.colcon_core.event_handler.log_command:Invoked command in '/home/lhy/ws00_helloworld/src/build/pkg01_helloworld_cpp' returned '0': CMAKE_PREFIX_PATH=${CMAKE_PREFIX_PATH}:/opt/ros/humble /usr/bin/cmake --install /home/lhy/ws00_helloworld/src/build/pkg01_helloworld_cpp
[7.908s] Level 1:colcon.colcon_core.environment:checking '/home/lhy/ws00_helloworld/src/install/pkg01_helloworld_cpp' for CMake module files
[7.909s] Level 1:colcon.colcon_core.environment:checking '/home/lhy/ws00_helloworld/src/install/pkg01_helloworld_cpp' for CMake config files
[7.909s] Level 1:colcon.colcon_core.shell:create_environment_hook('pkg01_helloworld_cpp', 'cmake_prefix_path')
[7.937s] INFO:colcon.colcon_core.shell:Creating environment hook '/home/lhy/ws00_helloworld/src/install/pkg01_helloworld_cpp/share/pkg01_helloworld_cpp/hook/cmake_prefix_path.ps1'
[7.937s] INFO:colcon.colcon_core.shell:Creating environment descriptor '/home/lhy/ws00_helloworld/src/install/pkg01_helloworld_cpp/share/pkg01_helloworld_cpp/hook/cmake_prefix_path.dsv'
[7.938s] INFO:colcon.colcon_core.shell:Creating environment hook '/home/lhy/ws00_helloworld/src/install/pkg01_helloworld_cpp/share/pkg01_helloworld_cpp/hook/cmake_prefix_path.sh'
[7.939s] Level 1:colcon.colcon_core.environment:checking '/home/lhy/ws00_helloworld/src/install/pkg01_helloworld_cpp/lib'
[7.939s] Level 1:colcon.colcon_core.environment:checking '/home/lhy/ws00_helloworld/src/install/pkg01_helloworld_cpp/bin'
[7.939s] Level 1:colcon.colcon_core.environment:checking '/home/lhy/ws00_helloworld/src/install/pkg01_helloworld_cpp/lib/pkgconfig/pkg01_helloworld_cpp.pc'
[7.939s] Level 1:colcon.colcon_core.environment:checking '/home/lhy/ws00_helloworld/src/install/pkg01_helloworld_cpp/lib/python3.10/site-packages'
[7.940s] Level 1:colcon.colcon_core.environment:checking '/home/lhy/ws00_helloworld/src/install/pkg01_helloworld_cpp/bin'
[7.960s] INFO:colcon.colcon_core.shell:Creating package script '/home/lhy/ws00_helloworld/src/install/pkg01_helloworld_cpp/share/pkg01_helloworld_cpp/package.ps1'
[7.961s] INFO:colcon.colcon_core.shell:Creating package descriptor '/home/lhy/ws00_helloworld/src/install/pkg01_helloworld_cpp/share/pkg01_helloworld_cpp/package.dsv'
[7.962s] INFO:colcon.colcon_core.shell:Creating package script '/home/lhy/ws00_helloworld/src/install/pkg01_helloworld_cpp/share/pkg01_helloworld_cpp/package.sh'
[7.962s] INFO:colcon.colcon_core.shell:Creating package script '/home/lhy/ws00_helloworld/src/install/pkg01_helloworld_cpp/share/pkg01_helloworld_cpp/package.bash'
[7.962s] INFO:colcon.colcon_core.shell:Creating package script '/home/lhy/ws00_helloworld/src/install/pkg01_helloworld_cpp/share/pkg01_helloworld_cpp/package.zsh'
[7.963s] Level 1:colcon.colcon_core.environment:create_file_with_runtime_dependencies(/home/lhy/ws00_helloworld/src/install/pkg01_helloworld_cpp/share/colcon-core/packages/pkg01_helloworld_cpp)
[8.012s] Level 1:colcon.colcon_core.environment:create_environment_scripts_only(pkg01_helloworld_cpp)
[8.030s] Level 1:colcon.colcon_core.environment:checking '/home/lhy/ws00_helloworld/src/install/pkg01_helloworld_cpp' for CMake module files
[8.031s] Level 1:colcon.colcon_core.environment:checking '/home/lhy/ws00_helloworld/src/install/pkg01_helloworld_cpp' for CMake config files
[8.031s] Level 1:colcon.colcon_core.shell:create_environment_hook('pkg01_helloworld_cpp', 'cmake_prefix_path')
[8.049s] INFO:colcon.colcon_core.shell:Creating environment hook '/home/lhy/ws00_helloworld/src/install/pkg01_helloworld_cpp/share/pkg01_helloworld_cpp/hook/cmake_prefix_path.ps1'
[8.049s] INFO:colcon.colcon_core.shell:Creating environment descriptor '/home/lhy/ws00_helloworld/src/install/pkg01_helloworld_cpp/share/pkg01_helloworld_cpp/hook/cmake_prefix_path.dsv'
[8.049s] INFO:colcon.colcon_core.shell:Creating environment hook '/home/lhy/ws00_helloworld/src/install/pkg01_helloworld_cpp/share/pkg01_helloworld_cpp/hook/cmake_prefix_path.sh'
[8.050s] Level 1:colcon.colcon_core.environment:checking '/home/lhy/ws00_helloworld/src/install/pkg01_helloworld_cpp/lib'
[8.050s] Level 1:colcon.colcon_core.environment:checking '/home/lhy/ws00_helloworld/src/install/pkg01_helloworld_cpp/bin'
[8.050s] Level 1:colcon.colcon_core.environment:checking '/home/lhy/ws00_helloworld/src/install/pkg01_helloworld_cpp/lib/pkgconfig/pkg01_helloworld_cpp.pc'
[8.050s] Level 1:colcon.colcon_core.environment:checking '/home/lhy/ws00_helloworld/src/install/pkg01_helloworld_cpp/lib/python3.10/site-packages'
[8.051s] Level 1:colcon.colcon_core.environment:checking '/home/lhy/ws00_helloworld/src/install/pkg01_helloworld_cpp/bin'
[8.067s] INFO:colcon.colcon_core.shell:Creating package script '/home/lhy/ws00_helloworld/src/install/pkg01_helloworld_cpp/share/pkg01_helloworld_cpp/package.ps1'
[8.068s] INFO:colcon.colcon_core.shell:Creating package descriptor '/home/lhy/ws00_helloworld/src/install/pkg01_helloworld_cpp/share/pkg01_helloworld_cpp/package.dsv'
[8.068s] INFO:colcon.colcon_core.shell:Creating package script '/home/lhy/ws00_helloworld/src/install/pkg01_helloworld_cpp/share/pkg01_helloworld_cpp/package.sh'
[8.069s] INFO:colcon.colcon_core.shell:Creating package script '/home/lhy/ws00_helloworld/src/install/pkg01_helloworld_cpp/share/pkg01_helloworld_cpp/package.bash'
[8.069s] INFO:colcon.colcon_core.shell:Creating package script '/home/lhy/ws00_helloworld/src/install/pkg01_helloworld_cpp/share/pkg01_helloworld_cpp/package.zsh'
[8.070s] Level 1:colcon.colcon_core.environment:create_file_with_runtime_dependencies(/home/lhy/ws00_helloworld/src/install/pkg01_helloworld_cpp/share/colcon-core/packages/pkg01_helloworld_cpp)
[8.070s] DEBUG:colcon.colcon_parallel_executor.executor.parallel:closing loop
[8.070s] DEBUG:colcon.colcon_parallel_executor.executor.parallel:loop closed
[8.071s] DEBUG:colcon.colcon_parallel_executor.executor.parallel:run_until_complete finished with '0'
[8.071s] DEBUG:colcon.colcon_core.event_reactor:joining thread
[8.096s] INFO:colcon.colcon_core.plugin_system:Skipping extension 'colcon_notification.desktop_notification.terminal_notifier': Not used on non-Darwin systems
[8.097s] INFO:colcon.colcon_core.plugin_system:Skipping extension 'colcon_notification.desktop_notification.win32': Not used on non-Windows systems
[8.097s] INFO:colcon.colcon_notification.desktop_notification:Sending desktop notification using 'notify2'
[8.115s] DEBUG:colcon.colcon_core.event_reactor:joined thread
[8.136s] INFO:colcon.colcon_core.shell:Creating prefix script '/home/lhy/ws00_helloworld/src/install/local_setup.ps1'
[8.137s] INFO:colcon.colcon_core.shell:Creating prefix util module '/home/lhy/ws00_helloworld/src/install/_local_setup_util_ps1.py'
[8.139s] INFO:colcon.colcon_core.shell:Creating prefix chain script '/home/lhy/ws00_helloworld/src/install/setup.ps1'
[8.163s] INFO:colcon.colcon_core.shell:Creating prefix script '/home/lhy/ws00_helloworld/src/install/local_setup.sh'
[8.164s] INFO:colcon.colcon_core.shell:Creating prefix util module '/home/lhy/ws00_helloworld/src/install/_local_setup_util_sh.py'
[8.166s] INFO:colcon.colcon_core.shell:Creating prefix chain script '/home/lhy/ws00_helloworld/src/install/setup.sh'
[8.195s] INFO:colcon.colcon_core.shell:Creating prefix script '/home/lhy/ws00_helloworld/src/install/local_setup.bash'
[8.196s] INFO:colcon.colcon_core.shell:Creating prefix chain script '/home/lhy/ws00_helloworld/src/install/setup.bash'
[8.225s] INFO:colcon.colcon_core.shell:Creating prefix script '/home/lhy/ws00_helloworld/src/install/local_setup.zsh'
[8.226s] INFO:colcon.colcon_core.shell:Creating prefix chain script '/home/lhy/ws00_helloworld/src/install/setup.zsh'
