[0.655s] Invoking command in '/home/lhy/ws00_helloworld/src/pkg02_helloworld_py': PYTHONPATH=/home/lhy/ws00_helloworld/build/pkg02_helloworld_py/prefix_override:/home/lhy/ws00_helloworld/install/pkg02_helloworld_py/lib/python3.10/site-packages:${PYTHONPATH} /usr/bin/python3 setup.py egg_info --egg-base ../../build/pkg02_helloworld_py build --build-base /home/lhy/ws00_helloworld/build/pkg02_helloworld_py/build install --record /home/lhy/ws00_helloworld/build/pkg02_helloworld_py/install.log --single-version-externally-managed
[0.862s] running egg_info
[0.863s] writing ../../build/pkg02_helloworld_py/pkg02_helloworld_py.egg-info/PKG-INFO
[0.863s] writing dependency_links to ../../build/pkg02_helloworld_py/pkg02_helloworld_py.egg-info/dependency_links.txt
[0.863s] writing entry points to ../../build/pkg02_helloworld_py/pkg02_helloworld_py.egg-info/entry_points.txt
[0.863s] writing requirements to ../../build/pkg02_helloworld_py/pkg02_helloworld_py.egg-info/requires.txt
[0.863s] writing top-level names to ../../build/pkg02_helloworld_py/pkg02_helloworld_py.egg-info/top_level.txt
[0.865s] reading manifest file '../../build/pkg02_helloworld_py/pkg02_helloworld_py.egg-info/SOURCES.txt'
[0.865s] writing manifest file '../../build/pkg02_helloworld_py/pkg02_helloworld_py.egg-info/SOURCES.txt'
[0.865s] running build
[0.865s] running build_py
[0.865s] copying pkg02_helloworld_py/helloworld.py -> /home/lhy/ws00_helloworld/build/pkg02_helloworld_py/build/lib/pkg02_helloworld_py
[0.866s] running install
[0.866s] /usr/lib/python3/dist-packages/setuptools/command/install.py:34: SetuptoolsDeprecationWarning: setup.py install is deprecated. Use build and pip and other standards-based tools.
[0.866s]   warnings.warn(
[0.866s] running install_lib
[0.867s] copying /home/lhy/ws00_helloworld/build/pkg02_helloworld_py/build/lib/pkg02_helloworld_py/helloworld.py -> /home/lhy/ws00_helloworld/install/pkg02_helloworld_py/lib/python3.10/site-packages/pkg02_helloworld_py
[0.867s] byte-compiling /home/lhy/ws00_helloworld/install/pkg02_helloworld_py/lib/python3.10/site-packages/pkg02_helloworld_py/helloworld.py to helloworld.cpython-310.pyc
[0.867s] running install_data
[0.868s] running install_egg_info
[0.869s] removing '/home/lhy/ws00_helloworld/install/pkg02_helloworld_py/lib/python3.10/site-packages/pkg02_helloworld_py-0.0.0-py3.10.egg-info' (and everything under it)
[0.869s] Copying ../../build/pkg02_helloworld_py/pkg02_helloworld_py.egg-info to /home/lhy/ws00_helloworld/install/pkg02_helloworld_py/lib/python3.10/site-packages/pkg02_helloworld_py-0.0.0-py3.10.egg-info
[0.870s] running install_scripts
[0.887s] Installing helloworld script to /home/lhy/ws00_helloworld/install/pkg02_helloworld_py/lib/pkg02_helloworld_py
[0.887s] writing list of installed files to '/home/lhy/ws00_helloworld/build/pkg02_helloworld_py/install.log'
[0.910s] Invoked command in '/home/lhy/ws00_helloworld/src/pkg02_helloworld_py' returned '0': PYTHONPATH=/home/lhy/ws00_helloworld/build/pkg02_helloworld_py/prefix_override:/home/lhy/ws00_helloworld/install/pkg02_helloworld_py/lib/python3.10/site-packages:${PYTHONPATH} /usr/bin/python3 setup.py egg_info --egg-base ../../build/pkg02_helloworld_py build --build-base /home/lhy/ws00_helloworld/build/pkg02_helloworld_py/build install --record /home/lhy/ws00_helloworld/build/pkg02_helloworld_py/install.log --single-version-externally-managed
