[0.649s] Invoking command in '/home/lhy/ws00_helloworld/src/pkg02_helloworld_py': PYTHONPATH=/home/lhy/ws00_helloworld/src/build/pkg02_helloworld_py/prefix_override:/home/lhy/ws00_helloworld/src/install/pkg02_helloworld_py/lib/python3.10/site-packages:${PYTHONPATH} /usr/bin/python3 setup.py egg_info --egg-base ../build/pkg02_helloworld_py build --build-base /home/lhy/ws00_helloworld/src/build/pkg02_helloworld_py/build install --record /home/lhy/ws00_helloworld/src/build/pkg02_helloworld_py/install.log --single-version-externally-managed
[0.855s] running egg_info
[0.856s] writing ../build/pkg02_helloworld_py/pkg02_helloworld_py.egg-info/PKG-INFO
[0.856s] writing dependency_links to ../build/pkg02_helloworld_py/pkg02_helloworld_py.egg-info/dependency_links.txt
[0.856s] writing entry points to ../build/pkg02_helloworld_py/pkg02_helloworld_py.egg-info/entry_points.txt
[0.856s] writing requirements to ../build/pkg02_helloworld_py/pkg02_helloworld_py.egg-info/requires.txt
[0.857s] writing top-level names to ../build/pkg02_helloworld_py/pkg02_helloworld_py.egg-info/top_level.txt
[0.858s] reading manifest file '../build/pkg02_helloworld_py/pkg02_helloworld_py.egg-info/SOURCES.txt'
[0.859s] writing manifest file '../build/pkg02_helloworld_py/pkg02_helloworld_py.egg-info/SOURCES.txt'
[0.859s] running build
[0.859s] running build_py
[0.859s] copying pkg02_helloworld_py/helloworld.py -> /home/lhy/ws00_helloworld/src/build/pkg02_helloworld_py/build/lib/pkg02_helloworld_py
[0.859s] running install
[0.859s] /usr/lib/python3/dist-packages/setuptools/command/install.py:34: SetuptoolsDeprecationWarning: setup.py install is deprecated. Use build and pip and other standards-based tools.
[0.859s]   warnings.warn(
[0.859s] running install_lib
[0.860s] copying /home/lhy/ws00_helloworld/src/build/pkg02_helloworld_py/build/lib/pkg02_helloworld_py/helloworld.py -> /home/lhy/ws00_helloworld/src/install/pkg02_helloworld_py/lib/python3.10/site-packages/pkg02_helloworld_py
[0.860s] byte-compiling /home/lhy/ws00_helloworld/src/install/pkg02_helloworld_py/lib/python3.10/site-packages/pkg02_helloworld_py/helloworld.py to helloworld.cpython-310.pyc
[0.861s] running install_data
[0.861s] running install_egg_info
[0.862s] removing '/home/lhy/ws00_helloworld/src/install/pkg02_helloworld_py/lib/python3.10/site-packages/pkg02_helloworld_py-0.0.0-py3.10.egg-info' (and everything under it)
[0.863s] Copying ../build/pkg02_helloworld_py/pkg02_helloworld_py.egg-info to /home/lhy/ws00_helloworld/src/install/pkg02_helloworld_py/lib/python3.10/site-packages/pkg02_helloworld_py-0.0.0-py3.10.egg-info
[0.863s] running install_scripts
[0.881s] Installing helloworld script to /home/lhy/ws00_helloworld/src/install/pkg02_helloworld_py/lib/pkg02_helloworld_py
[0.882s] writing list of installed files to '/home/lhy/ws00_helloworld/src/build/pkg02_helloworld_py/install.log'
[0.905s] Invoked command in '/home/lhy/ws00_helloworld/src/pkg02_helloworld_py' returned '0': PYTHONPATH=/home/lhy/ws00_helloworld/src/build/pkg02_helloworld_py/prefix_override:/home/lhy/ws00_helloworld/src/install/pkg02_helloworld_py/lib/python3.10/site-packages:${PYTHONPATH} /usr/bin/python3 setup.py egg_info --egg-base ../build/pkg02_helloworld_py build --build-base /home/lhy/ws00_helloworld/src/build/pkg02_helloworld_py/build install --record /home/lhy/ws00_helloworld/src/build/pkg02_helloworld_py/install.log --single-version-externally-managed
