[1.027s] Invoking command in '/home/lhy/ws00_helloworld/src/pkg02_helloworld_py': PYTHONPATH=/home/lhy/ws00_helloworld/src/build/pkg02_helloworld_py/prefix_override:/home/lhy/ws00_helloworld/src/install/pkg02_helloworld_py/lib/python3.10/site-packages:${PYTHONPATH} /usr/bin/python3 setup.py egg_info --egg-base ../build/pkg02_helloworld_py build --build-base /home/lhy/ws00_helloworld/src/build/pkg02_helloworld_py/build install --record /home/lhy/ws00_helloworld/src/build/pkg02_helloworld_py/install.log --single-version-externally-managed
[1.301s] running egg_info
[1.302s] creating ../build/pkg02_helloworld_py/pkg02_helloworld_py.egg-info
[1.302s] writing ../build/pkg02_helloworld_py/pkg02_helloworld_py.egg-info/PKG-INFO
[1.303s] writing dependency_links to ../build/pkg02_helloworld_py/pkg02_helloworld_py.egg-info/dependency_links.txt
[1.303s] writing entry points to ../build/pkg02_helloworld_py/pkg02_helloworld_py.egg-info/entry_points.txt
[1.303s] writing requirements to ../build/pkg02_helloworld_py/pkg02_helloworld_py.egg-info/requires.txt
[1.303s] writing top-level names to ../build/pkg02_helloworld_py/pkg02_helloworld_py.egg-info/top_level.txt
[1.303s] writing manifest file '../build/pkg02_helloworld_py/pkg02_helloworld_py.egg-info/SOURCES.txt'
[1.305s] reading manifest file '../build/pkg02_helloworld_py/pkg02_helloworld_py.egg-info/SOURCES.txt'
[1.306s] writing manifest file '../build/pkg02_helloworld_py/pkg02_helloworld_py.egg-info/SOURCES.txt'
[1.306s] running build
[1.306s] running build_py
[1.306s] creating /home/lhy/ws00_helloworld/src/build/pkg02_helloworld_py/build
[1.306s] creating /home/lhy/ws00_helloworld/src/build/pkg02_helloworld_py/build/lib
[1.307s] creating /home/lhy/ws00_helloworld/src/build/pkg02_helloworld_py/build/lib/pkg02_helloworld_py
[1.307s] copying pkg02_helloworld_py/helloworld.py -> /home/lhy/ws00_helloworld/src/build/pkg02_helloworld_py/build/lib/pkg02_helloworld_py
[1.307s] copying pkg02_helloworld_py/__init__.py -> /home/lhy/ws00_helloworld/src/build/pkg02_helloworld_py/build/lib/pkg02_helloworld_py
[1.307s] running install
[1.307s] /usr/lib/python3/dist-packages/setuptools/command/install.py:34: SetuptoolsDeprecationWarning: setup.py install is deprecated. Use build and pip and other standards-based tools.
[1.307s]   warnings.warn(
[1.307s] running install_lib
[1.308s] creating /home/lhy/ws00_helloworld/src/install/pkg02_helloworld_py/lib/python3.10/site-packages/pkg02_helloworld_py
[1.308s] copying /home/lhy/ws00_helloworld/src/build/pkg02_helloworld_py/build/lib/pkg02_helloworld_py/helloworld.py -> /home/lhy/ws00_helloworld/src/install/pkg02_helloworld_py/lib/python3.10/site-packages/pkg02_helloworld_py
[1.308s] copying /home/lhy/ws00_helloworld/src/build/pkg02_helloworld_py/build/lib/pkg02_helloworld_py/__init__.py -> /home/lhy/ws00_helloworld/src/install/pkg02_helloworld_py/lib/python3.10/site-packages/pkg02_helloworld_py
[1.309s] byte-compiling /home/lhy/ws00_helloworld/src/install/pkg02_helloworld_py/lib/python3.10/site-packages/pkg02_helloworld_py/helloworld.py to helloworld.cpython-310.pyc
[1.309s] byte-compiling /home/lhy/ws00_helloworld/src/install/pkg02_helloworld_py/lib/python3.10/site-packages/pkg02_helloworld_py/__init__.py to __init__.cpython-310.pyc
[1.309s] running install_data
[1.310s] creating /home/lhy/ws00_helloworld/src/install/pkg02_helloworld_py/share/ament_index
[1.310s] creating /home/lhy/ws00_helloworld/src/install/pkg02_helloworld_py/share/ament_index/resource_index
[1.310s] creating /home/lhy/ws00_helloworld/src/install/pkg02_helloworld_py/share/ament_index/resource_index/packages
[1.310s] copying resource/pkg02_helloworld_py -> /home/lhy/ws00_helloworld/src/install/pkg02_helloworld_py/share/ament_index/resource_index/packages
[1.310s] copying package.xml -> /home/lhy/ws00_helloworld/src/install/pkg02_helloworld_py/share/pkg02_helloworld_py
[1.310s] running install_egg_info
[1.312s] Copying ../build/pkg02_helloworld_py/pkg02_helloworld_py.egg-info to /home/lhy/ws00_helloworld/src/install/pkg02_helloworld_py/lib/python3.10/site-packages/pkg02_helloworld_py-0.0.0-py3.10.egg-info
[1.313s] running install_scripts
[1.338s] Installing helloworld script to /home/lhy/ws00_helloworld/src/install/pkg02_helloworld_py/lib/pkg02_helloworld_py
[1.338s] writing list of installed files to '/home/lhy/ws00_helloworld/src/build/pkg02_helloworld_py/install.log'
[1.373s] Invoked command in '/home/lhy/ws00_helloworld/src/pkg02_helloworld_py' returned '0': PYTHONPATH=/home/lhy/ws00_helloworld/src/build/pkg02_helloworld_py/prefix_override:/home/lhy/ws00_helloworld/src/install/pkg02_helloworld_py/lib/python3.10/site-packages:${PYTHONPATH} /usr/bin/python3 setup.py egg_info --egg-base ../build/pkg02_helloworld_py build --build-base /home/lhy/ws00_helloworld/src/build/pkg02_helloworld_py/build install --record /home/lhy/ws00_helloworld/src/build/pkg02_helloworld_py/install.log --single-version-externally-managed
