[0.194s] Invoking command in '/home/lhy/ws00_helloworld/src/build/pkg01_helloworld_cpp': CMAKE_PREFIX_PATH=${CMAKE_PREFIX_PATH}:/opt/ros/humble /usr/bin/cmake /home/lhy/ws00_helloworld/src/pkg01_helloworld_cpp -DCMAKE_INSTALL_PREFIX=/home/lhy/ws00_helloworld/src/install/pkg01_helloworld_cpp
[0.290s] -- The C compiler identification is GNU 11.4.0
[0.357s] -- The CXX compiler identification is GNU 11.4.0
[0.365s] -- Detecting C compiler ABI info
[0.441s] -- Detecting C compiler ABI info - done
[0.459s] -- Check for working C compiler: /usr/bin/cc - skipped
[0.460s] -- Detecting C compile features
[0.461s] -- Detecting C compile features - done
[0.467s] -- Detecting CXX compiler ABI info
[0.573s] -- Detecting CXX compiler ABI info - done
[0.593s] -- Check for working CXX compiler: /usr/bin/c++ - skipped
[0.594s] -- Detecting CXX compile features
[0.594s] -- Detecting CXX compile features - done
[0.598s] -- Found ament_cmake: 1.3.3 (/opt/ros/humble/share/ament_cmake/cmake)
[0.819s] -- Found Python3: /usr/bin/python3.10 (found version "3.10.12") found components: Interpreter 
[0.943s] -- Found rclcpp: 16.0.3 (/opt/ros/humble/share/rclcpp/cmake)
[0.994s] -- Found rosidl_generator_c: 3.1.4 (/opt/ros/humble/share/rosidl_generator_c/cmake)
[1.000s] -- Found rosidl_adapter: 3.1.4 (/opt/ros/humble/share/rosidl_adapter/cmake)
[1.010s] -- Found rosidl_generator_cpp: 3.1.4 (/opt/ros/humble/share/rosidl_generator_cpp/cmake)
[1.026s] -- Using all available rosidl_typesupport_c: rosidl_typesupport_fastrtps_c;rosidl_typesupport_introspection_c
[1.050s] -- Using all available rosidl_typesupport_cpp: rosidl_typesupport_fastrtps_cpp;rosidl_typesupport_introspection_cpp
[1.139s] -- Found rmw_implementation_cmake: 6.1.1 (/opt/ros/humble/share/rmw_implementation_cmake/cmake)
[1.142s] -- Found rmw_fastrtps_cpp: 6.2.2 (/opt/ros/humble/share/rmw_fastrtps_cpp/cmake)
[1.265s] -- Found OpenSSL: /usr/lib/x86_64-linux-gnu/libcrypto.so (found version "3.0.2")  
[1.297s] -- Found FastRTPS: /opt/ros/humble/include  
[1.351s] -- Using RMW implementation 'rmw_fastrtps_cpp' as default
[1.362s] -- Looking for pthread.h
[1.455s] -- Looking for pthread.h - found
[1.456s] -- Performing Test CMAKE_HAVE_LIBC_PTHREAD
[1.557s] -- Performing Test CMAKE_HAVE_LIBC_PTHREAD - Success
[1.559s] -- Found Threads: TRUE  
[1.810s] -- Found ament_lint_auto: 0.12.5 (/opt/ros/humble/share/ament_lint_auto/cmake)
[1.913s] -- Added test 'cppcheck' to perform static code analysis on C / C++ code
[1.913s] -- Configured cppcheck include dirs: $<BUILD_INTERFACE:/home/lhy/ws00_helloworld/src/pkg01_helloworld_cpp/include>
[1.913s] -- Configured cppcheck exclude dirs and/or files: 
[1.914s] -- Added test 'lint_cmake' to check CMake code style
[1.916s] -- Added test 'uncrustify' to check C / C++ code style
[1.916s] -- Configured uncrustify additional arguments: 
[1.916s] -- Added test 'xmllint' to check XML markup files
[1.919s] -- Configuring done
[1.931s] -- Generating done
[1.933s] -- Build files have been written to: /home/lhy/ws00_helloworld/src/build/pkg01_helloworld_cpp
[1.945s] Invoked command in '/home/lhy/ws00_helloworld/src/build/pkg01_helloworld_cpp' returned '0': CMAKE_PREFIX_PATH=${CMAKE_PREFIX_PATH}:/opt/ros/humble /usr/bin/cmake /home/lhy/ws00_helloworld/src/pkg01_helloworld_cpp -DCMAKE_INSTALL_PREFIX=/home/lhy/ws00_helloworld/src/install/pkg01_helloworld_cpp
[1.948s] Invoking command in '/home/lhy/ws00_helloworld/src/build/pkg01_helloworld_cpp': CMAKE_PREFIX_PATH=${CMAKE_PREFIX_PATH}:/opt/ros/humble /usr/bin/cmake --build /home/lhy/ws00_helloworld/src/build/pkg01_helloworld_cpp -- -j8 -l8
[2.013s] [ 50%] [32mBuilding CXX object CMakeFiles/helloworld.dir/src/helloworld.cpp.o[0m
[5.935s] [100%] [32m[1mLinking CXX executable helloworld[0m
[6.088s] [100%] Built target helloworld
[6.106s] Invoked command in '/home/lhy/ws00_helloworld/src/build/pkg01_helloworld_cpp' returned '0': CMAKE_PREFIX_PATH=${CMAKE_PREFIX_PATH}:/opt/ros/humble /usr/bin/cmake --build /home/lhy/ws00_helloworld/src/build/pkg01_helloworld_cpp -- -j8 -l8
[6.150s] Invoking command in '/home/lhy/ws00_helloworld/src/build/pkg01_helloworld_cpp': CMAKE_PREFIX_PATH=${CMAKE_PREFIX_PATH}:/opt/ros/humble /usr/bin/cmake --install /home/lhy/ws00_helloworld/src/build/pkg01_helloworld_cpp
[6.161s] -- Install configuration: ""
[6.161s] -- Installing: /home/lhy/ws00_helloworld/src/install/pkg01_helloworld_cpp/lib/pkg01_helloworld_cpp/helloworld
[6.162s] -- Set runtime path of "/home/lhy/ws00_helloworld/src/install/pkg01_helloworld_cpp/lib/pkg01_helloworld_cpp/helloworld" to ""
[6.162s] -- Installing: /home/lhy/ws00_helloworld/src/install/pkg01_helloworld_cpp/share/ament_index/resource_index/package_run_dependencies/pkg01_helloworld_cpp
[6.162s] -- Installing: /home/lhy/ws00_helloworld/src/install/pkg01_helloworld_cpp/share/ament_index/resource_index/parent_prefix_path/pkg01_helloworld_cpp
[6.163s] -- Installing: /home/lhy/ws00_helloworld/src/install/pkg01_helloworld_cpp/share/pkg01_helloworld_cpp/environment/ament_prefix_path.sh
[6.163s] -- Installing: /home/lhy/ws00_helloworld/src/install/pkg01_helloworld_cpp/share/pkg01_helloworld_cpp/environment/ament_prefix_path.dsv
[6.163s] -- Installing: /home/lhy/ws00_helloworld/src/install/pkg01_helloworld_cpp/share/pkg01_helloworld_cpp/environment/path.sh
[6.164s] -- Installing: /home/lhy/ws00_helloworld/src/install/pkg01_helloworld_cpp/share/pkg01_helloworld_cpp/environment/path.dsv
[6.164s] -- Installing: /home/lhy/ws00_helloworld/src/install/pkg01_helloworld_cpp/share/pkg01_helloworld_cpp/local_setup.bash
[6.164s] -- Installing: /home/lhy/ws00_helloworld/src/install/pkg01_helloworld_cpp/share/pkg01_helloworld_cpp/local_setup.sh
[6.164s] -- Installing: /home/lhy/ws00_helloworld/src/install/pkg01_helloworld_cpp/share/pkg01_helloworld_cpp/local_setup.zsh
[6.165s] -- Installing: /home/lhy/ws00_helloworld/src/install/pkg01_helloworld_cpp/share/pkg01_helloworld_cpp/local_setup.dsv
[6.165s] -- Installing: /home/lhy/ws00_helloworld/src/install/pkg01_helloworld_cpp/share/pkg01_helloworld_cpp/package.dsv
[6.165s] -- Installing: /home/lhy/ws00_helloworld/src/install/pkg01_helloworld_cpp/share/ament_index/resource_index/packages/pkg01_helloworld_cpp
[6.165s] -- Installing: /home/lhy/ws00_helloworld/src/install/pkg01_helloworld_cpp/share/pkg01_helloworld_cpp/cmake/pkg01_helloworld_cppConfig.cmake
[6.166s] -- Installing: /home/lhy/ws00_helloworld/src/install/pkg01_helloworld_cpp/share/pkg01_helloworld_cpp/cmake/pkg01_helloworld_cppConfig-version.cmake
[6.166s] -- Installing: /home/lhy/ws00_helloworld/src/install/pkg01_helloworld_cpp/share/pkg01_helloworld_cpp/package.xml
[6.169s] Invoked command in '/home/lhy/ws00_helloworld/src/build/pkg01_helloworld_cpp' returned '0': CMAKE_PREFIX_PATH=${CMAKE_PREFIX_PATH}:/opt/ros/humble /usr/bin/cmake --install /home/lhy/ws00_helloworld/src/build/pkg01_helloworld_cpp
