[35m[1mConsolidate compiler generated dependencies of target turtlesim__rosidl_generator_c[0m
[  1%] Built target turtlesim__cpp
[ 11%] Built target turtlesim__rosidl_generator_c
[ 11%] Built target ament_cmake_python_copy_turtlesim
[35m[1mConsolidate compiler generated dependencies of target turtlesim__rosidl_typesupport_cpp[0m
[35m[1mConsolidate compiler generated dependencies of target turtlesim__rosidl_typesupport_fastrtps_cpp[0m
[35m[1mConsolidate compiler generated dependencies of target turtlesim__rosidl_typesupport_introspection_cpp[0m
[35m[1mConsolidate compiler generated dependencies of target turtlesim__rosidl_typesupport_c[0m
[35m[1mConsolidate compiler generated dependencies of target turtlesim__rosidl_typesupport_introspection_c[0m
[35m[1mConsolidate compiler generated dependencies of target turtlesim__rosidl_typesupport_fastrtps_c[0m
[ 21%] Built target turtlesim__rosidl_typesupport_c
[ 31%] Built target turtlesim__rosidl_typesupport_introspection_c
[ 41%] Built target turtlesim__rosidl_typesupport_introspection_cpp
[ 51%] Built target turtlesim__rosidl_typesupport_cpp
[ 61%] Built target turtlesim__rosidl_typesupport_fastrtps_cpp
[ 71%] Built target turtlesim__rosidl_typesupport_fastrtps_c
[35m[1mConsolidate compiler generated dependencies of target draw_square[0m
[35m[1mConsolidate compiler generated dependencies of target turtle_teleop_key[0m
[35m[1mConsolidate compiler generated dependencies of target mimic[0m
[35m[1mConsolidate compiler generated dependencies of target turtlesim_node[0m
[ 71%] Built target turtlesim
[ 73%] Built target turtle_teleop_key
[ 75%] Built target mimic
[ 77%] Built target draw_square
[ 78%] [32mBuilding CXX object CMakeFiles/turtlesim_node.dir/include/turtlesim/moc_turtle_frame.cpp.o[0m
[ 79%] [32mBuilding CXX object CMakeFiles/turtlesim_node.dir/src/turtle_frame.cpp.o[0m
[ 80%] Built target turtlesim__py
[35m[1mConsolidate compiler generated dependencies of target turtlesim__rosidl_generator_py[0m
[ 89%] Built target turtlesim__rosidl_generator_py
[35m[1mConsolidate compiler generated dependencies of target turtlesim__rosidl_typesupport_introspection_c__pyext[0m
[35m[1mConsolidate compiler generated dependencies of target turtlesim__rosidl_typesupport_c__pyext[0m
[35m[1mConsolidate compiler generated dependencies of target turtlesim__rosidl_typesupport_fastrtps_c__pyext[0m
[ 91%] Built target turtlesim__rosidl_typesupport_introspection_c__pyext
[ 93%] Built target turtlesim__rosidl_typesupport_c__pyext
[ 95%] Built target turtlesim__rosidl_typesupport_fastrtps_c__pyext
running egg_info
writing turtlesim.egg-info/PKG-INFO
writing dependency_links to turtlesim.egg-info/dependency_links.txt
writing top-level names to turtlesim.egg-info/top_level.txt
reading manifest file 'turtlesim.egg-info/SOURCES.txt'
writing manifest file 'turtlesim.egg-info/SOURCES.txt'
[ 95%] Built target ament_cmake_python_build_turtlesim_egg
