[0.072s] Invoking command in '/home/lhy/ws00_helloworld/build/pkg03_hellovscode_cpp': CMAKE_PREFIX_PATH=${CMAKE_PREFIX_PATH}:/home/lhy/ws00_helloworld/install/pkg02_helloworld_py:/opt/ros/humble /usr/bin/cmake --build /home/lhy/ws00_helloworld/build/pkg03_hellovscode_cpp -- -j8 -l8
[0.094s] -- Found ament_cmake: 1.3.3 (/opt/ros/humble/share/ament_cmake/cmake)
[0.236s] -- Found rclcpp: 16.0.3 (/opt/ros/humble/share/rclcpp/cmake)
[0.264s] -- Found rosidl_generator_c: 3.1.4 (/opt/ros/humble/share/rosidl_generator_c/cmake)
[0.266s] -- Found rosidl_adapter: 3.1.4 (/opt/ros/humble/share/rosidl_adapter/cmake)
[0.271s] -- Found rosidl_generator_cpp: 3.1.4 (/opt/ros/humble/share/rosidl_generator_cpp/cmake)
[0.281s] -- Using all available rosidl_typesupport_c: rosidl_typesupport_fastrtps_c;rosidl_typesupport_introspection_c
[0.295s] -- Using all available rosidl_typesupport_cpp: rosidl_typesupport_fastrtps_cpp;rosidl_typesupport_introspection_cpp
[0.350s] -- Found rmw_implementation_cmake: 6.1.1 (/opt/ros/humble/share/rmw_implementation_cmake/cmake)
[0.351s] -- Found rmw_fastrtps_cpp: 6.2.2 (/opt/ros/humble/share/rmw_fastrtps_cpp/cmake)
[0.460s] -- Using RMW implementation 'rmw_fastrtps_cpp' as default
[0.616s] -- Found ament_lint_auto: 0.12.5 (/opt/ros/humble/share/ament_lint_auto/cmake)
[0.677s] -- Added test 'cppcheck' to perform static code analysis on C / C++ code
[0.677s] -- Configured cppcheck include dirs: $<BUILD_INTERFACE:/home/lhy/ws00_helloworld/src/pkg03_hellovscode_cpp/include>
[0.677s] -- Configured cppcheck exclude dirs and/or files: 
[0.677s] -- Added test 'lint_cmake' to check CMake code style
[0.678s] -- Added test 'uncrustify' to check C / C++ code style
[0.678s] -- Configured uncrustify additional arguments: 
[0.678s] -- Added test 'xmllint' to check XML markup files
[0.679s] -- Configuring done
[0.688s] -- Generating done
[0.689s] -- Build files have been written to: /home/lhy/ws00_helloworld/build/pkg03_hellovscode_cpp
[0.716s] [35m[1mConsolidate compiler generated dependencies of target hellovscode[0m
[0.728s] [ 25%] [32mBuilding CXX object CMakeFiles/hellovscode2.dir/src/hellovscode2.cpp.o[0m
[0.735s] [ 75%] Built target hellovscode
[3.526s] [100%] [32m[1mLinking CXX executable hellovscode2[0m
[3.649s] [100%] Built target hellovscode2
[3.663s] Invoked command in '/home/lhy/ws00_helloworld/build/pkg03_hellovscode_cpp' returned '0': CMAKE_PREFIX_PATH=${CMAKE_PREFIX_PATH}:/home/lhy/ws00_helloworld/install/pkg02_helloworld_py:/opt/ros/humble /usr/bin/cmake --build /home/lhy/ws00_helloworld/build/pkg03_hellovscode_cpp -- -j8 -l8
[3.711s] Invoking command in '/home/lhy/ws00_helloworld/build/pkg03_hellovscode_cpp': CMAKE_PREFIX_PATH=${CMAKE_PREFIX_PATH}:/home/lhy/ws00_helloworld/install/pkg02_helloworld_py:/opt/ros/humble /usr/bin/cmake --install /home/lhy/ws00_helloworld/build/pkg03_hellovscode_cpp
[3.722s] -- Install configuration: ""
[3.722s] -- Up-to-date: /home/lhy/ws00_helloworld/install/pkg03_hellovscode_cpp/lib/pkg03_hellovscode_cpp/hellovscode
[3.722s] -- Installing: /home/lhy/ws00_helloworld/install/pkg03_hellovscode_cpp/lib/pkg03_hellovscode_cpp/hellovscode2
[3.723s] -- Set runtime path of "/home/lhy/ws00_helloworld/install/pkg03_hellovscode_cpp/lib/pkg03_hellovscode_cpp/hellovscode2" to ""
[3.723s] -- Up-to-date: /home/lhy/ws00_helloworld/install/pkg03_hellovscode_cpp/share/ament_index/resource_index/package_run_dependencies/pkg03_hellovscode_cpp
[3.723s] -- Installing: /home/lhy/ws00_helloworld/install/pkg03_hellovscode_cpp/share/ament_index/resource_index/parent_prefix_path/pkg03_hellovscode_cpp
[3.724s] -- Up-to-date: /home/lhy/ws00_helloworld/install/pkg03_hellovscode_cpp/share/pkg03_hellovscode_cpp/environment/ament_prefix_path.sh
[3.724s] -- Installing: /home/lhy/ws00_helloworld/install/pkg03_hellovscode_cpp/share/pkg03_hellovscode_cpp/environment/ament_prefix_path.dsv
[3.724s] -- Up-to-date: /home/lhy/ws00_helloworld/install/pkg03_hellovscode_cpp/share/pkg03_hellovscode_cpp/environment/path.sh
[3.724s] -- Installing: /home/lhy/ws00_helloworld/install/pkg03_hellovscode_cpp/share/pkg03_hellovscode_cpp/environment/path.dsv
[3.724s] -- Up-to-date: /home/lhy/ws00_helloworld/install/pkg03_hellovscode_cpp/share/pkg03_hellovscode_cpp/local_setup.bash
[3.724s] -- Up-to-date: /home/lhy/ws00_helloworld/install/pkg03_hellovscode_cpp/share/pkg03_hellovscode_cpp/local_setup.sh
[3.724s] -- Up-to-date: /home/lhy/ws00_helloworld/install/pkg03_hellovscode_cpp/share/pkg03_hellovscode_cpp/local_setup.zsh
[3.725s] -- Installing: /home/lhy/ws00_helloworld/install/pkg03_hellovscode_cpp/share/pkg03_hellovscode_cpp/local_setup.dsv
[3.725s] -- Installing: /home/lhy/ws00_helloworld/install/pkg03_hellovscode_cpp/share/pkg03_hellovscode_cpp/package.dsv
[3.725s] -- Up-to-date: /home/lhy/ws00_helloworld/install/pkg03_hellovscode_cpp/share/ament_index/resource_index/packages/pkg03_hellovscode_cpp
[3.725s] -- Up-to-date: /home/lhy/ws00_helloworld/install/pkg03_hellovscode_cpp/share/pkg03_hellovscode_cpp/cmake/pkg03_hellovscode_cppConfig.cmake
[3.725s] -- Up-to-date: /home/lhy/ws00_helloworld/install/pkg03_hellovscode_cpp/share/pkg03_hellovscode_cpp/cmake/pkg03_hellovscode_cppConfig-version.cmake
[3.725s] -- Up-to-date: /home/lhy/ws00_helloworld/install/pkg03_hellovscode_cpp/share/pkg03_hellovscode_cpp/package.xml
[3.728s] Invoked command in '/home/lhy/ws00_helloworld/build/pkg03_hellovscode_cpp' returned '0': CMAKE_PREFIX_PATH=${CMAKE_PREFIX_PATH}:/home/lhy/ws00_helloworld/install/pkg02_helloworld_py:/opt/ros/humble /usr/bin/cmake --install /home/lhy/ws00_helloworld/build/pkg03_hellovscode_cpp
