[0.129s] Invoking command in '/home/lhy/ws00_helloworld/src/build/pkg01_helloworld_cpp': CMAKE_PREFIX_PATH=${CMAKE_PREFIX_PATH}:/opt/ros/humble /usr/bin/cmake --build /home/lhy/ws00_helloworld/src/build/pkg01_helloworld_cpp -- -j8 -l8
[0.165s] [35m[1mConsolidate compiler generated dependencies of target helloworld[0m
[0.185s] [100%] Built target helloworld
[0.418s] Invoked command in '/home/lhy/ws00_helloworld/src/build/pkg01_helloworld_cpp' returned '0': CMAKE_PREFIX_PATH=${CMAKE_PREFIX_PATH}:/opt/ros/humble /usr/bin/cmake --build /home/lhy/ws00_helloworld/src/build/pkg01_helloworld_cpp -- -j8 -l8
[0.451s] Invoking command in '/home/lhy/ws00_helloworld/src/build/pkg01_helloworld_cpp': CMAKE_PREFIX_PATH=${CMAKE_PREFIX_PATH}:/opt/ros/humble /usr/bin/cmake --install /home/lhy/ws00_helloworld/src/build/pkg01_helloworld_cpp
[0.457s] -- Install configuration: ""
[0.457s] -- Up-to-date: /home/lhy/ws00_helloworld/src/install/pkg01_helloworld_cpp/lib/pkg01_helloworld_cpp/helloworld
[0.457s] -- Up-to-date: /home/lhy/ws00_helloworld/src/install/pkg01_helloworld_cpp/share/ament_index/resource_index/package_run_dependencies/pkg01_helloworld_cpp
[0.457s] -- Up-to-date: /home/lhy/ws00_helloworld/src/install/pkg01_helloworld_cpp/share/ament_index/resource_index/parent_prefix_path/pkg01_helloworld_cpp
[0.458s] -- Up-to-date: /home/lhy/ws00_helloworld/src/install/pkg01_helloworld_cpp/share/pkg01_helloworld_cpp/environment/ament_prefix_path.sh
[0.458s] -- Up-to-date: /home/lhy/ws00_helloworld/src/install/pkg01_helloworld_cpp/share/pkg01_helloworld_cpp/environment/ament_prefix_path.dsv
[0.458s] -- Up-to-date: /home/lhy/ws00_helloworld/src/install/pkg01_helloworld_cpp/share/pkg01_helloworld_cpp/environment/path.sh
[0.458s] -- Up-to-date: /home/lhy/ws00_helloworld/src/install/pkg01_helloworld_cpp/share/pkg01_helloworld_cpp/environment/path.dsv
[0.458s] -- Up-to-date: /home/lhy/ws00_helloworld/src/install/pkg01_helloworld_cpp/share/pkg01_helloworld_cpp/local_setup.bash
[0.458s] -- Up-to-date: /home/lhy/ws00_helloworld/src/install/pkg01_helloworld_cpp/share/pkg01_helloworld_cpp/local_setup.sh
[0.458s] -- Up-to-date: /home/lhy/ws00_helloworld/src/install/pkg01_helloworld_cpp/share/pkg01_helloworld_cpp/local_setup.zsh
[0.458s] -- Up-to-date: /home/lhy/ws00_helloworld/src/install/pkg01_helloworld_cpp/share/pkg01_helloworld_cpp/local_setup.dsv
[0.458s] -- Installing: /home/lhy/ws00_helloworld/src/install/pkg01_helloworld_cpp/share/pkg01_helloworld_cpp/package.dsv
[0.459s] -- Up-to-date: /home/lhy/ws00_helloworld/src/install/pkg01_helloworld_cpp/share/ament_index/resource_index/packages/pkg01_helloworld_cpp
[0.459s] -- Up-to-date: /home/lhy/ws00_helloworld/src/install/pkg01_helloworld_cpp/share/pkg01_helloworld_cpp/cmake/pkg01_helloworld_cppConfig.cmake
[0.459s] -- Up-to-date: /home/lhy/ws00_helloworld/src/install/pkg01_helloworld_cpp/share/pkg01_helloworld_cpp/cmake/pkg01_helloworld_cppConfig-version.cmake
[0.459s] -- Up-to-date: /home/lhy/ws00_helloworld/src/install/pkg01_helloworld_cpp/share/pkg01_helloworld_cpp/package.xml
[0.460s] Invoked command in '/home/lhy/ws00_helloworld/src/build/pkg01_helloworld_cpp' returned '0': CMAKE_PREFIX_PATH=${CMAKE_PREFIX_PATH}:/opt/ros/humble /usr/bin/cmake --install /home/lhy/ws00_helloworld/src/build/pkg01_helloworld_cpp
