[0.133s] Invoking command in '/home/lhy/ws00_helloworld/src/build/pkg01_helloworld_cpp': CMAKE_PREFIX_PATH=${CMAKE_PREFIX_PATH}:/opt/ros/humble /usr/bin/cmake --build /home/lhy/ws00_helloworld/src/build/pkg01_helloworld_cpp -- -j8 -l8
[0.183s] [100%] Built target helloworld
[0.472s] Invoked command in '/home/lhy/ws00_helloworld/src/build/pkg01_helloworld_cpp' returned '0': CMAKE_PREFIX_PATH=${CMAKE_PREFIX_PATH}:/opt/ros/humble /usr/bin/cmake --build /home/lhy/ws00_helloworld/src/build/pkg01_helloworld_cpp -- -j8 -l8
[0.503s] Invoking command in '/home/lhy/ws00_helloworld/src/build/pkg01_helloworld_cpp': CMAKE_PREFIX_PATH=${CMAKE_PREFIX_PATH}:/opt/ros/humble /usr/bin/cmake --install /home/lhy/ws00_helloworld/src/build/pkg01_helloworld_cpp
[0.509s] -- Install configuration: ""
[0.510s] -- Up-to-date: /home/lhy/ws00_helloworld/src/install/pkg01_helloworld_cpp/lib/pkg01_helloworld_cpp/helloworld
[0.510s] -- Up-to-date: /home/lhy/ws00_helloworld/src/install/pkg01_helloworld_cpp/share/ament_index/resource_index/package_run_dependencies/pkg01_helloworld_cpp
[0.510s] -- Up-to-date: /home/lhy/ws00_helloworld/src/install/pkg01_helloworld_cpp/share/ament_index/resource_index/parent_prefix_path/pkg01_helloworld_cpp
[0.510s] -- Up-to-date: /home/lhy/ws00_helloworld/src/install/pkg01_helloworld_cpp/share/pkg01_helloworld_cpp/environment/ament_prefix_path.sh
[0.510s] -- Up-to-date: /home/lhy/ws00_helloworld/src/install/pkg01_helloworld_cpp/share/pkg01_helloworld_cpp/environment/ament_prefix_path.dsv
[0.510s] -- Up-to-date: /home/lhy/ws00_helloworld/src/install/pkg01_helloworld_cpp/share/pkg01_helloworld_cpp/environment/path.sh
[0.511s] -- Up-to-date: /home/lhy/ws00_helloworld/src/install/pkg01_helloworld_cpp/share/pkg01_helloworld_cpp/environment/path.dsv
[0.511s] -- Up-to-date: /home/lhy/ws00_helloworld/src/install/pkg01_helloworld_cpp/share/pkg01_helloworld_cpp/local_setup.bash
[0.511s] -- Up-to-date: /home/lhy/ws00_helloworld/src/install/pkg01_helloworld_cpp/share/pkg01_helloworld_cpp/local_setup.sh
[0.511s] -- Up-to-date: /home/lhy/ws00_helloworld/src/install/pkg01_helloworld_cpp/share/pkg01_helloworld_cpp/local_setup.zsh
[0.511s] -- Up-to-date: /home/lhy/ws00_helloworld/src/install/pkg01_helloworld_cpp/share/pkg01_helloworld_cpp/local_setup.dsv
[0.511s] -- Installing: /home/lhy/ws00_helloworld/src/install/pkg01_helloworld_cpp/share/pkg01_helloworld_cpp/package.dsv
[0.511s] -- Up-to-date: /home/lhy/ws00_helloworld/src/install/pkg01_helloworld_cpp/share/ament_index/resource_index/packages/pkg01_helloworld_cpp
[0.511s] -- Up-to-date: /home/lhy/ws00_helloworld/src/install/pkg01_helloworld_cpp/share/pkg01_helloworld_cpp/cmake/pkg01_helloworld_cppConfig.cmake
[0.511s] -- Up-to-date: /home/lhy/ws00_helloworld/src/install/pkg01_helloworld_cpp/share/pkg01_helloworld_cpp/cmake/pkg01_helloworld_cppConfig-version.cmake
[0.512s] -- Up-to-date: /home/lhy/ws00_helloworld/src/install/pkg01_helloworld_cpp/share/pkg01_helloworld_cpp/package.xml
[0.513s] Invoked command in '/home/lhy/ws00_helloworld/src/build/pkg01_helloworld_cpp' returned '0': CMAKE_PREFIX_PATH=${CMAKE_PREFIX_PATH}:/opt/ros/humble /usr/bin/cmake --install /home/lhy/ws00_helloworld/src/build/pkg01_helloworld_cpp
