[0.845s] DEBUG:colcon:Command line arguments: ['/usr/bin/colcon', 'build']
[0.845s] DEBUG:colcon:Parsed command line arguments: Namespace(log_base=None, log_level=None, verb_name='build', build_base='build', install_base='install', merge_install=False, symlink_install=False, test_result_base=None, continue_on_error=False, executor='parallel', parallel_workers=8, event_handlers=None, ignore_user_meta=False, metas=['./colcon.meta'], base_paths=['.'], packages_ignore=None, packages_ignore_regex=None, paths=None, packages_up_to=None, packages_up_to_regex=None, packages_above=None, packages_above_and_dependencies=None, packages_above_depth=None, packages_select_by_dep=None, packages_skip_by_dep=None, packages_skip_up_to=None, packages_select_build_failed=False, packages_skip_build_finished=False, packages_select_test_failures=False, packages_skip_test_passed=False, packages_select=None, packages_skip=None, packages_select_regex=None, packages_skip_regex=None, packages_start=None, packages_end=None, allow_overriding=[], cmake_args=None, cmake_target=None, cmake_target_skip_unavailable=False, cmake_clean_cache=False, cmake_clean_first=False, cmake_force_configure=False, ament_cmake_args=None, catkin_cmake_args=None, catkin_skip_building_tests=False, verb_parser=<colcon_defaults.argument_parser.defaults.DefaultArgumentsDecorator object at 0x7fc6c599cbe0>, verb_extension=<colcon_core.verb.build.BuildVerb object at 0x7fc6c59924d0>, main=<bound method BuildVerb.main of <colcon_core.verb.build.BuildVerb object at 0x7fc6c59924d0>>)
[0.885s] Level 1:colcon.colcon_core.package_discovery:discover_packages(colcon_meta) check parameters
[0.885s] Level 1:colcon.colcon_core.package_discovery:discover_packages(recursive) check parameters
[0.885s] Level 1:colcon.colcon_core.package_discovery:discover_packages(ignore) check parameters
[0.885s] Level 1:colcon.colcon_core.package_discovery:discover_packages(path) check parameters
[0.885s] Level 1:colcon.colcon_core.package_discovery:discover_packages(colcon_meta) discover
[0.885s] Level 1:colcon.colcon_core.package_discovery:discover_packages(recursive) discover
[0.885s] INFO:colcon.colcon_core.package_discovery:Crawling recursively for packages in '/home/lhy/ws00_helloworld'
[0.885s] Level 1:colcon.colcon_core.package_identification:_identify(.) by extensions ['ignore', 'ignore_ament_install']
[0.885s] Level 1:colcon.colcon_core.package_identification:_identify(.) by extension 'ignore'
[0.886s] Level 1:colcon.colcon_core.package_identification:_identify(.) by extension 'ignore_ament_install'
[0.886s] Level 1:colcon.colcon_core.package_identification:_identify(.) by extensions ['colcon_pkg']
[0.886s] Level 1:colcon.colcon_core.package_identification:_identify(.) by extension 'colcon_pkg'
[0.886s] Level 1:colcon.colcon_core.package_identification:_identify(.) by extensions ['colcon_meta']
[0.886s] Level 1:colcon.colcon_core.package_identification:_identify(.) by extension 'colcon_meta'
[0.886s] Level 1:colcon.colcon_core.package_identification:_identify(.) by extensions ['ros']
[0.886s] Level 1:colcon.colcon_core.package_identification:_identify(.) by extension 'ros'
[0.895s] Level 1:colcon.colcon_core.package_identification:_identify(.) by extensions ['cmake', 'python']
[0.895s] Level 1:colcon.colcon_core.package_identification:_identify(.) by extension 'cmake'
[0.895s] Level 1:colcon.colcon_core.package_identification:_identify(.) by extension 'python'
[0.895s] Level 1:colcon.colcon_core.package_identification:_identify(.) by extensions ['python_setup_py']
[0.895s] Level 1:colcon.colcon_core.package_identification:_identify(.) by extension 'python_setup_py'
[0.895s] Level 1:colcon.colcon_core.package_identification:_identify(build) by extensions ['ignore', 'ignore_ament_install']
[0.895s] Level 1:colcon.colcon_core.package_identification:_identify(build) by extension 'ignore'
[0.895s] Level 1:colcon.colcon_core.package_identification:_identify(build) ignored
[0.895s] Level 1:colcon.colcon_core.package_identification:_identify(install) by extensions ['ignore', 'ignore_ament_install']
[0.895s] Level 1:colcon.colcon_core.package_identification:_identify(install) by extension 'ignore'
[0.895s] Level 1:colcon.colcon_core.package_identification:_identify(install) ignored
[0.895s] Level 1:colcon.colcon_core.package_identification:_identify(log) by extensions ['ignore', 'ignore_ament_install']
[0.896s] Level 1:colcon.colcon_core.package_identification:_identify(log) by extension 'ignore'
[0.896s] Level 1:colcon.colcon_core.package_identification:_identify(log) ignored
[0.896s] Level 1:colcon.colcon_core.package_identification:_identify(src) by extensions ['ignore', 'ignore_ament_install']
[0.896s] Level 1:colcon.colcon_core.package_identification:_identify(src) by extension 'ignore'
[0.896s] Level 1:colcon.colcon_core.package_identification:_identify(src) by extension 'ignore_ament_install'
[0.896s] Level 1:colcon.colcon_core.package_identification:_identify(src) by extensions ['colcon_pkg']
[0.896s] Level 1:colcon.colcon_core.package_identification:_identify(src) by extension 'colcon_pkg'
[0.896s] Level 1:colcon.colcon_core.package_identification:_identify(src) by extensions ['colcon_meta']
[0.896s] Level 1:colcon.colcon_core.package_identification:_identify(src) by extension 'colcon_meta'
[0.896s] Level 1:colcon.colcon_core.package_identification:_identify(src) by extensions ['ros']
[0.896s] Level 1:colcon.colcon_core.package_identification:_identify(src) by extension 'ros'
[0.896s] Level 1:colcon.colcon_core.package_identification:_identify(src) by extensions ['cmake', 'python']
[0.896s] Level 1:colcon.colcon_core.package_identification:_identify(src) by extension 'cmake'
[0.896s] Level 1:colcon.colcon_core.package_identification:_identify(src) by extension 'python'
[0.896s] Level 1:colcon.colcon_core.package_identification:_identify(src) by extensions ['python_setup_py']
[0.896s] Level 1:colcon.colcon_core.package_identification:_identify(src) by extension 'python_setup_py'
[0.896s] Level 1:colcon.colcon_core.package_identification:_identify(src/build) by extensions ['ignore', 'ignore_ament_install']
[0.896s] Level 1:colcon.colcon_core.package_identification:_identify(src/build) by extension 'ignore'
[0.896s] Level 1:colcon.colcon_core.package_identification:_identify(src/build) ignored
[0.896s] Level 1:colcon.colcon_core.package_identification:_identify(src/install) by extensions ['ignore', 'ignore_ament_install']
[0.897s] Level 1:colcon.colcon_core.package_identification:_identify(src/install) by extension 'ignore'
[0.897s] Level 1:colcon.colcon_core.package_identification:_identify(src/install) ignored
[0.897s] Level 1:colcon.colcon_core.package_identification:_identify(src/log) by extensions ['ignore', 'ignore_ament_install']
[0.897s] Level 1:colcon.colcon_core.package_identification:_identify(src/log) by extension 'ignore'
[0.897s] Level 1:colcon.colcon_core.package_identification:_identify(src/log) ignored
[0.897s] Level 1:colcon.colcon_core.package_identification:_identify(src/pkg01_helloworld_cpp) by extensions ['ignore', 'ignore_ament_install']
[0.897s] Level 1:colcon.colcon_core.package_identification:_identify(src/pkg01_helloworld_cpp) by extension 'ignore'
[0.897s] Level 1:colcon.colcon_core.package_identification:_identify(src/pkg01_helloworld_cpp) by extension 'ignore_ament_install'
[0.897s] Level 1:colcon.colcon_core.package_identification:_identify(src/pkg01_helloworld_cpp) by extensions ['colcon_pkg']
[0.897s] Level 1:colcon.colcon_core.package_identification:_identify(src/pkg01_helloworld_cpp) by extension 'colcon_pkg'
[0.897s] Level 1:colcon.colcon_core.package_identification:_identify(src/pkg01_helloworld_cpp) by extensions ['colcon_meta']
[0.897s] Level 1:colcon.colcon_core.package_identification:_identify(src/pkg01_helloworld_cpp) by extension 'colcon_meta'
[0.897s] Level 1:colcon.colcon_core.package_identification:_identify(src/pkg01_helloworld_cpp) by extensions ['ros']
[0.897s] Level 1:colcon.colcon_core.package_identification:_identify(src/pkg01_helloworld_cpp) by extension 'ros'
[0.900s] DEBUG:colcon.colcon_core.package_identification:Package 'src/pkg01_helloworld_cpp' with type 'ros.ament_cmake' and name 'pkg01_helloworld_cpp'
[0.900s] Level 1:colcon.colcon_core.package_identification:_identify(src/pkg02_helloworld_py) by extensions ['ignore', 'ignore_ament_install']
[0.900s] Level 1:colcon.colcon_core.package_identification:_identify(src/pkg02_helloworld_py) by extension 'ignore'
[0.900s] Level 1:colcon.colcon_core.package_identification:_identify(src/pkg02_helloworld_py) by extension 'ignore_ament_install'
[0.900s] Level 1:colcon.colcon_core.package_identification:_identify(src/pkg02_helloworld_py) by extensions ['colcon_pkg']
[0.900s] Level 1:colcon.colcon_core.package_identification:_identify(src/pkg02_helloworld_py) by extension 'colcon_pkg'
[0.900s] Level 1:colcon.colcon_core.package_identification:_identify(src/pkg02_helloworld_py) by extensions ['colcon_meta']
[0.900s] Level 1:colcon.colcon_core.package_identification:_identify(src/pkg02_helloworld_py) by extension 'colcon_meta'
[0.900s] Level 1:colcon.colcon_core.package_identification:_identify(src/pkg02_helloworld_py) by extensions ['ros']
[0.900s] Level 1:colcon.colcon_core.package_identification:_identify(src/pkg02_helloworld_py) by extension 'ros'
[0.900s] DEBUG:colcon.colcon_core.package_identification:Package 'src/pkg02_helloworld_py' with type 'ros.ament_python' and name 'pkg02_helloworld_py'
[0.901s] Level 1:colcon.colcon_core.package_identification:_identify(src/pkg03_hellovscode_cpp) by extensions ['ignore', 'ignore_ament_install']
[0.901s] Level 1:colcon.colcon_core.package_identification:_identify(src/pkg03_hellovscode_cpp) by extension 'ignore'
[0.901s] Level 1:colcon.colcon_core.package_identification:_identify(src/pkg03_hellovscode_cpp) by extension 'ignore_ament_install'
[0.901s] Level 1:colcon.colcon_core.package_identification:_identify(src/pkg03_hellovscode_cpp) by extensions ['colcon_pkg']
[0.901s] Level 1:colcon.colcon_core.package_identification:_identify(src/pkg03_hellovscode_cpp) by extension 'colcon_pkg'
[0.901s] Level 1:colcon.colcon_core.package_identification:_identify(src/pkg03_hellovscode_cpp) by extensions ['colcon_meta']
[0.901s] Level 1:colcon.colcon_core.package_identification:_identify(src/pkg03_hellovscode_cpp) by extension 'colcon_meta'
[0.901s] Level 1:colcon.colcon_core.package_identification:_identify(src/pkg03_hellovscode_cpp) by extensions ['ros']
[0.901s] Level 1:colcon.colcon_core.package_identification:_identify(src/pkg03_hellovscode_cpp) by extension 'ros'
[0.901s] DEBUG:colcon.colcon_core.package_identification:Package 'src/pkg03_hellovscode_cpp' with type 'ros.ament_cmake' and name 'pkg03_hellovscode_cpp'
[0.901s] Level 1:colcon.colcon_core.package_discovery:discover_packages(recursive) using defaults
[0.901s] Level 1:colcon.colcon_core.package_discovery:discover_packages(ignore) discover
[0.901s] Level 1:colcon.colcon_core.package_discovery:discover_packages(ignore) using defaults
[0.901s] Level 1:colcon.colcon_core.package_discovery:discover_packages(path) discover
[0.901s] Level 1:colcon.colcon_core.package_discovery:discover_packages(path) using defaults
[0.984s] Level 1:colcon.colcon_core.package_discovery:discover_packages(prefix_path) check parameters
[0.984s] Level 1:colcon.colcon_core.package_discovery:discover_packages(prefix_path) discover
[1.010s] DEBUG:colcon.colcon_installed_package_information.package_discovery:Found 274 installed packages in /opt/ros/humble
[1.011s] Level 1:colcon.colcon_core.package_discovery:discover_packages(prefix_path) using defaults
[1.089s] Level 5:colcon.colcon_core.verb:set package 'pkg01_helloworld_cpp' build argument 'cmake_args' from command line to 'None'
[1.089s] Level 5:colcon.colcon_core.verb:set package 'pkg01_helloworld_cpp' build argument 'cmake_target' from command line to 'None'
[1.089s] Level 5:colcon.colcon_core.verb:set package 'pkg01_helloworld_cpp' build argument 'cmake_target_skip_unavailable' from command line to 'False'
[1.089s] Level 5:colcon.colcon_core.verb:set package 'pkg01_helloworld_cpp' build argument 'cmake_clean_cache' from command line to 'False'
[1.089s] Level 5:colcon.colcon_core.verb:set package 'pkg01_helloworld_cpp' build argument 'cmake_clean_first' from command line to 'False'
[1.089s] Level 5:colcon.colcon_core.verb:set package 'pkg01_helloworld_cpp' build argument 'cmake_force_configure' from command line to 'False'
[1.089s] Level 5:colcon.colcon_core.verb:set package 'pkg01_helloworld_cpp' build argument 'ament_cmake_args' from command line to 'None'
[1.089s] Level 5:colcon.colcon_core.verb:set package 'pkg01_helloworld_cpp' build argument 'catkin_cmake_args' from command line to 'None'
[1.089s] Level 5:colcon.colcon_core.verb:set package 'pkg01_helloworld_cpp' build argument 'catkin_skip_building_tests' from command line to 'False'
[1.089s] DEBUG:colcon.colcon_core.verb:Building package 'pkg01_helloworld_cpp' with the following arguments: {'ament_cmake_args': None, 'build_base': '/home/lhy/ws00_helloworld/build/pkg01_helloworld_cpp', 'catkin_cmake_args': None, 'catkin_skip_building_tests': False, 'cmake_args': None, 'cmake_clean_cache': False, 'cmake_clean_first': False, 'cmake_force_configure': False, 'cmake_target': None, 'cmake_target_skip_unavailable': False, 'install_base': '/home/lhy/ws00_helloworld/install/pkg01_helloworld_cpp', 'merge_install': False, 'path': '/home/lhy/ws00_helloworld/src/pkg01_helloworld_cpp', 'symlink_install': False, 'test_result_base': None}
[1.101s] Level 5:colcon.colcon_core.verb:set package 'pkg02_helloworld_py' build argument 'cmake_args' from command line to 'None'
[1.101s] Level 5:colcon.colcon_core.verb:set package 'pkg02_helloworld_py' build argument 'cmake_target' from command line to 'None'
[1.101s] Level 5:colcon.colcon_core.verb:set package 'pkg02_helloworld_py' build argument 'cmake_target_skip_unavailable' from command line to 'False'
[1.101s] Level 5:colcon.colcon_core.verb:set package 'pkg02_helloworld_py' build argument 'cmake_clean_cache' from command line to 'False'
[1.102s] Level 5:colcon.colcon_core.verb:set package 'pkg02_helloworld_py' build argument 'cmake_clean_first' from command line to 'False'
[1.102s] Level 5:colcon.colcon_core.verb:set package 'pkg02_helloworld_py' build argument 'cmake_force_configure' from command line to 'False'
[1.102s] Level 5:colcon.colcon_core.verb:set package 'pkg02_helloworld_py' build argument 'ament_cmake_args' from command line to 'None'
[1.102s] Level 5:colcon.colcon_core.verb:set package 'pkg02_helloworld_py' build argument 'catkin_cmake_args' from command line to 'None'
[1.102s] Level 5:colcon.colcon_core.verb:set package 'pkg02_helloworld_py' build argument 'catkin_skip_building_tests' from command line to 'False'
[1.102s] DEBUG:colcon.colcon_core.verb:Building package 'pkg02_helloworld_py' with the following arguments: {'ament_cmake_args': None, 'build_base': '/home/lhy/ws00_helloworld/build/pkg02_helloworld_py', 'catkin_cmake_args': None, 'catkin_skip_building_tests': False, 'cmake_args': None, 'cmake_clean_cache': False, 'cmake_clean_first': False, 'cmake_force_configure': False, 'cmake_target': None, 'cmake_target_skip_unavailable': False, 'install_base': '/home/lhy/ws00_helloworld/install/pkg02_helloworld_py', 'merge_install': False, 'path': '/home/lhy/ws00_helloworld/src/pkg02_helloworld_py', 'symlink_install': False, 'test_result_base': None}
[1.114s] Level 5:colcon.colcon_core.verb:set package 'pkg03_hellovscode_cpp' build argument 'cmake_args' from command line to 'None'
[1.114s] Level 5:colcon.colcon_core.verb:set package 'pkg03_hellovscode_cpp' build argument 'cmake_target' from command line to 'None'
[1.114s] Level 5:colcon.colcon_core.verb:set package 'pkg03_hellovscode_cpp' build argument 'cmake_target_skip_unavailable' from command line to 'False'
[1.114s] Level 5:colcon.colcon_core.verb:set package 'pkg03_hellovscode_cpp' build argument 'cmake_clean_cache' from command line to 'False'
[1.114s] Level 5:colcon.colcon_core.verb:set package 'pkg03_hellovscode_cpp' build argument 'cmake_clean_first' from command line to 'False'
[1.114s] Level 5:colcon.colcon_core.verb:set package 'pkg03_hellovscode_cpp' build argument 'cmake_force_configure' from command line to 'False'
[1.114s] Level 5:colcon.colcon_core.verb:set package 'pkg03_hellovscode_cpp' build argument 'ament_cmake_args' from command line to 'None'
[1.114s] Level 5:colcon.colcon_core.verb:set package 'pkg03_hellovscode_cpp' build argument 'catkin_cmake_args' from command line to 'None'
[1.114s] Level 5:colcon.colcon_core.verb:set package 'pkg03_hellovscode_cpp' build argument 'catkin_skip_building_tests' from command line to 'False'
[1.114s] DEBUG:colcon.colcon_core.verb:Building package 'pkg03_hellovscode_cpp' with the following arguments: {'ament_cmake_args': None, 'build_base': '/home/lhy/ws00_helloworld/build/pkg03_hellovscode_cpp', 'catkin_cmake_args': None, 'catkin_skip_building_tests': False, 'cmake_args': None, 'cmake_clean_cache': False, 'cmake_clean_first': False, 'cmake_force_configure': False, 'cmake_target': None, 'cmake_target_skip_unavailable': False, 'install_base': '/home/lhy/ws00_helloworld/install/pkg03_hellovscode_cpp', 'merge_install': False, 'path': '/home/lhy/ws00_helloworld/src/pkg03_hellovscode_cpp', 'symlink_install': False, 'test_result_base': None}
[1.126s] INFO:colcon.colcon_core.executor:Executing jobs using 'parallel' executor
[1.139s] DEBUG:colcon.colcon_parallel_executor.executor.parallel:run_until_complete
[1.139s] INFO:colcon.colcon_ros.task.ament_cmake.build:Building ROS package in '/home/lhy/ws00_helloworld/src/pkg01_helloworld_cpp' with build type 'ament_cmake'
[1.139s] INFO:colcon.colcon_cmake.task.cmake.build:Building CMake package in '/home/lhy/ws00_helloworld/src/pkg01_helloworld_cpp'
[1.154s] INFO:colcon.colcon_core.plugin_system:Skipping extension 'colcon_core.shell.bat': Not used on non-Windows systems
[1.154s] INFO:colcon.colcon_core.shell:Skip shell extension 'powershell' for command environment: Not usable outside of PowerShell
[1.154s] DEBUG:colcon.colcon_core.shell:Skip shell extension 'dsv' for command environment
[1.187s] INFO:colcon.colcon_ros.task.ament_python.build:Building ROS package in '/home/lhy/ws00_helloworld/src/pkg02_helloworld_py' with build type 'ament_python'
[1.187s] Level 1:colcon.colcon_core.shell:create_environment_hook('pkg02_helloworld_py', 'ament_prefix_path')
[1.201s] INFO:colcon.colcon_core.shell:Creating environment hook '/home/lhy/ws00_helloworld/install/pkg02_helloworld_py/share/pkg02_helloworld_py/hook/ament_prefix_path.ps1'
[1.202s] INFO:colcon.colcon_core.shell:Creating environment descriptor '/home/lhy/ws00_helloworld/install/pkg02_helloworld_py/share/pkg02_helloworld_py/hook/ament_prefix_path.dsv'
[1.202s] INFO:colcon.colcon_core.shell:Creating environment hook '/home/lhy/ws00_helloworld/install/pkg02_helloworld_py/share/pkg02_helloworld_py/hook/ament_prefix_path.sh'
[1.216s] INFO:colcon.colcon_core.shell:Skip shell extension 'powershell' for command environment: Not usable outside of PowerShell
[1.216s] DEBUG:colcon.colcon_core.shell:Skip shell extension 'dsv' for command environment
[1.249s] INFO:colcon.colcon_ros.task.ament_cmake.build:Building ROS package in '/home/lhy/ws00_helloworld/src/pkg03_hellovscode_cpp' with build type 'ament_cmake'
[1.249s] INFO:colcon.colcon_cmake.task.cmake.build:Building CMake package in '/home/lhy/ws00_helloworld/src/pkg03_hellovscode_cpp'
[1.263s] INFO:colcon.colcon_core.shell:Skip shell extension 'powershell' for command environment: Not usable outside of PowerShell
[1.263s] DEBUG:colcon.colcon_core.shell:Skip shell extension 'dsv' for command environment
[1.298s] DEBUG:colcon.colcon_core.event_handler.log_command:Invoking command in '/home/lhy/ws00_helloworld/build/pkg01_helloworld_cpp': CMAKE_PREFIX_PATH=/opt/ros/humble /usr/bin/cmake --build /home/lhy/ws00_helloworld/build/pkg01_helloworld_cpp -- -j8 -l8
[1.529s] INFO:colcon.colcon_core.task.python.build:Building Python package in '/home/lhy/ws00_helloworld/src/pkg02_helloworld_py'
[1.542s] INFO:colcon.colcon_core.shell:Skip shell extension 'powershell' for command environment: Not usable outside of PowerShell
[1.542s] DEBUG:colcon.colcon_core.shell:Skip shell extension 'dsv' for command environment
[1.582s] DEBUG:colcon.colcon_core.event_handler.log_command:Invoking command in '/home/lhy/ws00_helloworld/build/pkg03_hellovscode_cpp': CMAKE_PREFIX_PATH=/opt/ros/humble /usr/bin/cmake /home/lhy/ws00_helloworld/src/pkg03_hellovscode_cpp -DCMAKE_INSTALL_PREFIX=/home/lhy/ws00_helloworld/install/pkg03_hellovscode_cpp
[1.916s] DEBUG:colcon.colcon_core.event_handler.log_command:Invoking command in '/home/lhy/ws00_helloworld/src/pkg02_helloworld_py': PYTHONPATH=/home/lhy/ws00_helloworld/build/pkg02_helloworld_py/prefix_override:/home/lhy/ws00_helloworld/install/pkg02_helloworld_py/lib/python3.10/site-packages:${PYTHONPATH} /usr/bin/python3 setup.py egg_info --egg-base ../../build/pkg02_helloworld_py build --build-base /home/lhy/ws00_helloworld/build/pkg02_helloworld_py/build install --record /home/lhy/ws00_helloworld/build/pkg02_helloworld_py/install.log --single-version-externally-managed
[2.230s] DEBUG:colcon.colcon_core.event_handler.log_command:Invoked command in '/home/lhy/ws00_helloworld/src/pkg02_helloworld_py' returned '0': PYTHONPATH=/home/lhy/ws00_helloworld/build/pkg02_helloworld_py/prefix_override:/home/lhy/ws00_helloworld/install/pkg02_helloworld_py/lib/python3.10/site-packages:${PYTHONPATH} /usr/bin/python3 setup.py egg_info --egg-base ../../build/pkg02_helloworld_py build --build-base /home/lhy/ws00_helloworld/build/pkg02_helloworld_py/build install --record /home/lhy/ws00_helloworld/build/pkg02_helloworld_py/install.log --single-version-externally-managed
[2.250s] Level 1:colcon.colcon_core.environment:checking '/home/lhy/ws00_helloworld/install/pkg02_helloworld_py' for CMake module files
[2.250s] Level 1:colcon.colcon_core.environment:checking '/home/lhy/ws00_helloworld/install/pkg02_helloworld_py' for CMake config files
[2.251s] Level 1:colcon.colcon_core.environment:checking '/home/lhy/ws00_helloworld/install/pkg02_helloworld_py/lib'
[2.252s] Level 1:colcon.colcon_core.environment:checking '/home/lhy/ws00_helloworld/install/pkg02_helloworld_py/bin'
[2.252s] Level 1:colcon.colcon_core.environment:checking '/home/lhy/ws00_helloworld/install/pkg02_helloworld_py/lib/pkgconfig/pkg02_helloworld_py.pc'
[2.252s] Level 1:colcon.colcon_core.environment:checking '/home/lhy/ws00_helloworld/install/pkg02_helloworld_py/lib/python3.10/site-packages'
[2.252s] Level 1:colcon.colcon_core.shell:create_environment_hook('pkg02_helloworld_py', 'pythonpath')
[2.270s] INFO:colcon.colcon_core.shell:Creating environment hook '/home/lhy/ws00_helloworld/install/pkg02_helloworld_py/share/pkg02_helloworld_py/hook/pythonpath.ps1'
[2.271s] INFO:colcon.colcon_core.shell:Creating environment descriptor '/home/lhy/ws00_helloworld/install/pkg02_helloworld_py/share/pkg02_helloworld_py/hook/pythonpath.dsv'
[2.271s] INFO:colcon.colcon_core.shell:Creating environment hook '/home/lhy/ws00_helloworld/install/pkg02_helloworld_py/share/pkg02_helloworld_py/hook/pythonpath.sh'
[2.272s] Level 1:colcon.colcon_core.environment:checking '/home/lhy/ws00_helloworld/install/pkg02_helloworld_py/bin'
[2.272s] Level 1:colcon.colcon_core.environment:create_environment_scripts_only(pkg02_helloworld_py)
[2.286s] INFO:colcon.colcon_core.shell:Creating package script '/home/lhy/ws00_helloworld/install/pkg02_helloworld_py/share/pkg02_helloworld_py/package.ps1'
[2.287s] INFO:colcon.colcon_core.shell:Creating package descriptor '/home/lhy/ws00_helloworld/install/pkg02_helloworld_py/share/pkg02_helloworld_py/package.dsv'
[2.287s] INFO:colcon.colcon_core.shell:Creating package script '/home/lhy/ws00_helloworld/install/pkg02_helloworld_py/share/pkg02_helloworld_py/package.sh'
[2.288s] INFO:colcon.colcon_core.shell:Creating package script '/home/lhy/ws00_helloworld/install/pkg02_helloworld_py/share/pkg02_helloworld_py/package.bash'
[2.289s] INFO:colcon.colcon_core.shell:Creating package script '/home/lhy/ws00_helloworld/install/pkg02_helloworld_py/share/pkg02_helloworld_py/package.zsh'
[2.289s] Level 1:colcon.colcon_core.environment:create_file_with_runtime_dependencies(/home/lhy/ws00_helloworld/install/pkg02_helloworld_py/share/colcon-core/packages/pkg02_helloworld_py)
[2.937s] DEBUG:colcon.colcon_core.event_handler.log_command:Invoked command in '/home/lhy/ws00_helloworld/build/pkg03_hellovscode_cpp' returned '0': CMAKE_PREFIX_PATH=/opt/ros/humble /usr/bin/cmake /home/lhy/ws00_helloworld/src/pkg03_hellovscode_cpp -DCMAKE_INSTALL_PREFIX=/home/lhy/ws00_helloworld/install/pkg03_hellovscode_cpp
[2.939s] DEBUG:colcon.colcon_core.event_handler.log_command:Invoking command in '/home/lhy/ws00_helloworld/build/pkg03_hellovscode_cpp': CMAKE_PREFIX_PATH=/opt/ros/humble /usr/bin/cmake --build /home/lhy/ws00_helloworld/build/pkg03_hellovscode_cpp -- -j8 -l8
[4.513s] DEBUG:colcon.colcon_core.event_handler.log_command:Invoked command in '/home/lhy/ws00_helloworld/build/pkg01_helloworld_cpp' returned '0': CMAKE_PREFIX_PATH=/opt/ros/humble /usr/bin/cmake --build /home/lhy/ws00_helloworld/build/pkg01_helloworld_cpp -- -j8 -l8
[4.551s] DEBUG:colcon.colcon_core.event_handler.log_command:Invoking command in '/home/lhy/ws00_helloworld/build/pkg01_helloworld_cpp': CMAKE_PREFIX_PATH=/opt/ros/humble /usr/bin/cmake --install /home/lhy/ws00_helloworld/build/pkg01_helloworld_cpp
[4.562s] Level 1:colcon.colcon_core.environment:create_environment_scripts_only(pkg01_helloworld_cpp)
[4.563s] DEBUG:colcon.colcon_core.event_handler.log_command:Invoked command in '/home/lhy/ws00_helloworld/build/pkg01_helloworld_cpp' returned '0': CMAKE_PREFIX_PATH=/opt/ros/humble /usr/bin/cmake --install /home/lhy/ws00_helloworld/build/pkg01_helloworld_cpp
[4.604s] Level 1:colcon.colcon_core.environment:checking '/home/lhy/ws00_helloworld/install/pkg01_helloworld_cpp' for CMake module files
[4.604s] Level 1:colcon.colcon_core.environment:checking '/home/lhy/ws00_helloworld/install/pkg01_helloworld_cpp' for CMake config files
[4.605s] Level 1:colcon.colcon_core.shell:create_environment_hook('pkg01_helloworld_cpp', 'cmake_prefix_path')
[4.620s] INFO:colcon.colcon_core.shell:Creating environment hook '/home/lhy/ws00_helloworld/install/pkg01_helloworld_cpp/share/pkg01_helloworld_cpp/hook/cmake_prefix_path.ps1'
[4.621s] INFO:colcon.colcon_core.shell:Creating environment descriptor '/home/lhy/ws00_helloworld/install/pkg01_helloworld_cpp/share/pkg01_helloworld_cpp/hook/cmake_prefix_path.dsv'
[4.621s] INFO:colcon.colcon_core.shell:Creating environment hook '/home/lhy/ws00_helloworld/install/pkg01_helloworld_cpp/share/pkg01_helloworld_cpp/hook/cmake_prefix_path.sh'
[4.622s] Level 1:colcon.colcon_core.environment:checking '/home/lhy/ws00_helloworld/install/pkg01_helloworld_cpp/lib'
[4.622s] Level 1:colcon.colcon_core.environment:checking '/home/lhy/ws00_helloworld/install/pkg01_helloworld_cpp/bin'
[4.622s] Level 1:colcon.colcon_core.environment:checking '/home/lhy/ws00_helloworld/install/pkg01_helloworld_cpp/lib/pkgconfig/pkg01_helloworld_cpp.pc'
[4.622s] Level 1:colcon.colcon_core.environment:checking '/home/lhy/ws00_helloworld/install/pkg01_helloworld_cpp/lib/python3.10/site-packages'
[4.622s] Level 1:colcon.colcon_core.environment:checking '/home/lhy/ws00_helloworld/install/pkg01_helloworld_cpp/bin'
[4.637s] INFO:colcon.colcon_core.shell:Creating package script '/home/lhy/ws00_helloworld/install/pkg01_helloworld_cpp/share/pkg01_helloworld_cpp/package.ps1'
[4.637s] INFO:colcon.colcon_core.shell:Creating package descriptor '/home/lhy/ws00_helloworld/install/pkg01_helloworld_cpp/share/pkg01_helloworld_cpp/package.dsv'
[4.638s] INFO:colcon.colcon_core.shell:Creating package script '/home/lhy/ws00_helloworld/install/pkg01_helloworld_cpp/share/pkg01_helloworld_cpp/package.sh'
[4.638s] INFO:colcon.colcon_core.shell:Creating package script '/home/lhy/ws00_helloworld/install/pkg01_helloworld_cpp/share/pkg01_helloworld_cpp/package.bash'
[4.638s] INFO:colcon.colcon_core.shell:Creating package script '/home/lhy/ws00_helloworld/install/pkg01_helloworld_cpp/share/pkg01_helloworld_cpp/package.zsh'
[4.638s] Level 1:colcon.colcon_core.environment:create_file_with_runtime_dependencies(/home/lhy/ws00_helloworld/install/pkg01_helloworld_cpp/share/colcon-core/packages/pkg01_helloworld_cpp)
[4.691s] Level 1:colcon.colcon_core.environment:create_environment_scripts_only(pkg01_helloworld_cpp)
[4.715s] Level 1:colcon.colcon_core.environment:checking '/home/lhy/ws00_helloworld/install/pkg01_helloworld_cpp' for CMake module files
[4.716s] Level 1:colcon.colcon_core.environment:checking '/home/lhy/ws00_helloworld/install/pkg01_helloworld_cpp' for CMake config files
[4.716s] Level 1:colcon.colcon_core.shell:create_environment_hook('pkg01_helloworld_cpp', 'cmake_prefix_path')
[4.731s] INFO:colcon.colcon_core.shell:Creating environment hook '/home/lhy/ws00_helloworld/install/pkg01_helloworld_cpp/share/pkg01_helloworld_cpp/hook/cmake_prefix_path.ps1'
[4.731s] INFO:colcon.colcon_core.shell:Creating environment descriptor '/home/lhy/ws00_helloworld/install/pkg01_helloworld_cpp/share/pkg01_helloworld_cpp/hook/cmake_prefix_path.dsv'
[4.731s] INFO:colcon.colcon_core.shell:Creating environment hook '/home/lhy/ws00_helloworld/install/pkg01_helloworld_cpp/share/pkg01_helloworld_cpp/hook/cmake_prefix_path.sh'
[4.732s] Level 1:colcon.colcon_core.environment:checking '/home/lhy/ws00_helloworld/install/pkg01_helloworld_cpp/lib'
[4.732s] Level 1:colcon.colcon_core.environment:checking '/home/lhy/ws00_helloworld/install/pkg01_helloworld_cpp/bin'
[4.732s] Level 1:colcon.colcon_core.environment:checking '/home/lhy/ws00_helloworld/install/pkg01_helloworld_cpp/lib/pkgconfig/pkg01_helloworld_cpp.pc'
[4.732s] Level 1:colcon.colcon_core.environment:checking '/home/lhy/ws00_helloworld/install/pkg01_helloworld_cpp/lib/python3.10/site-packages'
[4.732s] Level 1:colcon.colcon_core.environment:checking '/home/lhy/ws00_helloworld/install/pkg01_helloworld_cpp/bin'
[4.745s] INFO:colcon.colcon_core.shell:Creating package script '/home/lhy/ws00_helloworld/install/pkg01_helloworld_cpp/share/pkg01_helloworld_cpp/package.ps1'
[4.746s] INFO:colcon.colcon_core.shell:Creating package descriptor '/home/lhy/ws00_helloworld/install/pkg01_helloworld_cpp/share/pkg01_helloworld_cpp/package.dsv'
[4.746s] INFO:colcon.colcon_core.shell:Creating package script '/home/lhy/ws00_helloworld/install/pkg01_helloworld_cpp/share/pkg01_helloworld_cpp/package.sh'
[4.747s] INFO:colcon.colcon_core.shell:Creating package script '/home/lhy/ws00_helloworld/install/pkg01_helloworld_cpp/share/pkg01_helloworld_cpp/package.bash'
[4.747s] INFO:colcon.colcon_core.shell:Creating package script '/home/lhy/ws00_helloworld/install/pkg01_helloworld_cpp/share/pkg01_helloworld_cpp/package.zsh'
[4.747s] Level 1:colcon.colcon_core.environment:create_file_with_runtime_dependencies(/home/lhy/ws00_helloworld/install/pkg01_helloworld_cpp/share/colcon-core/packages/pkg01_helloworld_cpp)
[6.248s] DEBUG:colcon.colcon_core.event_handler.log_command:Invoked command in '/home/lhy/ws00_helloworld/build/pkg03_hellovscode_cpp' returned '0': CMAKE_PREFIX_PATH=/opt/ros/humble /usr/bin/cmake --build /home/lhy/ws00_helloworld/build/pkg03_hellovscode_cpp -- -j8 -l8
[6.277s] DEBUG:colcon.colcon_core.event_handler.log_command:Invoking command in '/home/lhy/ws00_helloworld/build/pkg03_hellovscode_cpp': CMAKE_PREFIX_PATH=/opt/ros/humble /usr/bin/cmake --install /home/lhy/ws00_helloworld/build/pkg03_hellovscode_cpp
[6.290s] Level 1:colcon.colcon_core.environment:create_environment_scripts_only(pkg03_hellovscode_cpp)
[6.291s] DEBUG:colcon.colcon_core.event_handler.log_command:Invoked command in '/home/lhy/ws00_helloworld/build/pkg03_hellovscode_cpp' returned '0': CMAKE_PREFIX_PATH=/opt/ros/humble /usr/bin/cmake --install /home/lhy/ws00_helloworld/build/pkg03_hellovscode_cpp
[6.308s] Level 1:colcon.colcon_core.environment:checking '/home/lhy/ws00_helloworld/install/pkg03_hellovscode_cpp' for CMake module files
[6.308s] Level 1:colcon.colcon_core.environment:checking '/home/lhy/ws00_helloworld/install/pkg03_hellovscode_cpp' for CMake config files
[6.308s] Level 1:colcon.colcon_core.shell:create_environment_hook('pkg03_hellovscode_cpp', 'cmake_prefix_path')
[6.322s] INFO:colcon.colcon_core.shell:Creating environment hook '/home/lhy/ws00_helloworld/install/pkg03_hellovscode_cpp/share/pkg03_hellovscode_cpp/hook/cmake_prefix_path.ps1'
[6.323s] INFO:colcon.colcon_core.shell:Creating environment descriptor '/home/lhy/ws00_helloworld/install/pkg03_hellovscode_cpp/share/pkg03_hellovscode_cpp/hook/cmake_prefix_path.dsv'
[6.323s] INFO:colcon.colcon_core.shell:Creating environment hook '/home/lhy/ws00_helloworld/install/pkg03_hellovscode_cpp/share/pkg03_hellovscode_cpp/hook/cmake_prefix_path.sh'
[6.323s] Level 1:colcon.colcon_core.environment:checking '/home/lhy/ws00_helloworld/install/pkg03_hellovscode_cpp/lib'
[6.323s] Level 1:colcon.colcon_core.environment:checking '/home/lhy/ws00_helloworld/install/pkg03_hellovscode_cpp/bin'
[6.324s] Level 1:colcon.colcon_core.environment:checking '/home/lhy/ws00_helloworld/install/pkg03_hellovscode_cpp/lib/pkgconfig/pkg03_hellovscode_cpp.pc'
[6.324s] Level 1:colcon.colcon_core.environment:checking '/home/lhy/ws00_helloworld/install/pkg03_hellovscode_cpp/lib/python3.10/site-packages'
[6.324s] Level 1:colcon.colcon_core.environment:checking '/home/lhy/ws00_helloworld/install/pkg03_hellovscode_cpp/bin'
[6.336s] INFO:colcon.colcon_core.shell:Creating package script '/home/lhy/ws00_helloworld/install/pkg03_hellovscode_cpp/share/pkg03_hellovscode_cpp/package.ps1'
[6.337s] INFO:colcon.colcon_core.shell:Creating package descriptor '/home/lhy/ws00_helloworld/install/pkg03_hellovscode_cpp/share/pkg03_hellovscode_cpp/package.dsv'
[6.337s] INFO:colcon.colcon_core.shell:Creating package script '/home/lhy/ws00_helloworld/install/pkg03_hellovscode_cpp/share/pkg03_hellovscode_cpp/package.sh'
[6.337s] INFO:colcon.colcon_core.shell:Creating package script '/home/lhy/ws00_helloworld/install/pkg03_hellovscode_cpp/share/pkg03_hellovscode_cpp/package.bash'
[6.337s] INFO:colcon.colcon_core.shell:Creating package script '/home/lhy/ws00_helloworld/install/pkg03_hellovscode_cpp/share/pkg03_hellovscode_cpp/package.zsh'
[6.338s] Level 1:colcon.colcon_core.environment:create_file_with_runtime_dependencies(/home/lhy/ws00_helloworld/install/pkg03_hellovscode_cpp/share/colcon-core/packages/pkg03_hellovscode_cpp)
[6.374s] Level 1:colcon.colcon_core.environment:create_environment_scripts_only(pkg03_hellovscode_cpp)
[6.388s] Level 1:colcon.colcon_core.environment:checking '/home/lhy/ws00_helloworld/install/pkg03_hellovscode_cpp' for CMake module files
[6.388s] Level 1:colcon.colcon_core.environment:checking '/home/lhy/ws00_helloworld/install/pkg03_hellovscode_cpp' for CMake config files
[6.388s] Level 1:colcon.colcon_core.shell:create_environment_hook('pkg03_hellovscode_cpp', 'cmake_prefix_path')
[6.401s] INFO:colcon.colcon_core.shell:Creating environment hook '/home/lhy/ws00_helloworld/install/pkg03_hellovscode_cpp/share/pkg03_hellovscode_cpp/hook/cmake_prefix_path.ps1'
[6.401s] INFO:colcon.colcon_core.shell:Creating environment descriptor '/home/lhy/ws00_helloworld/install/pkg03_hellovscode_cpp/share/pkg03_hellovscode_cpp/hook/cmake_prefix_path.dsv'
[6.402s] INFO:colcon.colcon_core.shell:Creating environment hook '/home/lhy/ws00_helloworld/install/pkg03_hellovscode_cpp/share/pkg03_hellovscode_cpp/hook/cmake_prefix_path.sh'
[6.402s] Level 1:colcon.colcon_core.environment:checking '/home/lhy/ws00_helloworld/install/pkg03_hellovscode_cpp/lib'
[6.402s] Level 1:colcon.colcon_core.environment:checking '/home/lhy/ws00_helloworld/install/pkg03_hellovscode_cpp/bin'
[6.402s] Level 1:colcon.colcon_core.environment:checking '/home/lhy/ws00_helloworld/install/pkg03_hellovscode_cpp/lib/pkgconfig/pkg03_hellovscode_cpp.pc'
[6.402s] Level 1:colcon.colcon_core.environment:checking '/home/lhy/ws00_helloworld/install/pkg03_hellovscode_cpp/lib/python3.10/site-packages'
[6.403s] Level 1:colcon.colcon_core.environment:checking '/home/lhy/ws00_helloworld/install/pkg03_hellovscode_cpp/bin'
[6.415s] INFO:colcon.colcon_core.shell:Creating package script '/home/lhy/ws00_helloworld/install/pkg03_hellovscode_cpp/share/pkg03_hellovscode_cpp/package.ps1'
[6.416s] INFO:colcon.colcon_core.shell:Creating package descriptor '/home/lhy/ws00_helloworld/install/pkg03_hellovscode_cpp/share/pkg03_hellovscode_cpp/package.dsv'
[6.416s] INFO:colcon.colcon_core.shell:Creating package script '/home/lhy/ws00_helloworld/install/pkg03_hellovscode_cpp/share/pkg03_hellovscode_cpp/package.sh'
[6.416s] INFO:colcon.colcon_core.shell:Creating package script '/home/lhy/ws00_helloworld/install/pkg03_hellovscode_cpp/share/pkg03_hellovscode_cpp/package.bash'
[6.417s] INFO:colcon.colcon_core.shell:Creating package script '/home/lhy/ws00_helloworld/install/pkg03_hellovscode_cpp/share/pkg03_hellovscode_cpp/package.zsh'
[6.417s] Level 1:colcon.colcon_core.environment:create_file_with_runtime_dependencies(/home/lhy/ws00_helloworld/install/pkg03_hellovscode_cpp/share/colcon-core/packages/pkg03_hellovscode_cpp)
[6.417s] DEBUG:colcon.colcon_parallel_executor.executor.parallel:closing loop
[6.418s] DEBUG:colcon.colcon_parallel_executor.executor.parallel:loop closed
[6.418s] DEBUG:colcon.colcon_parallel_executor.executor.parallel:run_until_complete finished with '0'
[6.418s] DEBUG:colcon.colcon_core.event_reactor:joining thread
[6.440s] INFO:colcon.colcon_core.plugin_system:Skipping extension 'colcon_notification.desktop_notification.terminal_notifier': Not used on non-Darwin systems
[6.441s] INFO:colcon.colcon_core.plugin_system:Skipping extension 'colcon_notification.desktop_notification.win32': Not used on non-Windows systems
[6.441s] INFO:colcon.colcon_notification.desktop_notification:Sending desktop notification using 'notify2'
[6.451s] DEBUG:colcon.colcon_core.event_reactor:joined thread
[6.466s] INFO:colcon.colcon_core.shell:Creating prefix script '/home/lhy/ws00_helloworld/install/local_setup.ps1'
[6.467s] INFO:colcon.colcon_core.shell:Creating prefix util module '/home/lhy/ws00_helloworld/install/_local_setup_util_ps1.py'
[6.468s] INFO:colcon.colcon_core.shell:Creating prefix chain script '/home/lhy/ws00_helloworld/install/setup.ps1'
[6.481s] INFO:colcon.colcon_core.shell:Creating prefix script '/home/lhy/ws00_helloworld/install/local_setup.sh'
[6.482s] INFO:colcon.colcon_core.shell:Creating prefix util module '/home/lhy/ws00_helloworld/install/_local_setup_util_sh.py'
[6.482s] INFO:colcon.colcon_core.shell:Creating prefix chain script '/home/lhy/ws00_helloworld/install/setup.sh'
[6.496s] INFO:colcon.colcon_core.shell:Creating prefix script '/home/lhy/ws00_helloworld/install/local_setup.bash'
[6.496s] INFO:colcon.colcon_core.shell:Creating prefix chain script '/home/lhy/ws00_helloworld/install/setup.bash'
[6.509s] INFO:colcon.colcon_core.shell:Creating prefix script '/home/lhy/ws00_helloworld/install/local_setup.zsh'
[6.510s] INFO:colcon.colcon_core.shell:Creating prefix chain script '/home/lhy/ws00_helloworld/install/setup.zsh'
