[0.068s] Invoking command in '/home/lhy/ws00_helloworld/build/pkg03_hellovscode_cpp': CMAKE_PREFIX_PATH=${CMAKE_PREFIX_PATH}:/home/lhy/ws00_helloworld/install/pkg02_helloworld_py:/opt/ros/humble /usr/bin/cmake --build /home/lhy/ws00_helloworld/build/pkg03_hellovscode_cpp -- -j8 -l8
[0.104s] [35m[1mConsolidate compiler generated dependencies of target hellovscode[0m
[0.124s] [100%] Built target hellovscode
[0.136s] Invoked command in '/home/lhy/ws00_helloworld/build/pkg03_hellovscode_cpp' returned '0': CMAKE_PREFIX_PATH=${CMAKE_PREFIX_PATH}:/home/lhy/ws00_helloworld/install/pkg02_helloworld_py:/opt/ros/humble /usr/bin/cmake --build /home/lhy/ws00_helloworld/build/pkg03_hellovscode_cpp -- -j8 -l8
[0.172s] Invoking command in '/home/lhy/ws00_helloworld/build/pkg03_hellovscode_cpp': CMAKE_PREFIX_PATH=${CMAKE_PREFIX_PATH}:/home/lhy/ws00_helloworld/install/pkg02_helloworld_py:/opt/ros/humble /usr/bin/cmake --install /home/lhy/ws00_helloworld/build/pkg03_hellovscode_cpp
[0.179s] -- Install configuration: ""
[0.179s] -- Up-to-date: /home/lhy/ws00_helloworld/install/pkg03_hellovscode_cpp/lib/pkg03_hellovscode_cpp/hellovscode
[0.179s] -- Up-to-date: /home/lhy/ws00_helloworld/install/pkg03_hellovscode_cpp/share/ament_index/resource_index/package_run_dependencies/pkg03_hellovscode_cpp
[0.179s] -- Up-to-date: /home/lhy/ws00_helloworld/install/pkg03_hellovscode_cpp/share/ament_index/resource_index/parent_prefix_path/pkg03_hellovscode_cpp
[0.180s] -- Up-to-date: /home/lhy/ws00_helloworld/install/pkg03_hellovscode_cpp/share/pkg03_hellovscode_cpp/environment/ament_prefix_path.sh
[0.180s] -- Up-to-date: /home/lhy/ws00_helloworld/install/pkg03_hellovscode_cpp/share/pkg03_hellovscode_cpp/environment/ament_prefix_path.dsv
[0.180s] -- Up-to-date: /home/lhy/ws00_helloworld/install/pkg03_hellovscode_cpp/share/pkg03_hellovscode_cpp/environment/path.sh
[0.180s] -- Up-to-date: /home/lhy/ws00_helloworld/install/pkg03_hellovscode_cpp/share/pkg03_hellovscode_cpp/environment/path.dsv
[0.180s] -- Up-to-date: /home/lhy/ws00_helloworld/install/pkg03_hellovscode_cpp/share/pkg03_hellovscode_cpp/local_setup.bash
[0.180s] -- Up-to-date: /home/lhy/ws00_helloworld/install/pkg03_hellovscode_cpp/share/pkg03_hellovscode_cpp/local_setup.sh
[0.180s] -- Up-to-date: /home/lhy/ws00_helloworld/install/pkg03_hellovscode_cpp/share/pkg03_hellovscode_cpp/local_setup.zsh
[0.180s] -- Up-to-date: /home/lhy/ws00_helloworld/install/pkg03_hellovscode_cpp/share/pkg03_hellovscode_cpp/local_setup.dsv
[0.180s] -- Installing: /home/lhy/ws00_helloworld/install/pkg03_hellovscode_cpp/share/pkg03_hellovscode_cpp/package.dsv
[0.180s] -- Up-to-date: /home/lhy/ws00_helloworld/install/pkg03_hellovscode_cpp/share/ament_index/resource_index/packages/pkg03_hellovscode_cpp
[0.180s] -- Up-to-date: /home/lhy/ws00_helloworld/install/pkg03_hellovscode_cpp/share/pkg03_hellovscode_cpp/cmake/pkg03_hellovscode_cppConfig.cmake
[0.180s] -- Up-to-date: /home/lhy/ws00_helloworld/install/pkg03_hellovscode_cpp/share/pkg03_hellovscode_cpp/cmake/pkg03_hellovscode_cppConfig-version.cmake
[0.181s] -- Up-to-date: /home/lhy/ws00_helloworld/install/pkg03_hellovscode_cpp/share/pkg03_hellovscode_cpp/package.xml
[0.182s] Invoked command in '/home/lhy/ws00_helloworld/build/pkg03_hellovscode_cpp' returned '0': CMAKE_PREFIX_PATH=${CMAKE_PREFIX_PATH}:/home/lhy/ws00_helloworld/install/pkg02_helloworld_py:/opt/ros/humble /usr/bin/cmake --install /home/lhy/ws00_helloworld/build/pkg03_hellovscode_cpp
