[1.329s] DEBUG:colcon:Command line arguments: ['/usr/bin/colcon', 'list', '-p', '--base-paths', '/home/lhy/ws00_helloworld']
[1.329s] DEBUG:colcon:Parsed command line arguments: Namespace(log_base=None, log_level=None, verb_name='list', build_base='build', ignore_user_meta=False, metas=['./colcon.meta'], base_paths=['/home/lhy/ws00_helloworld'], packages_ignore=None, packages_ignore_regex=None, paths=None, packages_up_to=None, packages_up_to_regex=None, packages_above=None, packages_above_and_dependencies=None, packages_above_depth=None, packages_select_by_dep=None, packages_skip_by_dep=None, packages_skip_up_to=None, packages_select_build_failed=False, packages_skip_build_finished=False, packages_select_test_failures=False, packages_skip_test_passed=False, packages_select=None, packages_skip=None, packages_select_regex=None, packages_skip_regex=None, packages_start=None, packages_end=None, allow_overriding=[], topological_order=False, names_only=False, paths_only=True, topological_graph=False, topological_graph_dot=False, topological_graph_density=False, topological_graph_legend=False, topological_graph_dot_cluster=False, topological_graph_dot_include_skipped=False, verb_parser=<colcon_defaults.argument_parser.defaults.DefaultArgumentsDecorator object at 0x7f308b6a15a0>, verb_extension=<colcon_package_information.verb.list.ListVerb object at 0x7f308b694c70>, main=<bound method ListVerb.main of <colcon_package_information.verb.list.ListVerb object at 0x7f308b694c70>>)
[1.410s] Level 1:colcon.colcon_core.package_discovery:discover_packages(colcon_meta) check parameters
[1.411s] Level 1:colcon.colcon_core.package_discovery:discover_packages(recursive) check parameters
[1.411s] Level 1:colcon.colcon_core.package_discovery:discover_packages(ignore) check parameters
[1.411s] Level 1:colcon.colcon_core.package_discovery:discover_packages(path) check parameters
[1.411s] Level 1:colcon.colcon_core.package_discovery:discover_packages(recursive) discover
[1.411s] INFO:colcon.colcon_core.package_discovery:Crawling recursively for packages in '/home/lhy/ws00_helloworld'
[1.411s] Level 1:colcon.colcon_core.package_identification:_identify(/home/lhy/ws00_helloworld) by extensions ['ignore', 'ignore_ament_install']
[1.411s] Level 1:colcon.colcon_core.package_identification:_identify(/home/lhy/ws00_helloworld) by extension 'ignore'
[1.411s] Level 1:colcon.colcon_core.package_identification:_identify(/home/lhy/ws00_helloworld) by extension 'ignore_ament_install'
[1.411s] Level 1:colcon.colcon_core.package_identification:_identify(/home/lhy/ws00_helloworld) by extensions ['colcon_pkg']
[1.411s] Level 1:colcon.colcon_core.package_identification:_identify(/home/lhy/ws00_helloworld) by extension 'colcon_pkg'
[1.412s] Level 1:colcon.colcon_core.package_identification:_identify(/home/lhy/ws00_helloworld) by extensions ['colcon_meta']
[1.412s] Level 1:colcon.colcon_core.package_identification:_identify(/home/lhy/ws00_helloworld) by extension 'colcon_meta'
[1.412s] Level 1:colcon.colcon_core.package_identification:_identify(/home/lhy/ws00_helloworld) by extensions ['ros']
[1.412s] Level 1:colcon.colcon_core.package_identification:_identify(/home/lhy/ws00_helloworld) by extension 'ros'
[1.431s] Level 1:colcon.colcon_core.package_identification:_identify(/home/lhy/ws00_helloworld) by extensions ['cmake', 'python']
[1.431s] Level 1:colcon.colcon_core.package_identification:_identify(/home/lhy/ws00_helloworld) by extension 'cmake'
[1.431s] Level 1:colcon.colcon_core.package_identification:_identify(/home/lhy/ws00_helloworld) by extension 'python'
[1.431s] Level 1:colcon.colcon_core.package_identification:_identify(/home/lhy/ws00_helloworld) by extensions ['python_setup_py']
[1.431s] Level 1:colcon.colcon_core.package_identification:_identify(/home/lhy/ws00_helloworld) by extension 'python_setup_py'
[1.431s] Level 1:colcon.colcon_core.package_identification:_identify(/home/lhy/ws00_helloworld/build) by extensions ['ignore', 'ignore_ament_install']
[1.431s] Level 1:colcon.colcon_core.package_identification:_identify(/home/lhy/ws00_helloworld/build) by extension 'ignore'
[1.431s] Level 1:colcon.colcon_core.package_identification:_identify(/home/lhy/ws00_helloworld/build) ignored
[1.431s] Level 1:colcon.colcon_core.package_identification:_identify(/home/lhy/ws00_helloworld/install) by extensions ['ignore', 'ignore_ament_install']
[1.432s] Level 1:colcon.colcon_core.package_identification:_identify(/home/lhy/ws00_helloworld/install) by extension 'ignore'
[1.432s] Level 1:colcon.colcon_core.package_identification:_identify(/home/lhy/ws00_helloworld/install) ignored
[1.432s] Level 1:colcon.colcon_core.package_identification:_identify(/home/lhy/ws00_helloworld/log) by extensions ['ignore', 'ignore_ament_install']
[1.432s] Level 1:colcon.colcon_core.package_identification:_identify(/home/lhy/ws00_helloworld/log) by extension 'ignore'
[1.432s] Level 1:colcon.colcon_core.package_identification:_identify(/home/lhy/ws00_helloworld/log) ignored
[1.432s] Level 1:colcon.colcon_core.package_identification:_identify(/home/lhy/ws00_helloworld/src) by extensions ['ignore', 'ignore_ament_install']
[1.432s] Level 1:colcon.colcon_core.package_identification:_identify(/home/lhy/ws00_helloworld/src) by extension 'ignore'
[1.433s] Level 1:colcon.colcon_core.package_identification:_identify(/home/lhy/ws00_helloworld/src) by extension 'ignore_ament_install'
[1.433s] Level 1:colcon.colcon_core.package_identification:_identify(/home/lhy/ws00_helloworld/src) by extensions ['colcon_pkg']
[1.433s] Level 1:colcon.colcon_core.package_identification:_identify(/home/lhy/ws00_helloworld/src) by extension 'colcon_pkg'
[1.433s] Level 1:colcon.colcon_core.package_identification:_identify(/home/lhy/ws00_helloworld/src) by extensions ['colcon_meta']
[1.433s] Level 1:colcon.colcon_core.package_identification:_identify(/home/lhy/ws00_helloworld/src) by extension 'colcon_meta'
[1.433s] Level 1:colcon.colcon_core.package_identification:_identify(/home/lhy/ws00_helloworld/src) by extensions ['ros']
[1.433s] Level 1:colcon.colcon_core.package_identification:_identify(/home/lhy/ws00_helloworld/src) by extension 'ros'
[1.433s] Level 1:colcon.colcon_core.package_identification:_identify(/home/lhy/ws00_helloworld/src) by extensions ['cmake', 'python']
[1.433s] Level 1:colcon.colcon_core.package_identification:_identify(/home/lhy/ws00_helloworld/src) by extension 'cmake'
[1.433s] Level 1:colcon.colcon_core.package_identification:_identify(/home/lhy/ws00_helloworld/src) by extension 'python'
[1.433s] Level 1:colcon.colcon_core.package_identification:_identify(/home/lhy/ws00_helloworld/src) by extensions ['python_setup_py']
[1.433s] Level 1:colcon.colcon_core.package_identification:_identify(/home/lhy/ws00_helloworld/src) by extension 'python_setup_py'
[1.434s] Level 1:colcon.colcon_core.package_identification:_identify(/home/lhy/ws00_helloworld/src/pkg01_helloworld_cpp) by extensions ['ignore', 'ignore_ament_install']
[1.434s] Level 1:colcon.colcon_core.package_identification:_identify(/home/lhy/ws00_helloworld/src/pkg01_helloworld_cpp) by extension 'ignore'
[1.434s] Level 1:colcon.colcon_core.package_identification:_identify(/home/lhy/ws00_helloworld/src/pkg01_helloworld_cpp) by extension 'ignore_ament_install'
[1.434s] Level 1:colcon.colcon_core.package_identification:_identify(/home/lhy/ws00_helloworld/src/pkg01_helloworld_cpp) by extensions ['colcon_pkg']
[1.434s] Level 1:colcon.colcon_core.package_identification:_identify(/home/lhy/ws00_helloworld/src/pkg01_helloworld_cpp) by extension 'colcon_pkg'
[1.434s] Level 1:colcon.colcon_core.package_identification:_identify(/home/lhy/ws00_helloworld/src/pkg01_helloworld_cpp) by extensions ['colcon_meta']
[1.434s] Level 1:colcon.colcon_core.package_identification:_identify(/home/lhy/ws00_helloworld/src/pkg01_helloworld_cpp) by extension 'colcon_meta'
[1.434s] Level 1:colcon.colcon_core.package_identification:_identify(/home/lhy/ws00_helloworld/src/pkg01_helloworld_cpp) by extensions ['ros']
[1.434s] Level 1:colcon.colcon_core.package_identification:_identify(/home/lhy/ws00_helloworld/src/pkg01_helloworld_cpp) by extension 'ros'
[1.438s] DEBUG:colcon.colcon_core.package_identification:Package '/home/lhy/ws00_helloworld/src/pkg01_helloworld_cpp' with type 'ros.ament_cmake' and name 'pkg01_helloworld_cpp'
[1.438s] Level 1:colcon.colcon_core.package_discovery:discover_packages(recursive) using defaults
