[0.068s] Invoking command in '/home/lhy/ws00_helloworld/build/turtlesim': CMAKE_PREFIX_PATH=${CMAKE_PREFIX_PATH}:/home/lhy/ws00_helloworld/install/pkg02_helloworld_py:/opt/ros/humble /usr/bin/cmake --build /home/lhy/ws00_helloworld/build/turtlesim -- -j8 -l8
[0.124s] [  1%] Built target turtlesim__cpp
[0.128s] [ 11%] Built target turtlesim__rosidl_generator_c
[0.139s] [ 11%] Built target ament_cmake_python_copy_turtlesim
[0.157s] [ 33%] Built target turtlesim__rosidl_typesupport_cpp
[0.158s] [ 33%] Built target turtlesim__rosidl_typesupport_fastrtps_cpp
[0.158s] [ 48%] Built target turtlesim__rosidl_typesupport_c
[0.158s] [ 51%] Built target turtlesim__rosidl_typesupport_introspection_cpp
[0.159s] [ 61%] Built target turtlesim__rosidl_typesupport_introspection_c
[0.167s] [ 71%] Built target turtlesim__rosidl_typesupport_fastrtps_c
[0.176s] [35m[1mConsolidate compiler generated dependencies of target turtlesim_node[0m
[0.188s] [ 73%] Built target draw_square
[0.189s] [ 75%] Built target mimic
[0.191s] [ 75%] Built target turtlesim
[0.193s] [ 77%] Built target turtle_teleop_key
[0.200s] [ 78%] [32mBuilding CXX object CMakeFiles/turtlesim_node.dir/src/turtle_frame.cpp.o[0m
[0.212s] [ 79%] Built target turtlesim__py
[0.239s] [ 88%] Built target turtlesim__rosidl_generator_py
[0.260s] [ 90%] Built target turtlesim__rosidl_typesupport_introspection_c__pyext
[0.260s] [ 92%] Built target turtlesim__rosidl_typesupport_c__pyext
[0.268s] [ 94%] Built target turtlesim__rosidl_typesupport_fastrtps_c__pyext
[0.392s] running egg_info
[0.392s] writing turtlesim.egg-info/PKG-INFO
[0.393s] writing dependency_links to turtlesim.egg-info/dependency_links.txt
[0.393s] writing top-level names to turtlesim.egg-info/top_level.txt
[0.395s] reading manifest file 'turtlesim.egg-info/SOURCES.txt'
[0.395s] writing manifest file 'turtlesim.egg-info/SOURCES.txt'
[0.428s] [ 94%] Built target ament_cmake_python_build_turtlesim_egg
[12.074s] [ 95%] [32m[1mLinking CXX executable turtlesim_node[0m
[15.103s] [100%] Built target turtlesim_node
[15.118s] Invoked command in '/home/lhy/ws00_helloworld/build/turtlesim' returned '0': CMAKE_PREFIX_PATH=${CMAKE_PREFIX_PATH}:/home/lhy/ws00_helloworld/install/pkg02_helloworld_py:/opt/ros/humble /usr/bin/cmake --build /home/lhy/ws00_helloworld/build/turtlesim -- -j8 -l8
[15.366s] Invoking command in '/home/lhy/ws00_helloworld/build/turtlesim': CMAKE_PREFIX_PATH=${CMAKE_PREFIX_PATH}:/home/lhy/ws00_helloworld/install/pkg02_helloworld_py:/opt/ros/humble /usr/bin/cmake --install /home/lhy/ws00_helloworld/build/turtlesim
[15.375s] -- Install configuration: ""
[15.375s] -- Installing: /home/lhy/ws00_helloworld/install/turtlesim/share/ament_index/resource_index/rosidl_interfaces/turtlesim
[15.375s] -- Installing: /home/lhy/ws00_helloworld/install/turtlesim/include/turtlesim/turtlesim
[15.376s] -- Installing: /home/lhy/ws00_helloworld/install/turtlesim/include/turtlesim/turtlesim/srv
[15.376s] -- Installing: /home/lhy/ws00_helloworld/install/turtlesim/include/turtlesim/turtlesim/srv/set_pen.h
[15.376s] -- Installing: /home/lhy/ws00_helloworld/install/turtlesim/include/turtlesim/turtlesim/srv/teleport_absolute.h
[15.376s] -- Installing: /home/lhy/ws00_helloworld/install/turtlesim/include/turtlesim/turtlesim/srv/spawn.h
[15.376s] -- Installing: /home/lhy/ws00_helloworld/install/turtlesim/include/turtlesim/turtlesim/srv/kill.h
[15.376s] -- Installing: /home/lhy/ws00_helloworld/install/turtlesim/include/turtlesim/turtlesim/srv/detail
[15.376s] -- Installing: /home/lhy/ws00_helloworld/install/turtlesim/include/turtlesim/turtlesim/srv/detail/spawn__type_support.h
[15.376s] -- Installing: /home/lhy/ws00_helloworld/install/turtlesim/include/turtlesim/turtlesim/srv/detail/teleport_absolute__functions.h
[15.377s] -- Installing: /home/lhy/ws00_helloworld/install/turtlesim/include/turtlesim/turtlesim/srv/detail/teleport_relative__functions.h
[15.377s] -- Installing: /home/lhy/ws00_helloworld/install/turtlesim/include/turtlesim/turtlesim/srv/detail/kill__type_support.h
[15.377s] -- Installing: /home/lhy/ws00_helloworld/install/turtlesim/include/turtlesim/turtlesim/srv/detail/set_pen__type_support.h
[15.377s] -- Installing: /home/lhy/ws00_helloworld/install/turtlesim/include/turtlesim/turtlesim/srv/detail/spawn__struct.h
[15.377s] -- Installing: /home/lhy/ws00_helloworld/install/turtlesim/include/turtlesim/turtlesim/srv/detail/spawn__functions.h
[15.377s] -- Installing: /home/lhy/ws00_helloworld/install/turtlesim/include/turtlesim/turtlesim/srv/detail/set_pen__functions.c
[15.377s] -- Installing: /home/lhy/ws00_helloworld/install/turtlesim/include/turtlesim/turtlesim/srv/detail/teleport_relative__struct.h
[15.377s] -- Installing: /home/lhy/ws00_helloworld/install/turtlesim/include/turtlesim/turtlesim/srv/detail/kill__struct.h
[15.378s] -- Installing: /home/lhy/ws00_helloworld/install/turtlesim/include/turtlesim/turtlesim/srv/detail/kill__functions.c
[15.378s] -- Installing: /home/lhy/ws00_helloworld/install/turtlesim/include/turtlesim/turtlesim/srv/detail/teleport_relative__functions.c
[15.378s] -- Installing: /home/lhy/ws00_helloworld/install/turtlesim/include/turtlesim/turtlesim/srv/detail/teleport_absolute__struct.h
[15.378s] -- Installing: /home/lhy/ws00_helloworld/install/turtlesim/include/turtlesim/turtlesim/srv/detail/set_pen__functions.h
[15.378s] -- Installing: /home/lhy/ws00_helloworld/install/turtlesim/include/turtlesim/turtlesim/srv/detail/set_pen__struct.h
[15.378s] -- Installing: /home/lhy/ws00_helloworld/install/turtlesim/include/turtlesim/turtlesim/srv/detail/kill__functions.h
[15.379s] -- Installing: /home/lhy/ws00_helloworld/install/turtlesim/include/turtlesim/turtlesim/srv/detail/spawn__functions.c
[15.379s] -- Installing: /home/lhy/ws00_helloworld/install/turtlesim/include/turtlesim/turtlesim/srv/detail/teleport_absolute__functions.c
[15.379s] -- Installing: /home/lhy/ws00_helloworld/install/turtlesim/include/turtlesim/turtlesim/srv/detail/teleport_relative__type_support.h
[15.379s] -- Installing: /home/lhy/ws00_helloworld/install/turtlesim/include/turtlesim/turtlesim/srv/detail/teleport_absolute__type_support.h
[15.379s] -- Installing: /home/lhy/ws00_helloworld/install/turtlesim/include/turtlesim/turtlesim/srv/teleport_relative.h
[15.379s] -- Installing: /home/lhy/ws00_helloworld/install/turtlesim/include/turtlesim/turtlesim/action
[15.379s] -- Installing: /home/lhy/ws00_helloworld/install/turtlesim/include/turtlesim/turtlesim/action/detail
[15.380s] -- Installing: /home/lhy/ws00_helloworld/install/turtlesim/include/turtlesim/turtlesim/action/detail/rotate_absolute__functions.c
[15.380s] -- Installing: /home/lhy/ws00_helloworld/install/turtlesim/include/turtlesim/turtlesim/action/detail/rotate_absolute__struct.h
[15.380s] -- Installing: /home/lhy/ws00_helloworld/install/turtlesim/include/turtlesim/turtlesim/action/detail/rotate_absolute__functions.h
[15.380s] -- Installing: /home/lhy/ws00_helloworld/install/turtlesim/include/turtlesim/turtlesim/action/detail/rotate_absolute__type_support.h
[15.380s] -- Installing: /home/lhy/ws00_helloworld/install/turtlesim/include/turtlesim/turtlesim/action/rotate_absolute.h
[15.380s] -- Installing: /home/lhy/ws00_helloworld/install/turtlesim/include/turtlesim/turtlesim/msg
[15.381s] -- Installing: /home/lhy/ws00_helloworld/install/turtlesim/include/turtlesim/turtlesim/msg/color.h
[15.381s] -- Installing: /home/lhy/ws00_helloworld/install/turtlesim/include/turtlesim/turtlesim/msg/rosidl_generator_c__visibility_control.h
[15.381s] -- Installing: /home/lhy/ws00_helloworld/install/turtlesim/include/turtlesim/turtlesim/msg/pose.h
[15.381s] -- Installing: /home/lhy/ws00_helloworld/install/turtlesim/include/turtlesim/turtlesim/msg/detail
[15.381s] -- Installing: /home/lhy/ws00_helloworld/install/turtlesim/include/turtlesim/turtlesim/msg/detail/pose__type_support.h
[15.382s] -- Installing: /home/lhy/ws00_helloworld/install/turtlesim/include/turtlesim/turtlesim/msg/detail/pose__functions.c
[15.382s] -- Installing: /home/lhy/ws00_helloworld/install/turtlesim/include/turtlesim/turtlesim/msg/detail/color__functions.c
[15.382s] -- Installing: /home/lhy/ws00_helloworld/install/turtlesim/include/turtlesim/turtlesim/msg/detail/color__type_support.h
[15.382s] -- Installing: /home/lhy/ws00_helloworld/install/turtlesim/include/turtlesim/turtlesim/msg/detail/color__struct.h
[15.382s] -- Installing: /home/lhy/ws00_helloworld/install/turtlesim/include/turtlesim/turtlesim/msg/detail/color__functions.h
[15.382s] -- Installing: /home/lhy/ws00_helloworld/install/turtlesim/include/turtlesim/turtlesim/msg/detail/pose__functions.h
[15.382s] -- Installing: /home/lhy/ws00_helloworld/install/turtlesim/include/turtlesim/turtlesim/msg/detail/pose__struct.h
[15.383s] -- Installing: /home/lhy/ws00_helloworld/install/turtlesim/share/turtlesim/environment/library_path.sh
[15.383s] -- Installing: /home/lhy/ws00_helloworld/install/turtlesim/share/turtlesim/environment/library_path.dsv
[15.383s] -- Installing: /home/lhy/ws00_helloworld/install/turtlesim/lib/libturtlesim__rosidl_generator_c.so
[15.384s] -- Set runtime path of "/home/lhy/ws00_helloworld/install/turtlesim/lib/libturtlesim__rosidl_generator_c.so" to ""
[15.384s] -- Up-to-date: /home/lhy/ws00_helloworld/install/turtlesim/include/turtlesim/turtlesim
[15.384s] -- Up-to-date: /home/lhy/ws00_helloworld/install/turtlesim/include/turtlesim/turtlesim/srv
[15.384s] -- Up-to-date: /home/lhy/ws00_helloworld/install/turtlesim/include/turtlesim/turtlesim/srv/detail
[15.384s] -- Installing: /home/lhy/ws00_helloworld/install/turtlesim/include/turtlesim/turtlesim/srv/detail/set_pen__rosidl_typesupport_fastrtps_c.h
[15.384s] -- Installing: /home/lhy/ws00_helloworld/install/turtlesim/include/turtlesim/turtlesim/srv/detail/spawn__rosidl_typesupport_fastrtps_c.h
[15.385s] -- Installing: /home/lhy/ws00_helloworld/install/turtlesim/include/turtlesim/turtlesim/srv/detail/teleport_relative__rosidl_typesupport_fastrtps_c.h
[15.385s] -- Installing: /home/lhy/ws00_helloworld/install/turtlesim/include/turtlesim/turtlesim/srv/detail/teleport_absolute__rosidl_typesupport_fastrtps_c.h
[15.385s] -- Installing: /home/lhy/ws00_helloworld/install/turtlesim/include/turtlesim/turtlesim/srv/detail/kill__rosidl_typesupport_fastrtps_c.h
[15.385s] -- Up-to-date: /home/lhy/ws00_helloworld/install/turtlesim/include/turtlesim/turtlesim/action
[15.385s] -- Up-to-date: /home/lhy/ws00_helloworld/install/turtlesim/include/turtlesim/turtlesim/action/detail
[15.386s] -- Installing: /home/lhy/ws00_helloworld/install/turtlesim/include/turtlesim/turtlesim/action/detail/rotate_absolute__rosidl_typesupport_fastrtps_c.h
[15.386s] -- Up-to-date: /home/lhy/ws00_helloworld/install/turtlesim/include/turtlesim/turtlesim/msg
[15.386s] -- Installing: /home/lhy/ws00_helloworld/install/turtlesim/include/turtlesim/turtlesim/msg/rosidl_typesupport_fastrtps_c__visibility_control.h
[15.386s] -- Up-to-date: /home/lhy/ws00_helloworld/install/turtlesim/include/turtlesim/turtlesim/msg/detail
[15.386s] -- Installing: /home/lhy/ws00_helloworld/install/turtlesim/include/turtlesim/turtlesim/msg/detail/color__rosidl_typesupport_fastrtps_c.h
[15.386s] -- Installing: /home/lhy/ws00_helloworld/install/turtlesim/include/turtlesim/turtlesim/msg/detail/pose__rosidl_typesupport_fastrtps_c.h
[15.386s] -- Installing: /home/lhy/ws00_helloworld/install/turtlesim/lib/libturtlesim__rosidl_typesupport_fastrtps_c.so
[15.387s] -- Set runtime path of "/home/lhy/ws00_helloworld/install/turtlesim/lib/libturtlesim__rosidl_typesupport_fastrtps_c.so" to ""
[15.387s] -- Up-to-date: /home/lhy/ws00_helloworld/install/turtlesim/include/turtlesim/turtlesim
[15.387s] -- Up-to-date: /home/lhy/ws00_helloworld/install/turtlesim/include/turtlesim/turtlesim/srv
[15.388s] -- Installing: /home/lhy/ws00_helloworld/install/turtlesim/include/turtlesim/turtlesim/srv/set_pen.hpp
[15.388s] -- Installing: /home/lhy/ws00_helloworld/install/turtlesim/include/turtlesim/turtlesim/srv/teleport_absolute.hpp
[15.388s] -- Installing: /home/lhy/ws00_helloworld/install/turtlesim/include/turtlesim/turtlesim/srv/spawn.hpp
[15.388s] -- Installing: /home/lhy/ws00_helloworld/install/turtlesim/include/turtlesim/turtlesim/srv/teleport_relative.hpp
[15.388s] -- Up-to-date: /home/lhy/ws00_helloworld/install/turtlesim/include/turtlesim/turtlesim/srv/detail
[15.389s] -- Installing: /home/lhy/ws00_helloworld/install/turtlesim/include/turtlesim/turtlesim/srv/detail/set_pen__traits.hpp
[15.389s] -- Installing: /home/lhy/ws00_helloworld/install/turtlesim/include/turtlesim/turtlesim/srv/detail/teleport_absolute__builder.hpp
[15.390s] -- Installing: /home/lhy/ws00_helloworld/install/turtlesim/include/turtlesim/turtlesim/srv/detail/kill__builder.hpp
[15.390s] -- Installing: /home/lhy/ws00_helloworld/install/turtlesim/include/turtlesim/turtlesim/srv/detail/set_pen__builder.hpp
[15.390s] -- Installing: /home/lhy/ws00_helloworld/install/turtlesim/include/turtlesim/turtlesim/srv/detail/set_pen__struct.hpp
[15.390s] -- Installing: /home/lhy/ws00_helloworld/install/turtlesim/include/turtlesim/turtlesim/srv/detail/teleport_relative__builder.hpp
[15.390s] -- Installing: /home/lhy/ws00_helloworld/install/turtlesim/include/turtlesim/turtlesim/srv/detail/teleport_absolute__struct.hpp
[15.391s] -- Installing: /home/lhy/ws00_helloworld/install/turtlesim/include/turtlesim/turtlesim/srv/detail/teleport_relative__traits.hpp
[15.391s] -- Installing: /home/lhy/ws00_helloworld/install/turtlesim/include/turtlesim/turtlesim/srv/detail/teleport_absolute__traits.hpp
[15.391s] -- Installing: /home/lhy/ws00_helloworld/install/turtlesim/include/turtlesim/turtlesim/srv/detail/kill__struct.hpp
[15.391s] -- Installing: /home/lhy/ws00_helloworld/install/turtlesim/include/turtlesim/turtlesim/srv/detail/spawn__struct.hpp
[15.391s] -- Installing: /home/lhy/ws00_helloworld/install/turtlesim/include/turtlesim/turtlesim/srv/detail/spawn__traits.hpp
[15.391s] -- Installing: /home/lhy/ws00_helloworld/install/turtlesim/include/turtlesim/turtlesim/srv/detail/kill__traits.hpp
[15.392s] -- Installing: /home/lhy/ws00_helloworld/install/turtlesim/include/turtlesim/turtlesim/srv/detail/teleport_relative__struct.hpp
[15.392s] -- Installing: /home/lhy/ws00_helloworld/install/turtlesim/include/turtlesim/turtlesim/srv/detail/spawn__builder.hpp
[15.392s] -- Installing: /home/lhy/ws00_helloworld/install/turtlesim/include/turtlesim/turtlesim/srv/kill.hpp
[15.392s] -- Up-to-date: /home/lhy/ws00_helloworld/install/turtlesim/include/turtlesim/turtlesim/action
[15.392s] -- Installing: /home/lhy/ws00_helloworld/install/turtlesim/include/turtlesim/turtlesim/action/rotate_absolute.hpp
[15.392s] -- Up-to-date: /home/lhy/ws00_helloworld/install/turtlesim/include/turtlesim/turtlesim/action/detail
[15.392s] -- Installing: /home/lhy/ws00_helloworld/install/turtlesim/include/turtlesim/turtlesim/action/detail/rotate_absolute__builder.hpp
[15.393s] -- Installing: /home/lhy/ws00_helloworld/install/turtlesim/include/turtlesim/turtlesim/action/detail/rotate_absolute__traits.hpp
[15.393s] -- Installing: /home/lhy/ws00_helloworld/install/turtlesim/include/turtlesim/turtlesim/action/detail/rotate_absolute__struct.hpp
[15.393s] -- Up-to-date: /home/lhy/ws00_helloworld/install/turtlesim/include/turtlesim/turtlesim/msg
[15.393s] -- Up-to-date: /home/lhy/ws00_helloworld/install/turtlesim/include/turtlesim/turtlesim/msg/detail
[15.393s] -- Installing: /home/lhy/ws00_helloworld/install/turtlesim/include/turtlesim/turtlesim/msg/detail/color__traits.hpp
[15.393s] -- Installing: /home/lhy/ws00_helloworld/install/turtlesim/include/turtlesim/turtlesim/msg/detail/pose__struct.hpp
[15.393s] -- Installing: /home/lhy/ws00_helloworld/install/turtlesim/include/turtlesim/turtlesim/msg/detail/color__struct.hpp
[15.393s] -- Installing: /home/lhy/ws00_helloworld/install/turtlesim/include/turtlesim/turtlesim/msg/detail/pose__traits.hpp
[15.394s] -- Installing: /home/lhy/ws00_helloworld/install/turtlesim/include/turtlesim/turtlesim/msg/detail/color__builder.hpp
[15.394s] -- Installing: /home/lhy/ws00_helloworld/install/turtlesim/include/turtlesim/turtlesim/msg/detail/pose__builder.hpp
[15.394s] -- Installing: /home/lhy/ws00_helloworld/install/turtlesim/include/turtlesim/turtlesim/msg/pose.hpp
[15.394s] -- Installing: /home/lhy/ws00_helloworld/install/turtlesim/include/turtlesim/turtlesim/msg/color.hpp
[15.394s] -- Up-to-date: /home/lhy/ws00_helloworld/install/turtlesim/include/turtlesim/turtlesim
[15.394s] -- Up-to-date: /home/lhy/ws00_helloworld/install/turtlesim/include/turtlesim/turtlesim/srv
[15.394s] -- Up-to-date: /home/lhy/ws00_helloworld/install/turtlesim/include/turtlesim/turtlesim/srv/detail
[15.394s] -- Installing: /home/lhy/ws00_helloworld/install/turtlesim/include/turtlesim/turtlesim/srv/detail/teleport_absolute__rosidl_typesupport_fastrtps_cpp.hpp
[15.395s] -- Installing: /home/lhy/ws00_helloworld/install/turtlesim/include/turtlesim/turtlesim/srv/detail/teleport_relative__rosidl_typesupport_fastrtps_cpp.hpp
[15.395s] -- Installing: /home/lhy/ws00_helloworld/install/turtlesim/include/turtlesim/turtlesim/srv/detail/dds_fastrtps
[15.395s] -- Installing: /home/lhy/ws00_helloworld/install/turtlesim/include/turtlesim/turtlesim/srv/detail/kill__rosidl_typesupport_fastrtps_cpp.hpp
[15.395s] -- Installing: /home/lhy/ws00_helloworld/install/turtlesim/include/turtlesim/turtlesim/srv/detail/spawn__rosidl_typesupport_fastrtps_cpp.hpp
[15.395s] -- Installing: /home/lhy/ws00_helloworld/install/turtlesim/include/turtlesim/turtlesim/srv/detail/set_pen__rosidl_typesupport_fastrtps_cpp.hpp
[15.395s] -- Up-to-date: /home/lhy/ws00_helloworld/install/turtlesim/include/turtlesim/turtlesim/action
[15.395s] -- Up-to-date: /home/lhy/ws00_helloworld/install/turtlesim/include/turtlesim/turtlesim/action/detail
[15.396s] -- Installing: /home/lhy/ws00_helloworld/install/turtlesim/include/turtlesim/turtlesim/action/detail/dds_fastrtps
[15.396s] -- Installing: /home/lhy/ws00_helloworld/install/turtlesim/include/turtlesim/turtlesim/action/detail/rotate_absolute__rosidl_typesupport_fastrtps_cpp.hpp
[15.396s] -- Up-to-date: /home/lhy/ws00_helloworld/install/turtlesim/include/turtlesim/turtlesim/msg
[15.396s] -- Installing: /home/lhy/ws00_helloworld/install/turtlesim/include/turtlesim/turtlesim/msg/rosidl_typesupport_fastrtps_cpp__visibility_control.h
[15.396s] -- Up-to-date: /home/lhy/ws00_helloworld/install/turtlesim/include/turtlesim/turtlesim/msg/detail
[15.396s] -- Installing: /home/lhy/ws00_helloworld/install/turtlesim/include/turtlesim/turtlesim/msg/detail/color__rosidl_typesupport_fastrtps_cpp.hpp
[15.396s] -- Installing: /home/lhy/ws00_helloworld/install/turtlesim/include/turtlesim/turtlesim/msg/detail/dds_fastrtps
[15.397s] -- Installing: /home/lhy/ws00_helloworld/install/turtlesim/include/turtlesim/turtlesim/msg/detail/pose__rosidl_typesupport_fastrtps_cpp.hpp
[15.397s] -- Installing: /home/lhy/ws00_helloworld/install/turtlesim/lib/libturtlesim__rosidl_typesupport_fastrtps_cpp.so
[15.397s] -- Set runtime path of "/home/lhy/ws00_helloworld/install/turtlesim/lib/libturtlesim__rosidl_typesupport_fastrtps_cpp.so" to ""
[15.397s] -- Up-to-date: /home/lhy/ws00_helloworld/install/turtlesim/include/turtlesim/turtlesim
[15.397s] -- Up-to-date: /home/lhy/ws00_helloworld/install/turtlesim/include/turtlesim/turtlesim/srv
[15.397s] -- Up-to-date: /home/lhy/ws00_helloworld/install/turtlesim/include/turtlesim/turtlesim/srv/detail
[15.397s] -- Installing: /home/lhy/ws00_helloworld/install/turtlesim/include/turtlesim/turtlesim/srv/detail/set_pen__type_support.c
[15.398s] -- Installing: /home/lhy/ws00_helloworld/install/turtlesim/include/turtlesim/turtlesim/srv/detail/spawn__type_support.c
[15.398s] -- Installing: /home/lhy/ws00_helloworld/install/turtlesim/include/turtlesim/turtlesim/srv/detail/teleport_relative__type_support.c
[15.398s] -- Installing: /home/lhy/ws00_helloworld/install/turtlesim/include/turtlesim/turtlesim/srv/detail/spawn__rosidl_typesupport_introspection_c.h
[15.398s] -- Installing: /home/lhy/ws00_helloworld/install/turtlesim/include/turtlesim/turtlesim/srv/detail/teleport_absolute__rosidl_typesupport_introspection_c.h
[15.398s] -- Installing: /home/lhy/ws00_helloworld/install/turtlesim/include/turtlesim/turtlesim/srv/detail/teleport_absolute__type_support.c
[15.398s] -- Installing: /home/lhy/ws00_helloworld/install/turtlesim/include/turtlesim/turtlesim/srv/detail/kill__rosidl_typesupport_introspection_c.h
[15.398s] -- Installing: /home/lhy/ws00_helloworld/install/turtlesim/include/turtlesim/turtlesim/srv/detail/set_pen__rosidl_typesupport_introspection_c.h
[15.399s] -- Installing: /home/lhy/ws00_helloworld/install/turtlesim/include/turtlesim/turtlesim/srv/detail/teleport_relative__rosidl_typesupport_introspection_c.h
[15.399s] -- Installing: /home/lhy/ws00_helloworld/install/turtlesim/include/turtlesim/turtlesim/srv/detail/kill__type_support.c
[15.399s] -- Up-to-date: /home/lhy/ws00_helloworld/install/turtlesim/include/turtlesim/turtlesim/action
[15.399s] -- Up-to-date: /home/lhy/ws00_helloworld/install/turtlesim/include/turtlesim/turtlesim/action/detail
[15.399s] -- Installing: /home/lhy/ws00_helloworld/install/turtlesim/include/turtlesim/turtlesim/action/detail/rotate_absolute__rosidl_typesupport_introspection_c.h
[15.399s] -- Installing: /home/lhy/ws00_helloworld/install/turtlesim/include/turtlesim/turtlesim/action/detail/rotate_absolute__type_support.c
[15.399s] -- Up-to-date: /home/lhy/ws00_helloworld/install/turtlesim/include/turtlesim/turtlesim/msg
[15.399s] -- Installing: /home/lhy/ws00_helloworld/install/turtlesim/include/turtlesim/turtlesim/msg/rosidl_typesupport_introspection_c__visibility_control.h
[15.400s] -- Up-to-date: /home/lhy/ws00_helloworld/install/turtlesim/include/turtlesim/turtlesim/msg/detail
[15.400s] -- Installing: /home/lhy/ws00_helloworld/install/turtlesim/include/turtlesim/turtlesim/msg/detail/color__rosidl_typesupport_introspection_c.h
[15.400s] -- Installing: /home/lhy/ws00_helloworld/install/turtlesim/include/turtlesim/turtlesim/msg/detail/pose__type_support.c
[15.400s] -- Installing: /home/lhy/ws00_helloworld/install/turtlesim/include/turtlesim/turtlesim/msg/detail/color__type_support.c
[15.400s] -- Installing: /home/lhy/ws00_helloworld/install/turtlesim/include/turtlesim/turtlesim/msg/detail/pose__rosidl_typesupport_introspection_c.h
[15.400s] -- Installing: /home/lhy/ws00_helloworld/install/turtlesim/lib/libturtlesim__rosidl_typesupport_introspection_c.so
[15.400s] -- Set runtime path of "/home/lhy/ws00_helloworld/install/turtlesim/lib/libturtlesim__rosidl_typesupport_introspection_c.so" to ""
[15.400s] -- Installing: /home/lhy/ws00_helloworld/install/turtlesim/lib/libturtlesim__rosidl_typesupport_c.so
[15.401s] -- Set runtime path of "/home/lhy/ws00_helloworld/install/turtlesim/lib/libturtlesim__rosidl_typesupport_c.so" to ""
[15.401s] -- Up-to-date: /home/lhy/ws00_helloworld/install/turtlesim/include/turtlesim/turtlesim
[15.401s] -- Up-to-date: /home/lhy/ws00_helloworld/install/turtlesim/include/turtlesim/turtlesim/srv
[15.401s] -- Up-to-date: /home/lhy/ws00_helloworld/install/turtlesim/include/turtlesim/turtlesim/srv/detail
[15.401s] -- Installing: /home/lhy/ws00_helloworld/install/turtlesim/include/turtlesim/turtlesim/srv/detail/teleport_relative__type_support.cpp
[15.401s] -- Installing: /home/lhy/ws00_helloworld/install/turtlesim/include/turtlesim/turtlesim/srv/detail/set_pen__type_support.cpp
[15.401s] -- Installing: /home/lhy/ws00_helloworld/install/turtlesim/include/turtlesim/turtlesim/srv/detail/kill__rosidl_typesupport_introspection_cpp.hpp
[15.401s] -- Installing: /home/lhy/ws00_helloworld/install/turtlesim/include/turtlesim/turtlesim/srv/detail/kill__type_support.cpp
[15.402s] -- Installing: /home/lhy/ws00_helloworld/install/turtlesim/include/turtlesim/turtlesim/srv/detail/set_pen__rosidl_typesupport_introspection_cpp.hpp
[15.402s] -- Installing: /home/lhy/ws00_helloworld/install/turtlesim/include/turtlesim/turtlesim/srv/detail/spawn__rosidl_typesupport_introspection_cpp.hpp
[15.402s] -- Installing: /home/lhy/ws00_helloworld/install/turtlesim/include/turtlesim/turtlesim/srv/detail/teleport_relative__rosidl_typesupport_introspection_cpp.hpp
[15.402s] -- Installing: /home/lhy/ws00_helloworld/install/turtlesim/include/turtlesim/turtlesim/srv/detail/teleport_absolute__rosidl_typesupport_introspection_cpp.hpp
[15.402s] -- Installing: /home/lhy/ws00_helloworld/install/turtlesim/include/turtlesim/turtlesim/srv/detail/teleport_absolute__type_support.cpp
[15.402s] -- Installing: /home/lhy/ws00_helloworld/install/turtlesim/include/turtlesim/turtlesim/srv/detail/spawn__type_support.cpp
[15.402s] -- Up-to-date: /home/lhy/ws00_helloworld/install/turtlesim/include/turtlesim/turtlesim/action
[15.403s] -- Up-to-date: /home/lhy/ws00_helloworld/install/turtlesim/include/turtlesim/turtlesim/action/detail
[15.403s] -- Installing: /home/lhy/ws00_helloworld/install/turtlesim/include/turtlesim/turtlesim/action/detail/rotate_absolute__type_support.cpp
[15.403s] -- Installing: /home/lhy/ws00_helloworld/install/turtlesim/include/turtlesim/turtlesim/action/detail/rotate_absolute__rosidl_typesupport_introspection_cpp.hpp
[15.403s] -- Up-to-date: /home/lhy/ws00_helloworld/install/turtlesim/include/turtlesim/turtlesim/msg
[15.403s] -- Up-to-date: /home/lhy/ws00_helloworld/install/turtlesim/include/turtlesim/turtlesim/msg/detail
[15.403s] -- Installing: /home/lhy/ws00_helloworld/install/turtlesim/include/turtlesim/turtlesim/msg/detail/pose__type_support.cpp
[15.403s] -- Installing: /home/lhy/ws00_helloworld/install/turtlesim/include/turtlesim/turtlesim/msg/detail/color__rosidl_typesupport_introspection_cpp.hpp
[15.403s] -- Installing: /home/lhy/ws00_helloworld/install/turtlesim/include/turtlesim/turtlesim/msg/detail/color__type_support.cpp
[15.404s] -- Installing: /home/lhy/ws00_helloworld/install/turtlesim/include/turtlesim/turtlesim/msg/detail/pose__rosidl_typesupport_introspection_cpp.hpp
[15.404s] -- Installing: /home/lhy/ws00_helloworld/install/turtlesim/lib/libturtlesim__rosidl_typesupport_introspection_cpp.so
[15.404s] -- Set runtime path of "/home/lhy/ws00_helloworld/install/turtlesim/lib/libturtlesim__rosidl_typesupport_introspection_cpp.so" to ""
[15.404s] -- Installing: /home/lhy/ws00_helloworld/install/turtlesim/lib/libturtlesim__rosidl_typesupport_cpp.so
[15.404s] -- Set runtime path of "/home/lhy/ws00_helloworld/install/turtlesim/lib/libturtlesim__rosidl_typesupport_cpp.so" to ""
[15.404s] -- Installing: /home/lhy/ws00_helloworld/install/turtlesim/share/turtlesim/environment/pythonpath.sh
[15.404s] -- Installing: /home/lhy/ws00_helloworld/install/turtlesim/share/turtlesim/environment/pythonpath.dsv
[15.405s] -- Installing: /home/lhy/ws00_helloworld/install/turtlesim/local/lib/python3.10/dist-packages/turtlesim-1.4.2-py3.10.egg-info
[15.405s] -- Installing: /home/lhy/ws00_helloworld/install/turtlesim/local/lib/python3.10/dist-packages/turtlesim-1.4.2-py3.10.egg-info/SOURCES.txt
[15.405s] -- Installing: /home/lhy/ws00_helloworld/install/turtlesim/local/lib/python3.10/dist-packages/turtlesim-1.4.2-py3.10.egg-info/dependency_links.txt
[15.405s] -- Installing: /home/lhy/ws00_helloworld/install/turtlesim/local/lib/python3.10/dist-packages/turtlesim-1.4.2-py3.10.egg-info/PKG-INFO
[15.405s] -- Installing: /home/lhy/ws00_helloworld/install/turtlesim/local/lib/python3.10/dist-packages/turtlesim-1.4.2-py3.10.egg-info/top_level.txt
[15.405s] -- Installing: /home/lhy/ws00_helloworld/install/turtlesim/local/lib/python3.10/dist-packages/turtlesim
[15.405s] -- Installing: /home/lhy/ws00_helloworld/install/turtlesim/local/lib/python3.10/dist-packages/turtlesim/turtlesim_s__rosidl_typesupport_introspection_c.cpython-310-x86_64-linux-gnu.so
[15.405s] -- Installing: /home/lhy/ws00_helloworld/install/turtlesim/local/lib/python3.10/dist-packages/turtlesim/srv
[15.405s] -- Installing: /home/lhy/ws00_helloworld/install/turtlesim/local/lib/python3.10/dist-packages/turtlesim/srv/_teleport_absolute_s.c
[15.406s] -- Installing: /home/lhy/ws00_helloworld/install/turtlesim/local/lib/python3.10/dist-packages/turtlesim/srv/_teleport_absolute.py
[15.406s] -- Installing: /home/lhy/ws00_helloworld/install/turtlesim/local/lib/python3.10/dist-packages/turtlesim/srv/_teleport_relative.py
[15.406s] -- Installing: /home/lhy/ws00_helloworld/install/turtlesim/local/lib/python3.10/dist-packages/turtlesim/srv/_kill_s.c
[15.406s] -- Installing: /home/lhy/ws00_helloworld/install/turtlesim/local/lib/python3.10/dist-packages/turtlesim/srv/_set_pen_s.c
[15.406s] -- Installing: /home/lhy/ws00_helloworld/install/turtlesim/local/lib/python3.10/dist-packages/turtlesim/srv/_spawn.py
[15.406s] -- Installing: /home/lhy/ws00_helloworld/install/turtlesim/local/lib/python3.10/dist-packages/turtlesim/srv/_set_pen.py
[15.406s] -- Installing: /home/lhy/ws00_helloworld/install/turtlesim/local/lib/python3.10/dist-packages/turtlesim/srv/_kill.py
[15.406s] -- Installing: /home/lhy/ws00_helloworld/install/turtlesim/local/lib/python3.10/dist-packages/turtlesim/srv/_spawn_s.c
[15.407s] -- Installing: /home/lhy/ws00_helloworld/install/turtlesim/local/lib/python3.10/dist-packages/turtlesim/srv/_teleport_relative_s.c
[15.407s] -- Installing: /home/lhy/ws00_helloworld/install/turtlesim/local/lib/python3.10/dist-packages/turtlesim/srv/__init__.py
[15.407s] -- Installing: /home/lhy/ws00_helloworld/install/turtlesim/local/lib/python3.10/dist-packages/turtlesim/_turtlesim_s.ep.rosidl_typesupport_c.c
[15.407s] -- Installing: /home/lhy/ws00_helloworld/install/turtlesim/local/lib/python3.10/dist-packages/turtlesim/turtlesim_s__rosidl_typesupport_fastrtps_c.cpython-310-x86_64-linux-gnu.so
[15.407s] -- Installing: /home/lhy/ws00_helloworld/install/turtlesim/local/lib/python3.10/dist-packages/turtlesim/_turtlesim_s.ep.rosidl_typesupport_introspection_c.c
[15.407s] -- Installing: /home/lhy/ws00_helloworld/install/turtlesim/local/lib/python3.10/dist-packages/turtlesim/turtlesim_s__rosidl_typesupport_c.cpython-310-x86_64-linux-gnu.so
[15.407s] -- Installing: /home/lhy/ws00_helloworld/install/turtlesim/local/lib/python3.10/dist-packages/turtlesim/action
[15.407s] -- Installing: /home/lhy/ws00_helloworld/install/turtlesim/local/lib/python3.10/dist-packages/turtlesim/action/_rotate_absolute.py
[15.407s] -- Installing: /home/lhy/ws00_helloworld/install/turtlesim/local/lib/python3.10/dist-packages/turtlesim/action/__init__.py
[15.408s] -- Installing: /home/lhy/ws00_helloworld/install/turtlesim/local/lib/python3.10/dist-packages/turtlesim/action/_rotate_absolute_s.c
[15.408s] -- Installing: /home/lhy/ws00_helloworld/install/turtlesim/local/lib/python3.10/dist-packages/turtlesim/msg
[15.408s] -- Installing: /home/lhy/ws00_helloworld/install/turtlesim/local/lib/python3.10/dist-packages/turtlesim/msg/_pose.py
[15.408s] -- Installing: /home/lhy/ws00_helloworld/install/turtlesim/local/lib/python3.10/dist-packages/turtlesim/msg/_color_s.c
[15.408s] -- Installing: /home/lhy/ws00_helloworld/install/turtlesim/local/lib/python3.10/dist-packages/turtlesim/msg/_pose_s.c
[15.408s] -- Installing: /home/lhy/ws00_helloworld/install/turtlesim/local/lib/python3.10/dist-packages/turtlesim/msg/_color.py
[15.408s] -- Installing: /home/lhy/ws00_helloworld/install/turtlesim/local/lib/python3.10/dist-packages/turtlesim/msg/__init__.py
[15.408s] -- Installing: /home/lhy/ws00_helloworld/install/turtlesim/local/lib/python3.10/dist-packages/turtlesim/_turtlesim_s.ep.rosidl_typesupport_fastrtps_c.c
[15.408s] -- Installing: /home/lhy/ws00_helloworld/install/turtlesim/local/lib/python3.10/dist-packages/turtlesim/__init__.py
[15.409s] -- Installing: /home/lhy/ws00_helloworld/install/turtlesim/local/lib/python3.10/dist-packages/turtlesim/libturtlesim__rosidl_generator_py.so
[15.460s] Listing '/home/lhy/ws00_helloworld/install/turtlesim/local/lib/python3.10/dist-packages/turtlesim'...
[15.460s] Compiling '/home/lhy/ws00_helloworld/install/turtlesim/local/lib/python3.10/dist-packages/turtlesim/__init__.py'...
[15.461s] Listing '/home/lhy/ws00_helloworld/install/turtlesim/local/lib/python3.10/dist-packages/turtlesim/action'...
[15.461s] Compiling '/home/lhy/ws00_helloworld/install/turtlesim/local/lib/python3.10/dist-packages/turtlesim/action/__init__.py'...
[15.461s] Compiling '/home/lhy/ws00_helloworld/install/turtlesim/local/lib/python3.10/dist-packages/turtlesim/action/_rotate_absolute.py'...
[15.461s] Listing '/home/lhy/ws00_helloworld/install/turtlesim/local/lib/python3.10/dist-packages/turtlesim/msg'...
[15.461s] Compiling '/home/lhy/ws00_helloworld/install/turtlesim/local/lib/python3.10/dist-packages/turtlesim/msg/__init__.py'...
[15.461s] Compiling '/home/lhy/ws00_helloworld/install/turtlesim/local/lib/python3.10/dist-packages/turtlesim/msg/_color.py'...
[15.461s] Compiling '/home/lhy/ws00_helloworld/install/turtlesim/local/lib/python3.10/dist-packages/turtlesim/msg/_pose.py'...
[15.461s] Listing '/home/lhy/ws00_helloworld/install/turtlesim/local/lib/python3.10/dist-packages/turtlesim/srv'...
[15.461s] Compiling '/home/lhy/ws00_helloworld/install/turtlesim/local/lib/python3.10/dist-packages/turtlesim/srv/__init__.py'...
[15.461s] Compiling '/home/lhy/ws00_helloworld/install/turtlesim/local/lib/python3.10/dist-packages/turtlesim/srv/_kill.py'...
[15.462s] Compiling '/home/lhy/ws00_helloworld/install/turtlesim/local/lib/python3.10/dist-packages/turtlesim/srv/_set_pen.py'...
[15.462s] Compiling '/home/lhy/ws00_helloworld/install/turtlesim/local/lib/python3.10/dist-packages/turtlesim/srv/_spawn.py'...
[15.462s] Compiling '/home/lhy/ws00_helloworld/install/turtlesim/local/lib/python3.10/dist-packages/turtlesim/srv/_teleport_absolute.py'...
[15.462s] Compiling '/home/lhy/ws00_helloworld/install/turtlesim/local/lib/python3.10/dist-packages/turtlesim/srv/_teleport_relative.py'...
[15.468s] -- Installing: /home/lhy/ws00_helloworld/install/turtlesim/local/lib/python3.10/dist-packages/turtlesim/turtlesim_s__rosidl_typesupport_fastrtps_c.cpython-310-x86_64-linux-gnu.so
[15.468s] -- Set runtime path of "/home/lhy/ws00_helloworld/install/turtlesim/local/lib/python3.10/dist-packages/turtlesim/turtlesim_s__rosidl_typesupport_fastrtps_c.cpython-310-x86_64-linux-gnu.so" to ""
[15.469s] -- Installing: /home/lhy/ws00_helloworld/install/turtlesim/local/lib/python3.10/dist-packages/turtlesim/turtlesim_s__rosidl_typesupport_introspection_c.cpython-310-x86_64-linux-gnu.so
[15.469s] -- Set runtime path of "/home/lhy/ws00_helloworld/install/turtlesim/local/lib/python3.10/dist-packages/turtlesim/turtlesim_s__rosidl_typesupport_introspection_c.cpython-310-x86_64-linux-gnu.so" to ""
[15.469s] -- Installing: /home/lhy/ws00_helloworld/install/turtlesim/local/lib/python3.10/dist-packages/turtlesim/turtlesim_s__rosidl_typesupport_c.cpython-310-x86_64-linux-gnu.so
[15.470s] -- Set runtime path of "/home/lhy/ws00_helloworld/install/turtlesim/local/lib/python3.10/dist-packages/turtlesim/turtlesim_s__rosidl_typesupport_c.cpython-310-x86_64-linux-gnu.so" to ""
[15.470s] -- Installing: /home/lhy/ws00_helloworld/install/turtlesim/lib/libturtlesim__rosidl_generator_py.so
[15.470s] -- Set runtime path of "/home/lhy/ws00_helloworld/install/turtlesim/lib/libturtlesim__rosidl_generator_py.so" to ""
[15.470s] -- Installing: /home/lhy/ws00_helloworld/install/turtlesim/share/turtlesim/action/RotateAbsolute.idl
[15.471s] -- Installing: /home/lhy/ws00_helloworld/install/turtlesim/share/turtlesim/msg/Color.idl
[15.471s] -- Installing: /home/lhy/ws00_helloworld/install/turtlesim/share/turtlesim/msg/Pose.idl
[15.471s] -- Installing: /home/lhy/ws00_helloworld/install/turtlesim/share/turtlesim/srv/Kill.idl
[15.471s] -- Installing: /home/lhy/ws00_helloworld/install/turtlesim/share/turtlesim/srv/SetPen.idl
[15.471s] -- Installing: /home/lhy/ws00_helloworld/install/turtlesim/share/turtlesim/srv/Spawn.idl
[15.471s] -- Installing: /home/lhy/ws00_helloworld/install/turtlesim/share/turtlesim/srv/TeleportAbsolute.idl
[15.471s] -- Installing: /home/lhy/ws00_helloworld/install/turtlesim/share/turtlesim/srv/TeleportRelative.idl
[15.472s] -- Installing: /home/lhy/ws00_helloworld/install/turtlesim/share/turtlesim/action/RotateAbsolute.action
[15.472s] -- Installing: /home/lhy/ws00_helloworld/install/turtlesim/share/turtlesim/msg/Color.msg
[15.472s] -- Installing: /home/lhy/ws00_helloworld/install/turtlesim/share/turtlesim/msg/Pose.msg
[15.472s] -- Installing: /home/lhy/ws00_helloworld/install/turtlesim/share/turtlesim/srv/Kill.srv
[15.472s] -- Installing: /home/lhy/ws00_helloworld/install/turtlesim/share/turtlesim/srv/Kill_Request.msg
[15.472s] -- Installing: /home/lhy/ws00_helloworld/install/turtlesim/share/turtlesim/srv/Kill_Response.msg
[15.473s] -- Installing: /home/lhy/ws00_helloworld/install/turtlesim/share/turtlesim/srv/SetPen.srv
[15.473s] -- Installing: /home/lhy/ws00_helloworld/install/turtlesim/share/turtlesim/srv/SetPen_Request.msg
[15.473s] -- Installing: /home/lhy/ws00_helloworld/install/turtlesim/share/turtlesim/srv/SetPen_Response.msg
[15.473s] -- Installing: /home/lhy/ws00_helloworld/install/turtlesim/share/turtlesim/srv/Spawn.srv
[15.473s] -- Installing: /home/lhy/ws00_helloworld/install/turtlesim/share/turtlesim/srv/Spawn_Request.msg
[15.473s] -- Installing: /home/lhy/ws00_helloworld/install/turtlesim/share/turtlesim/srv/Spawn_Response.msg
[15.473s] -- Installing: /home/lhy/ws00_helloworld/install/turtlesim/share/turtlesim/srv/TeleportAbsolute.srv
[15.474s] -- Installing: /home/lhy/ws00_helloworld/install/turtlesim/share/turtlesim/srv/TeleportAbsolute_Request.msg
[15.474s] -- Installing: /home/lhy/ws00_helloworld/install/turtlesim/share/turtlesim/srv/TeleportAbsolute_Response.msg
[15.474s] -- Installing: /home/lhy/ws00_helloworld/install/turtlesim/share/turtlesim/srv/TeleportRelative.srv
[15.474s] -- Installing: /home/lhy/ws00_helloworld/install/turtlesim/share/turtlesim/srv/TeleportRelative_Request.msg
[15.474s] -- Installing: /home/lhy/ws00_helloworld/install/turtlesim/share/turtlesim/srv/TeleportRelative_Response.msg
[15.475s] -- Installing: /home/lhy/ws00_helloworld/install/turtlesim/lib/turtlesim/turtlesim_node
[15.485s] -- Set runtime path of "/home/lhy/ws00_helloworld/install/turtlesim/lib/turtlesim/turtlesim_node" to ""
[15.485s] -- Installing: /home/lhy/ws00_helloworld/install/turtlesim/lib/turtlesim/turtle_teleop_key
[15.487s] -- Set runtime path of "/home/lhy/ws00_helloworld/install/turtlesim/lib/turtlesim/turtle_teleop_key" to ""
[15.487s] -- Installing: /home/lhy/ws00_helloworld/install/turtlesim/lib/turtlesim/draw_square
[15.492s] -- Set runtime path of "/home/lhy/ws00_helloworld/install/turtlesim/lib/turtlesim/draw_square" to ""
[15.492s] -- Installing: /home/lhy/ws00_helloworld/install/turtlesim/lib/turtlesim/mimic
[15.497s] -- Set runtime path of "/home/lhy/ws00_helloworld/install/turtlesim/lib/turtlesim/mimic" to ""
[15.497s] -- Installing: /home/lhy/ws00_helloworld/install/turtlesim/share/turtlesim/images
[15.497s] -- Installing: /home/lhy/ws00_helloworld/install/turtlesim/share/turtlesim/images/crystal.png
[15.497s] -- Installing: /home/lhy/ws00_helloworld/install/turtlesim/share/turtlesim/images/foxy.png
[15.497s] -- Installing: /home/lhy/ws00_helloworld/install/turtlesim/share/turtlesim/images/bouncy.png
[15.497s] -- Installing: /home/lhy/ws00_helloworld/install/turtlesim/share/turtlesim/images/dashing.png
[15.497s] -- Installing: /home/lhy/ws00_helloworld/install/turtlesim/share/turtlesim/images/ardent.png
[15.498s] -- Installing: /home/lhy/ws00_helloworld/install/turtlesim/share/turtlesim/images/galactic.png
[15.498s] -- Installing: /home/lhy/ws00_helloworld/install/turtlesim/share/turtlesim/images/rolling.png
[15.498s] -- Installing: /home/lhy/ws00_helloworld/install/turtlesim/share/turtlesim/images/humble.png
[15.498s] -- Installing: /home/lhy/ws00_helloworld/install/turtlesim/share/turtlesim/images/eloquent.png
[15.498s] -- Installing: /home/lhy/ws00_helloworld/install/turtlesim/share/turtlesim/launch
[15.498s] -- Installing: /home/lhy/ws00_helloworld/install/turtlesim/share/turtlesim/launch/multisim.launch.py
[15.498s] -- Installing: /home/lhy/ws00_helloworld/install/turtlesim/share/ament_index/resource_index/package_run_dependencies/turtlesim
[15.498s] -- Installing: /home/lhy/ws00_helloworld/install/turtlesim/share/ament_index/resource_index/parent_prefix_path/turtlesim
[15.498s] -- Installing: /home/lhy/ws00_helloworld/install/turtlesim/share/turtlesim/environment/ament_prefix_path.sh
[15.499s] -- Installing: /home/lhy/ws00_helloworld/install/turtlesim/share/turtlesim/environment/ament_prefix_path.dsv
[15.499s] -- Installing: /home/lhy/ws00_helloworld/install/turtlesim/share/turtlesim/environment/path.sh
[15.499s] -- Installing: /home/lhy/ws00_helloworld/install/turtlesim/share/turtlesim/environment/path.dsv
[15.499s] -- Installing: /home/lhy/ws00_helloworld/install/turtlesim/share/turtlesim/local_setup.bash
[15.499s] -- Installing: /home/lhy/ws00_helloworld/install/turtlesim/share/turtlesim/local_setup.sh
[15.499s] -- Installing: /home/lhy/ws00_helloworld/install/turtlesim/share/turtlesim/local_setup.zsh
[15.499s] -- Installing: /home/lhy/ws00_helloworld/install/turtlesim/share/turtlesim/local_setup.dsv
[15.500s] -- Installing: /home/lhy/ws00_helloworld/install/turtlesim/share/turtlesim/package.dsv
[15.500s] -- Installing: /home/lhy/ws00_helloworld/install/turtlesim/share/ament_index/resource_index/packages/turtlesim
[15.500s] -- Installing: /home/lhy/ws00_helloworld/install/turtlesim/share/turtlesim/cmake/export_turtlesim__rosidl_generator_cExport.cmake
[15.500s] -- Installing: /home/lhy/ws00_helloworld/install/turtlesim/share/turtlesim/cmake/export_turtlesim__rosidl_generator_cExport-noconfig.cmake
[15.500s] -- Installing: /home/lhy/ws00_helloworld/install/turtlesim/share/turtlesim/cmake/export_turtlesim__rosidl_typesupport_fastrtps_cExport.cmake
[15.500s] -- Installing: /home/lhy/ws00_helloworld/install/turtlesim/share/turtlesim/cmake/export_turtlesim__rosidl_typesupport_fastrtps_cExport-noconfig.cmake
[15.501s] -- Installing: /home/lhy/ws00_helloworld/install/turtlesim/share/turtlesim/cmake/export_turtlesim__rosidl_generator_cppExport.cmake
[15.501s] -- Installing: /home/lhy/ws00_helloworld/install/turtlesim/share/turtlesim/cmake/export_turtlesim__rosidl_typesupport_fastrtps_cppExport.cmake
[15.501s] -- Installing: /home/lhy/ws00_helloworld/install/turtlesim/share/turtlesim/cmake/export_turtlesim__rosidl_typesupport_fastrtps_cppExport-noconfig.cmake
[15.501s] -- Installing: /home/lhy/ws00_helloworld/install/turtlesim/share/turtlesim/cmake/turtlesim__rosidl_typesupport_introspection_cExport.cmake
[15.501s] -- Installing: /home/lhy/ws00_helloworld/install/turtlesim/share/turtlesim/cmake/turtlesim__rosidl_typesupport_introspection_cExport-noconfig.cmake
[15.501s] -- Installing: /home/lhy/ws00_helloworld/install/turtlesim/share/turtlesim/cmake/turtlesim__rosidl_typesupport_cExport.cmake
[15.502s] -- Installing: /home/lhy/ws00_helloworld/install/turtlesim/share/turtlesim/cmake/turtlesim__rosidl_typesupport_cExport-noconfig.cmake
[15.502s] -- Installing: /home/lhy/ws00_helloworld/install/turtlesim/share/turtlesim/cmake/turtlesim__rosidl_typesupport_introspection_cppExport.cmake
[15.502s] -- Installing: /home/lhy/ws00_helloworld/install/turtlesim/share/turtlesim/cmake/turtlesim__rosidl_typesupport_introspection_cppExport-noconfig.cmake
[15.502s] -- Installing: /home/lhy/ws00_helloworld/install/turtlesim/share/turtlesim/cmake/turtlesim__rosidl_typesupport_cppExport.cmake
[15.502s] -- Installing: /home/lhy/ws00_helloworld/install/turtlesim/share/turtlesim/cmake/turtlesim__rosidl_typesupport_cppExport-noconfig.cmake
[15.502s] -- Installing: /home/lhy/ws00_helloworld/install/turtlesim/share/turtlesim/cmake/export_turtlesim__rosidl_generator_pyExport.cmake
[15.502s] -- Installing: /home/lhy/ws00_helloworld/install/turtlesim/share/turtlesim/cmake/export_turtlesim__rosidl_generator_pyExport-noconfig.cmake
[15.503s] -- Installing: /home/lhy/ws00_helloworld/install/turtlesim/share/turtlesim/cmake/rosidl_cmake-extras.cmake
[15.503s] -- Installing: /home/lhy/ws00_helloworld/install/turtlesim/share/turtlesim/cmake/ament_cmake_export_dependencies-extras.cmake
[15.503s] -- Installing: /home/lhy/ws00_helloworld/install/turtlesim/share/turtlesim/cmake/ament_cmake_export_include_directories-extras.cmake
[15.503s] -- Installing: /home/lhy/ws00_helloworld/install/turtlesim/share/turtlesim/cmake/ament_cmake_export_libraries-extras.cmake
[15.503s] -- Installing: /home/lhy/ws00_helloworld/install/turtlesim/share/turtlesim/cmake/ament_cmake_export_targets-extras.cmake
[15.503s] -- Installing: /home/lhy/ws00_helloworld/install/turtlesim/share/turtlesim/cmake/rosidl_cmake_export_typesupport_targets-extras.cmake
[15.503s] -- Installing: /home/lhy/ws00_helloworld/install/turtlesim/share/turtlesim/cmake/rosidl_cmake_export_typesupport_libraries-extras.cmake
[15.504s] -- Installing: /home/lhy/ws00_helloworld/install/turtlesim/share/turtlesim/cmake/turtlesimConfig.cmake
[15.504s] -- Installing: /home/lhy/ws00_helloworld/install/turtlesim/share/turtlesim/cmake/turtlesimConfig-version.cmake
[15.504s] -- Installing: /home/lhy/ws00_helloworld/install/turtlesim/share/turtlesim/package.xml
[15.507s] Invoked command in '/home/lhy/ws00_helloworld/build/turtlesim' returned '0': CMAKE_PREFIX_PATH=${CMAKE_PREFIX_PATH}:/home/lhy/ws00_helloworld/install/pkg02_helloworld_py:/opt/ros/humble /usr/bin/cmake --install /home/lhy/ws00_helloworld/build/turtlesim
