[0.859s] DEBUG:colcon:Command line arguments: ['/usr/bin/colcon', 'build', '--packages-select', 'pkg03_hellovscode_cpp']
[0.860s] DEBUG:colcon:Parsed command line arguments: Namespace(log_base=None, log_level=None, verb_name='build', build_base='build', install_base='install', merge_install=False, symlink_install=False, test_result_base=None, continue_on_error=False, executor='parallel', parallel_workers=8, event_handlers=None, ignore_user_meta=False, metas=['./colcon.meta'], base_paths=['.'], packages_ignore=None, packages_ignore_regex=None, paths=None, packages_up_to=None, packages_up_to_regex=None, packages_above=None, packages_above_and_dependencies=None, packages_above_depth=None, packages_select_by_dep=None, packages_skip_by_dep=None, packages_skip_up_to=None, packages_select_build_failed=False, packages_skip_build_finished=False, packages_select_test_failures=False, packages_skip_test_passed=False, packages_select=['pkg03_hellovscode_cpp'], packages_skip=None, packages_select_regex=None, packages_skip_regex=None, packages_start=None, packages_end=None, allow_overriding=[], cmake_args=None, cmake_target=None, cmake_target_skip_unavailable=False, cmake_clean_cache=False, cmake_clean_first=False, cmake_force_configure=False, ament_cmake_args=None, catkin_cmake_args=None, catkin_skip_building_tests=False, verb_parser=<colcon_defaults.argument_parser.defaults.DefaultArgumentsDecorator object at 0x7f99f63b3220>, verb_extension=<colcon_core.verb.build.BuildVerb object at 0x7f99f63b8e20>, main=<bound method BuildVerb.main of <colcon_core.verb.build.BuildVerb object at 0x7f99f63b8e20>>)
[0.901s] Level 1:colcon.colcon_core.package_discovery:discover_packages(colcon_meta) check parameters
[0.901s] Level 1:colcon.colcon_core.package_discovery:discover_packages(recursive) check parameters
[0.901s] Level 1:colcon.colcon_core.package_discovery:discover_packages(ignore) check parameters
[0.901s] Level 1:colcon.colcon_core.package_discovery:discover_packages(path) check parameters
[0.901s] Level 1:colcon.colcon_core.package_discovery:discover_packages(colcon_meta) discover
[0.901s] Level 1:colcon.colcon_core.package_discovery:discover_packages(recursive) discover
[0.901s] INFO:colcon.colcon_core.package_discovery:Crawling recursively for packages in '/home/lhy/ws00_helloworld'
[0.901s] Level 1:colcon.colcon_core.package_identification:_identify(.) by extensions ['ignore', 'ignore_ament_install']
[0.901s] Level 1:colcon.colcon_core.package_identification:_identify(.) by extension 'ignore'
[0.901s] Level 1:colcon.colcon_core.package_identification:_identify(.) by extension 'ignore_ament_install'
[0.901s] Level 1:colcon.colcon_core.package_identification:_identify(.) by extensions ['colcon_pkg']
[0.901s] Level 1:colcon.colcon_core.package_identification:_identify(.) by extension 'colcon_pkg'
[0.901s] Level 1:colcon.colcon_core.package_identification:_identify(.) by extensions ['colcon_meta']
[0.901s] Level 1:colcon.colcon_core.package_identification:_identify(.) by extension 'colcon_meta'
[0.901s] Level 1:colcon.colcon_core.package_identification:_identify(.) by extensions ['ros']
[0.901s] Level 1:colcon.colcon_core.package_identification:_identify(.) by extension 'ros'
[0.911s] Level 1:colcon.colcon_core.package_identification:_identify(.) by extensions ['cmake', 'python']
[0.911s] Level 1:colcon.colcon_core.package_identification:_identify(.) by extension 'cmake'
[0.911s] Level 1:colcon.colcon_core.package_identification:_identify(.) by extension 'python'
[0.911s] Level 1:colcon.colcon_core.package_identification:_identify(.) by extensions ['python_setup_py']
[0.911s] Level 1:colcon.colcon_core.package_identification:_identify(.) by extension 'python_setup_py'
[0.911s] Level 1:colcon.colcon_core.package_identification:_identify(build) by extensions ['ignore', 'ignore_ament_install']
[0.911s] Level 1:colcon.colcon_core.package_identification:_identify(build) by extension 'ignore'
[0.912s] Level 1:colcon.colcon_core.package_identification:_identify(build) ignored
[0.912s] Level 1:colcon.colcon_core.package_identification:_identify(install) by extensions ['ignore', 'ignore_ament_install']
[0.912s] Level 1:colcon.colcon_core.package_identification:_identify(install) by extension 'ignore'
[0.912s] Level 1:colcon.colcon_core.package_identification:_identify(install) ignored
[0.912s] Level 1:colcon.colcon_core.package_identification:_identify(log) by extensions ['ignore', 'ignore_ament_install']
[0.912s] Level 1:colcon.colcon_core.package_identification:_identify(log) by extension 'ignore'
[0.912s] Level 1:colcon.colcon_core.package_identification:_identify(log) ignored
[0.912s] Level 1:colcon.colcon_core.package_identification:_identify(src) by extensions ['ignore', 'ignore_ament_install']
[0.912s] Level 1:colcon.colcon_core.package_identification:_identify(src) by extension 'ignore'
[0.912s] Level 1:colcon.colcon_core.package_identification:_identify(src) by extension 'ignore_ament_install'
[0.912s] Level 1:colcon.colcon_core.package_identification:_identify(src) by extensions ['colcon_pkg']
[0.912s] Level 1:colcon.colcon_core.package_identification:_identify(src) by extension 'colcon_pkg'
[0.912s] Level 1:colcon.colcon_core.package_identification:_identify(src) by extensions ['colcon_meta']
[0.912s] Level 1:colcon.colcon_core.package_identification:_identify(src) by extension 'colcon_meta'
[0.912s] Level 1:colcon.colcon_core.package_identification:_identify(src) by extensions ['ros']
[0.912s] Level 1:colcon.colcon_core.package_identification:_identify(src) by extension 'ros'
[0.912s] Level 1:colcon.colcon_core.package_identification:_identify(src) by extensions ['cmake', 'python']
[0.912s] Level 1:colcon.colcon_core.package_identification:_identify(src) by extension 'cmake'
[0.912s] Level 1:colcon.colcon_core.package_identification:_identify(src) by extension 'python'
[0.912s] Level 1:colcon.colcon_core.package_identification:_identify(src) by extensions ['python_setup_py']
[0.913s] Level 1:colcon.colcon_core.package_identification:_identify(src) by extension 'python_setup_py'
[0.913s] Level 1:colcon.colcon_core.package_identification:_identify(src/build) by extensions ['ignore', 'ignore_ament_install']
[0.913s] Level 1:colcon.colcon_core.package_identification:_identify(src/build) by extension 'ignore'
[0.913s] Level 1:colcon.colcon_core.package_identification:_identify(src/build) ignored
[0.913s] Level 1:colcon.colcon_core.package_identification:_identify(src/install) by extensions ['ignore', 'ignore_ament_install']
[0.913s] Level 1:colcon.colcon_core.package_identification:_identify(src/install) by extension 'ignore'
[0.913s] Level 1:colcon.colcon_core.package_identification:_identify(src/install) ignored
[0.913s] Level 1:colcon.colcon_core.package_identification:_identify(src/log) by extensions ['ignore', 'ignore_ament_install']
[0.913s] Level 1:colcon.colcon_core.package_identification:_identify(src/log) by extension 'ignore'
[0.913s] Level 1:colcon.colcon_core.package_identification:_identify(src/log) ignored
[0.913s] Level 1:colcon.colcon_core.package_identification:_identify(src/pkg01_helloworld_cpp) by extensions ['ignore', 'ignore_ament_install']
[0.913s] Level 1:colcon.colcon_core.package_identification:_identify(src/pkg01_helloworld_cpp) by extension 'ignore'
[0.913s] Level 1:colcon.colcon_core.package_identification:_identify(src/pkg01_helloworld_cpp) by extension 'ignore_ament_install'
[0.913s] Level 1:colcon.colcon_core.package_identification:_identify(src/pkg01_helloworld_cpp) by extensions ['colcon_pkg']
[0.913s] Level 1:colcon.colcon_core.package_identification:_identify(src/pkg01_helloworld_cpp) by extension 'colcon_pkg'
[0.913s] Level 1:colcon.colcon_core.package_identification:_identify(src/pkg01_helloworld_cpp) by extensions ['colcon_meta']
[0.913s] Level 1:colcon.colcon_core.package_identification:_identify(src/pkg01_helloworld_cpp) by extension 'colcon_meta'
[0.913s] Level 1:colcon.colcon_core.package_identification:_identify(src/pkg01_helloworld_cpp) by extensions ['ros']
[0.913s] Level 1:colcon.colcon_core.package_identification:_identify(src/pkg01_helloworld_cpp) by extension 'ros'
[0.916s] DEBUG:colcon.colcon_core.package_identification:Package 'src/pkg01_helloworld_cpp' with type 'ros.ament_cmake' and name 'pkg01_helloworld_cpp'
[0.916s] Level 1:colcon.colcon_core.package_identification:_identify(src/pkg02_helloworld_py) by extensions ['ignore', 'ignore_ament_install']
[0.917s] Level 1:colcon.colcon_core.package_identification:_identify(src/pkg02_helloworld_py) by extension 'ignore'
[0.917s] Level 1:colcon.colcon_core.package_identification:_identify(src/pkg02_helloworld_py) by extension 'ignore_ament_install'
[0.917s] Level 1:colcon.colcon_core.package_identification:_identify(src/pkg02_helloworld_py) by extensions ['colcon_pkg']
[0.917s] Level 1:colcon.colcon_core.package_identification:_identify(src/pkg02_helloworld_py) by extension 'colcon_pkg'
[0.917s] Level 1:colcon.colcon_core.package_identification:_identify(src/pkg02_helloworld_py) by extensions ['colcon_meta']
[0.917s] Level 1:colcon.colcon_core.package_identification:_identify(src/pkg02_helloworld_py) by extension 'colcon_meta'
[0.917s] Level 1:colcon.colcon_core.package_identification:_identify(src/pkg02_helloworld_py) by extensions ['ros']
[0.917s] Level 1:colcon.colcon_core.package_identification:_identify(src/pkg02_helloworld_py) by extension 'ros'
[0.917s] DEBUG:colcon.colcon_core.package_identification:Package 'src/pkg02_helloworld_py' with type 'ros.ament_python' and name 'pkg02_helloworld_py'
[0.917s] Level 1:colcon.colcon_core.package_identification:_identify(src/pkg03_hellovscode_cpp) by extensions ['ignore', 'ignore_ament_install']
[0.918s] Level 1:colcon.colcon_core.package_identification:_identify(src/pkg03_hellovscode_cpp) by extension 'ignore'
[0.918s] Level 1:colcon.colcon_core.package_identification:_identify(src/pkg03_hellovscode_cpp) by extension 'ignore_ament_install'
[0.918s] Level 1:colcon.colcon_core.package_identification:_identify(src/pkg03_hellovscode_cpp) by extensions ['colcon_pkg']
[0.918s] Level 1:colcon.colcon_core.package_identification:_identify(src/pkg03_hellovscode_cpp) by extension 'colcon_pkg'
[0.918s] Level 1:colcon.colcon_core.package_identification:_identify(src/pkg03_hellovscode_cpp) by extensions ['colcon_meta']
[0.918s] Level 1:colcon.colcon_core.package_identification:_identify(src/pkg03_hellovscode_cpp) by extension 'colcon_meta'
[0.918s] Level 1:colcon.colcon_core.package_identification:_identify(src/pkg03_hellovscode_cpp) by extensions ['ros']
[0.918s] Level 1:colcon.colcon_core.package_identification:_identify(src/pkg03_hellovscode_cpp) by extension 'ros'
[0.918s] DEBUG:colcon.colcon_core.package_identification:Package 'src/pkg03_hellovscode_cpp' with type 'ros.ament_cmake' and name 'pkg03_hellovscode_cpp'
[0.918s] Level 1:colcon.colcon_core.package_discovery:discover_packages(recursive) using defaults
[0.918s] Level 1:colcon.colcon_core.package_discovery:discover_packages(ignore) discover
[0.918s] Level 1:colcon.colcon_core.package_discovery:discover_packages(ignore) using defaults
[0.918s] Level 1:colcon.colcon_core.package_discovery:discover_packages(path) discover
[0.918s] Level 1:colcon.colcon_core.package_discovery:discover_packages(path) using defaults
[0.973s] INFO:colcon.colcon_core.package_selection:Skipping not selected package 'pkg01_helloworld_cpp' in 'src/pkg01_helloworld_cpp'
[0.974s] INFO:colcon.colcon_core.package_selection:Skipping not selected package 'pkg02_helloworld_py' in 'src/pkg02_helloworld_py'
[0.998s] Level 1:colcon.colcon_core.package_discovery:discover_packages(prefix_path) check parameters
[0.998s] Level 1:colcon.colcon_core.package_discovery:discover_packages(prefix_path) discover
[1.023s] DEBUG:colcon.colcon_installed_package_information.package_discovery:Found 3 installed packages in /home/lhy/ws00_helloworld/install
[1.037s] DEBUG:colcon.colcon_installed_package_information.package_discovery:Found 274 installed packages in /opt/ros/humble
[1.038s] Level 1:colcon.colcon_core.package_discovery:discover_packages(prefix_path) using defaults
[1.117s] Level 5:colcon.colcon_core.verb:set package 'pkg03_hellovscode_cpp' build argument 'cmake_args' from command line to 'None'
[1.117s] Level 5:colcon.colcon_core.verb:set package 'pkg03_hellovscode_cpp' build argument 'cmake_target' from command line to 'None'
[1.117s] Level 5:colcon.colcon_core.verb:set package 'pkg03_hellovscode_cpp' build argument 'cmake_target_skip_unavailable' from command line to 'False'
[1.117s] Level 5:colcon.colcon_core.verb:set package 'pkg03_hellovscode_cpp' build argument 'cmake_clean_cache' from command line to 'False'
[1.117s] Level 5:colcon.colcon_core.verb:set package 'pkg03_hellovscode_cpp' build argument 'cmake_clean_first' from command line to 'False'
[1.117s] Level 5:colcon.colcon_core.verb:set package 'pkg03_hellovscode_cpp' build argument 'cmake_force_configure' from command line to 'False'
[1.117s] Level 5:colcon.colcon_core.verb:set package 'pkg03_hellovscode_cpp' build argument 'ament_cmake_args' from command line to 'None'
[1.117s] Level 5:colcon.colcon_core.verb:set package 'pkg03_hellovscode_cpp' build argument 'catkin_cmake_args' from command line to 'None'
[1.117s] Level 5:colcon.colcon_core.verb:set package 'pkg03_hellovscode_cpp' build argument 'catkin_skip_building_tests' from command line to 'False'
[1.117s] DEBUG:colcon.colcon_core.verb:Building package 'pkg03_hellovscode_cpp' with the following arguments: {'ament_cmake_args': None, 'build_base': '/home/lhy/ws00_helloworld/build/pkg03_hellovscode_cpp', 'catkin_cmake_args': None, 'catkin_skip_building_tests': False, 'cmake_args': None, 'cmake_clean_cache': False, 'cmake_clean_first': False, 'cmake_force_configure': False, 'cmake_target': None, 'cmake_target_skip_unavailable': False, 'install_base': '/home/lhy/ws00_helloworld/install/pkg03_hellovscode_cpp', 'merge_install': False, 'path': '/home/lhy/ws00_helloworld/src/pkg03_hellovscode_cpp', 'symlink_install': False, 'test_result_base': None}
[1.129s] INFO:colcon.colcon_core.executor:Executing jobs using 'parallel' executor
[1.142s] DEBUG:colcon.colcon_parallel_executor.executor.parallel:run_until_complete
[1.142s] INFO:colcon.colcon_ros.task.ament_cmake.build:Building ROS package in '/home/lhy/ws00_helloworld/src/pkg03_hellovscode_cpp' with build type 'ament_cmake'
[1.143s] INFO:colcon.colcon_cmake.task.cmake.build:Building CMake package in '/home/lhy/ws00_helloworld/src/pkg03_hellovscode_cpp'
[1.162s] INFO:colcon.colcon_core.plugin_system:Skipping extension 'colcon_core.shell.bat': Not used on non-Windows systems
[1.162s] INFO:colcon.colcon_core.shell:Skip shell extension 'powershell' for command environment: Not usable outside of PowerShell
[1.162s] DEBUG:colcon.colcon_core.shell:Skip shell extension 'dsv' for command environment
[1.211s] DEBUG:colcon.colcon_core.event_handler.log_command:Invoking command in '/home/lhy/ws00_helloworld/build/pkg03_hellovscode_cpp': CMAKE_PREFIX_PATH=${CMAKE_PREFIX_PATH}:/home/lhy/ws00_helloworld/install/pkg02_helloworld_py:/opt/ros/humble /usr/bin/cmake --build /home/lhy/ws00_helloworld/build/pkg03_hellovscode_cpp -- -j8 -l8
[1.280s] DEBUG:colcon.colcon_core.event_handler.log_command:Invoked command in '/home/lhy/ws00_helloworld/build/pkg03_hellovscode_cpp' returned '0': CMAKE_PREFIX_PATH=${CMAKE_PREFIX_PATH}:/home/lhy/ws00_helloworld/install/pkg02_helloworld_py:/opt/ros/humble /usr/bin/cmake --build /home/lhy/ws00_helloworld/build/pkg03_hellovscode_cpp -- -j8 -l8
[1.315s] DEBUG:colcon.colcon_core.event_handler.log_command:Invoking command in '/home/lhy/ws00_helloworld/build/pkg03_hellovscode_cpp': CMAKE_PREFIX_PATH=${CMAKE_PREFIX_PATH}:/home/lhy/ws00_helloworld/install/pkg02_helloworld_py:/opt/ros/humble /usr/bin/cmake --install /home/lhy/ws00_helloworld/build/pkg03_hellovscode_cpp
[1.325s] Level 1:colcon.colcon_core.environment:create_environment_scripts_only(pkg03_hellovscode_cpp)
[1.325s] DEBUG:colcon.colcon_core.event_handler.log_command:Invoked command in '/home/lhy/ws00_helloworld/build/pkg03_hellovscode_cpp' returned '0': CMAKE_PREFIX_PATH=${CMAKE_PREFIX_PATH}:/home/lhy/ws00_helloworld/install/pkg02_helloworld_py:/opt/ros/humble /usr/bin/cmake --install /home/lhy/ws00_helloworld/build/pkg03_hellovscode_cpp
[1.343s] Level 1:colcon.colcon_core.environment:checking '/home/lhy/ws00_helloworld/install/pkg03_hellovscode_cpp' for CMake module files
[1.344s] Level 1:colcon.colcon_core.environment:checking '/home/lhy/ws00_helloworld/install/pkg03_hellovscode_cpp' for CMake config files
[1.344s] Level 1:colcon.colcon_core.shell:create_environment_hook('pkg03_hellovscode_cpp', 'cmake_prefix_path')
[1.364s] INFO:colcon.colcon_core.shell:Creating environment hook '/home/lhy/ws00_helloworld/install/pkg03_hellovscode_cpp/share/pkg03_hellovscode_cpp/hook/cmake_prefix_path.ps1'
[1.365s] INFO:colcon.colcon_core.shell:Creating environment descriptor '/home/lhy/ws00_helloworld/install/pkg03_hellovscode_cpp/share/pkg03_hellovscode_cpp/hook/cmake_prefix_path.dsv'
[1.365s] INFO:colcon.colcon_core.shell:Creating environment hook '/home/lhy/ws00_helloworld/install/pkg03_hellovscode_cpp/share/pkg03_hellovscode_cpp/hook/cmake_prefix_path.sh'
[1.366s] Level 1:colcon.colcon_core.environment:checking '/home/lhy/ws00_helloworld/install/pkg03_hellovscode_cpp/lib'
[1.366s] Level 1:colcon.colcon_core.environment:checking '/home/lhy/ws00_helloworld/install/pkg03_hellovscode_cpp/bin'
[1.367s] Level 1:colcon.colcon_core.environment:checking '/home/lhy/ws00_helloworld/install/pkg03_hellovscode_cpp/lib/pkgconfig/pkg03_hellovscode_cpp.pc'
[1.367s] Level 1:colcon.colcon_core.environment:checking '/home/lhy/ws00_helloworld/install/pkg03_hellovscode_cpp/lib/python3.10/site-packages'
[1.367s] Level 1:colcon.colcon_core.environment:checking '/home/lhy/ws00_helloworld/install/pkg03_hellovscode_cpp/bin'
[1.382s] INFO:colcon.colcon_core.shell:Creating package script '/home/lhy/ws00_helloworld/install/pkg03_hellovscode_cpp/share/pkg03_hellovscode_cpp/package.ps1'
[1.382s] INFO:colcon.colcon_core.shell:Creating package descriptor '/home/lhy/ws00_helloworld/install/pkg03_hellovscode_cpp/share/pkg03_hellovscode_cpp/package.dsv'
[1.383s] INFO:colcon.colcon_core.shell:Creating package script '/home/lhy/ws00_helloworld/install/pkg03_hellovscode_cpp/share/pkg03_hellovscode_cpp/package.sh'
[1.383s] INFO:colcon.colcon_core.shell:Creating package script '/home/lhy/ws00_helloworld/install/pkg03_hellovscode_cpp/share/pkg03_hellovscode_cpp/package.bash'
[1.384s] INFO:colcon.colcon_core.shell:Creating package script '/home/lhy/ws00_helloworld/install/pkg03_hellovscode_cpp/share/pkg03_hellovscode_cpp/package.zsh'
[1.384s] Level 1:colcon.colcon_core.environment:create_file_with_runtime_dependencies(/home/lhy/ws00_helloworld/install/pkg03_hellovscode_cpp/share/colcon-core/packages/pkg03_hellovscode_cpp)
[1.418s] Level 1:colcon.colcon_core.environment:create_environment_scripts_only(pkg03_hellovscode_cpp)
[1.431s] Level 1:colcon.colcon_core.environment:checking '/home/lhy/ws00_helloworld/install/pkg03_hellovscode_cpp' for CMake module files
[1.431s] Level 1:colcon.colcon_core.environment:checking '/home/lhy/ws00_helloworld/install/pkg03_hellovscode_cpp' for CMake config files
[1.431s] Level 1:colcon.colcon_core.shell:create_environment_hook('pkg03_hellovscode_cpp', 'cmake_prefix_path')
[1.444s] INFO:colcon.colcon_core.shell:Creating environment hook '/home/lhy/ws00_helloworld/install/pkg03_hellovscode_cpp/share/pkg03_hellovscode_cpp/hook/cmake_prefix_path.ps1'
[1.445s] INFO:colcon.colcon_core.shell:Creating environment descriptor '/home/lhy/ws00_helloworld/install/pkg03_hellovscode_cpp/share/pkg03_hellovscode_cpp/hook/cmake_prefix_path.dsv'
[1.445s] INFO:colcon.colcon_core.shell:Creating environment hook '/home/lhy/ws00_helloworld/install/pkg03_hellovscode_cpp/share/pkg03_hellovscode_cpp/hook/cmake_prefix_path.sh'
[1.445s] Level 1:colcon.colcon_core.environment:checking '/home/lhy/ws00_helloworld/install/pkg03_hellovscode_cpp/lib'
[1.445s] Level 1:colcon.colcon_core.environment:checking '/home/lhy/ws00_helloworld/install/pkg03_hellovscode_cpp/bin'
[1.446s] Level 1:colcon.colcon_core.environment:checking '/home/lhy/ws00_helloworld/install/pkg03_hellovscode_cpp/lib/pkgconfig/pkg03_hellovscode_cpp.pc'
[1.446s] Level 1:colcon.colcon_core.environment:checking '/home/lhy/ws00_helloworld/install/pkg03_hellovscode_cpp/lib/python3.10/site-packages'
[1.446s] Level 1:colcon.colcon_core.environment:checking '/home/lhy/ws00_helloworld/install/pkg03_hellovscode_cpp/bin'
[1.464s] INFO:colcon.colcon_core.shell:Creating package script '/home/lhy/ws00_helloworld/install/pkg03_hellovscode_cpp/share/pkg03_hellovscode_cpp/package.ps1'
[1.465s] INFO:colcon.colcon_core.shell:Creating package descriptor '/home/lhy/ws00_helloworld/install/pkg03_hellovscode_cpp/share/pkg03_hellovscode_cpp/package.dsv'
[1.465s] INFO:colcon.colcon_core.shell:Creating package script '/home/lhy/ws00_helloworld/install/pkg03_hellovscode_cpp/share/pkg03_hellovscode_cpp/package.sh'
[1.466s] INFO:colcon.colcon_core.shell:Creating package script '/home/lhy/ws00_helloworld/install/pkg03_hellovscode_cpp/share/pkg03_hellovscode_cpp/package.bash'
[1.466s] INFO:colcon.colcon_core.shell:Creating package script '/home/lhy/ws00_helloworld/install/pkg03_hellovscode_cpp/share/pkg03_hellovscode_cpp/package.zsh'
[1.466s] Level 1:colcon.colcon_core.environment:create_file_with_runtime_dependencies(/home/lhy/ws00_helloworld/install/pkg03_hellovscode_cpp/share/colcon-core/packages/pkg03_hellovscode_cpp)
[1.466s] DEBUG:colcon.colcon_parallel_executor.executor.parallel:closing loop
[1.467s] DEBUG:colcon.colcon_parallel_executor.executor.parallel:loop closed
[1.467s] DEBUG:colcon.colcon_parallel_executor.executor.parallel:run_until_complete finished with '0'
[1.467s] DEBUG:colcon.colcon_core.event_reactor:joining thread
[1.493s] INFO:colcon.colcon_core.plugin_system:Skipping extension 'colcon_notification.desktop_notification.terminal_notifier': Not used on non-Darwin systems
[1.493s] INFO:colcon.colcon_core.plugin_system:Skipping extension 'colcon_notification.desktop_notification.win32': Not used on non-Windows systems
[1.493s] INFO:colcon.colcon_notification.desktop_notification:Sending desktop notification using 'notify2'
[1.506s] DEBUG:colcon.colcon_core.event_reactor:joined thread
[1.522s] INFO:colcon.colcon_core.shell:Creating prefix script '/home/lhy/ws00_helloworld/install/local_setup.ps1'
[1.522s] INFO:colcon.colcon_core.shell:Creating prefix util module '/home/lhy/ws00_helloworld/install/_local_setup_util_ps1.py'
[1.524s] INFO:colcon.colcon_core.shell:Creating prefix chain script '/home/lhy/ws00_helloworld/install/setup.ps1'
[1.538s] INFO:colcon.colcon_core.shell:Creating prefix script '/home/lhy/ws00_helloworld/install/local_setup.sh'
[1.539s] INFO:colcon.colcon_core.shell:Creating prefix util module '/home/lhy/ws00_helloworld/install/_local_setup_util_sh.py'
[1.540s] INFO:colcon.colcon_core.shell:Creating prefix chain script '/home/lhy/ws00_helloworld/install/setup.sh'
[1.554s] INFO:colcon.colcon_core.shell:Creating prefix script '/home/lhy/ws00_helloworld/install/local_setup.bash'
[1.554s] INFO:colcon.colcon_core.shell:Creating prefix chain script '/home/lhy/ws00_helloworld/install/setup.bash'
[1.581s] INFO:colcon.colcon_core.shell:Creating prefix script '/home/lhy/ws00_helloworld/install/local_setup.zsh'
[1.582s] INFO:colcon.colcon_core.shell:Creating prefix chain script '/home/lhy/ws00_helloworld/install/setup.zsh'
