[0.158s] Invoking command in '/home/lhy/ws00_helloworld/build/pkg01_helloworld_cpp': CMAKE_PREFIX_PATH=/opt/ros/humble /usr/bin/cmake --build /home/lhy/ws00_helloworld/build/pkg01_helloworld_cpp -- -j8 -l8
[0.439s] [35m[1mConsolidate compiler generated dependencies of target helloworld[0m
[0.440s] [ 50%] [32mBuilding CXX object CMakeFiles/helloworld.dir/src/helloworld.cpp.o[0m
[3.224s] [100%] [32m[1mLinking CXX executable helloworld[0m
[3.359s] [100%] Built target helloworld
[3.374s] Invoked command in '/home/lhy/ws00_helloworld/build/pkg01_helloworld_cpp' returned '0': CMAKE_PREFIX_PATH=/opt/ros/humble /usr/bin/cmake --build /home/lhy/ws00_helloworld/build/pkg01_helloworld_cpp -- -j8 -l8
[3.411s] Invoking command in '/home/lhy/ws00_helloworld/build/pkg01_helloworld_cpp': CMAKE_PREFIX_PATH=/opt/ros/humble /usr/bin/cmake --install /home/lhy/ws00_helloworld/build/pkg01_helloworld_cpp
[3.420s] -- Install configuration: ""
[3.420s] -- Installing: /home/lhy/ws00_helloworld/install/pkg01_helloworld_cpp/lib/pkg01_helloworld_cpp/helloworld
[3.421s] -- Set runtime path of "/home/lhy/ws00_helloworld/install/pkg01_helloworld_cpp/lib/pkg01_helloworld_cpp/helloworld" to ""
[3.421s] -- Up-to-date: /home/lhy/ws00_helloworld/install/pkg01_helloworld_cpp/share/ament_index/resource_index/package_run_dependencies/pkg01_helloworld_cpp
[3.421s] -- Up-to-date: /home/lhy/ws00_helloworld/install/pkg01_helloworld_cpp/share/ament_index/resource_index/parent_prefix_path/pkg01_helloworld_cpp
[3.421s] -- Up-to-date: /home/lhy/ws00_helloworld/install/pkg01_helloworld_cpp/share/pkg01_helloworld_cpp/environment/ament_prefix_path.sh
[3.421s] -- Up-to-date: /home/lhy/ws00_helloworld/install/pkg01_helloworld_cpp/share/pkg01_helloworld_cpp/environment/ament_prefix_path.dsv
[3.421s] -- Up-to-date: /home/lhy/ws00_helloworld/install/pkg01_helloworld_cpp/share/pkg01_helloworld_cpp/environment/path.sh
[3.421s] -- Up-to-date: /home/lhy/ws00_helloworld/install/pkg01_helloworld_cpp/share/pkg01_helloworld_cpp/environment/path.dsv
[3.421s] -- Up-to-date: /home/lhy/ws00_helloworld/install/pkg01_helloworld_cpp/share/pkg01_helloworld_cpp/local_setup.bash
[3.421s] -- Up-to-date: /home/lhy/ws00_helloworld/install/pkg01_helloworld_cpp/share/pkg01_helloworld_cpp/local_setup.sh
[3.421s] -- Up-to-date: /home/lhy/ws00_helloworld/install/pkg01_helloworld_cpp/share/pkg01_helloworld_cpp/local_setup.zsh
[3.422s] -- Up-to-date: /home/lhy/ws00_helloworld/install/pkg01_helloworld_cpp/share/pkg01_helloworld_cpp/local_setup.dsv
[3.422s] -- Installing: /home/lhy/ws00_helloworld/install/pkg01_helloworld_cpp/share/pkg01_helloworld_cpp/package.dsv
[3.422s] -- Up-to-date: /home/lhy/ws00_helloworld/install/pkg01_helloworld_cpp/share/ament_index/resource_index/packages/pkg01_helloworld_cpp
[3.422s] -- Up-to-date: /home/lhy/ws00_helloworld/install/pkg01_helloworld_cpp/share/pkg01_helloworld_cpp/cmake/pkg01_helloworld_cppConfig.cmake
[3.422s] -- Up-to-date: /home/lhy/ws00_helloworld/install/pkg01_helloworld_cpp/share/pkg01_helloworld_cpp/cmake/pkg01_helloworld_cppConfig-version.cmake
[3.422s] -- Up-to-date: /home/lhy/ws00_helloworld/install/pkg01_helloworld_cpp/share/pkg01_helloworld_cpp/package.xml
[3.423s] Invoked command in '/home/lhy/ws00_helloworld/build/pkg01_helloworld_cpp' returned '0': CMAKE_PREFIX_PATH=/opt/ros/humble /usr/bin/cmake --install /home/lhy/ws00_helloworld/build/pkg01_helloworld_cpp
